CRITICAL - 2022-09-08 01:14:24 --> Undefined property: App\Controllers\Backend\Product\Product::$ProjectRepository
#0 E:\OpenServerPanel\domains\ht.bds.com\app\Controllers\Backend\Product\Product.php(65): CodeIgniter\Debug\Exceptions->errorHandler(8, 'Undefined prope...', 'E:\\OpenServerPa...', 65, Array)
#1 E:\OpenServerPanel\domains\ht.bds.com\vendor\codeigniter4\framework\system\CodeIgniter.php(918): App\Controllers\Backend\Product\Product->create()
#2 E:\OpenServerPanel\domains\ht.bds.com\vendor\codeigniter4\framework\system\CodeIgniter.php(404): CodeIgniter\CodeIgniter->runController(Object(App\Controllers\Backend\Product\Product))
#3 E:\OpenServerPanel\domains\ht.bds.com\vendor\codeigniter4\framework\system\CodeIgniter.php(312): CodeIgniter\CodeIgniter->handleRequest(NULL, Object(Config\Cache), false)
#4 E:\OpenServerPanel\domains\ht.bds.com\index.php(48): CodeIgniter\CodeIgniter->run()
#5 {main}
CRITICAL - 2022-09-08 01:14:34 --> Call to a member function getAllProject() on null
#0 E:\OpenServerPanel\domains\ht.bds.com\vendor\codeigniter4\framework\system\CodeIgniter.php(918): App\Controllers\Backend\Product\Product->create()
#1 E:\OpenServerPanel\domains\ht.bds.com\vendor\codeigniter4\framework\system\CodeIgniter.php(404): CodeIgniter\CodeIgniter->runController(Object(App\Controllers\Backend\Product\Product))
#2 E:\OpenServerPanel\domains\ht.bds.com\vendor\codeigniter4\framework\system\CodeIgniter.php(312): CodeIgniter\CodeIgniter->handleRequest(NULL, Object(Config\Cache), false)
#3 E:\OpenServerPanel\domains\ht.bds.com\index.php(48): CodeIgniter\CodeIgniter->run()
#4 {main}
CRITICAL - 2022-09-08 01:14:34 --> Call to a member function getAllProject() on null
#0 E:\OpenServerPanel\domains\ht.bds.com\vendor\codeigniter4\framework\system\CodeIgniter.php(918): App\Controllers\Backend\Product\Product->create()
#1 E:\OpenServerPanel\domains\ht.bds.com\vendor\codeigniter4\framework\system\CodeIgniter.php(404): CodeIgniter\CodeIgniter->runController(Object(App\Controllers\Backend\Product\Product))
#2 E:\OpenServerPanel\domains\ht.bds.com\vendor\codeigniter4\framework\system\CodeIgniter.php(312): CodeIgniter\CodeIgniter->handleRequest(NULL, Object(Config\Cache), false)
#3 E:\OpenServerPanel\domains\ht.bds.com\index.php(48): CodeIgniter\CodeIgniter->run()
#4 {main}
CRITICAL - 2022-09-08 01:14:34 --> Call to a member function getAllProject() on null
#0 E:\OpenServerPanel\domains\ht.bds.com\vendor\codeigniter4\framework\system\CodeIgniter.php(918): App\Controllers\Backend\Product\Product->create()
#1 E:\OpenServerPanel\domains\ht.bds.com\vendor\codeigniter4\framework\system\CodeIgniter.php(404): CodeIgniter\CodeIgniter->runController(Object(App\Controllers\Backend\Product\Product))
#2 E:\OpenServerPanel\domains\ht.bds.com\vendor\codeigniter4\framework\system\CodeIgniter.php(312): CodeIgniter\CodeIgniter->handleRequest(NULL, Object(Config\Cache), false)
#3 E:\OpenServerPanel\domains\ht.bds.com\index.php(48): CodeIgniter\CodeIgniter->run()
#4 {main}
CRITICAL - 2022-09-08 01:18:36 --> Undefined variable: project
#0 E:\OpenServerPanel\domains\ht.bds.com\app\Views\backend\product\product\include\aside.php(27): CodeIgniter\Debug\Exceptions->errorHandler(8, 'Undefined varia...', 'E:\\OpenServerPa...', 27, Array)
#1 E:\OpenServerPanel\domains\ht.bds.com\vendor\codeigniter4\framework\system\View\View.php(246): include('E:\\OpenServerPa...')
#2 E:\OpenServerPanel\domains\ht.bds.com\vendor\codeigniter4\framework\system\Common.php(1119): CodeIgniter\View\View->render('backend/product...', Array, true)
#3 E:\OpenServerPanel\domains\ht.bds.com\app\Views\backend\product\product\store.php(28): view('backend/product...')
#4 E:\OpenServerPanel\domains\ht.bds.com\vendor\codeigniter4\framework\system\View\View.php(246): include('E:\\OpenServerPa...')
#5 E:\OpenServerPanel\domains\ht.bds.com\vendor\codeigniter4\framework\system\Common.php(1119): CodeIgniter\View\View->render('backend/product...', Array, true)
#6 E:\OpenServerPanel\domains\ht.bds.com\app\Helpers\mystring_helper.php(105): view('backend/product...')
#7 E:\OpenServerPanel\domains\ht.bds.com\app\Views\backend\product\product\update.php(12): view_fix('backend/product...')
#8 E:\OpenServerPanel\domains\ht.bds.com\vendor\codeigniter4\framework\system\View\View.php(246): include('E:\\OpenServerPa...')
#9 E:\OpenServerPanel\domains\ht.bds.com\vendor\codeigniter4\framework\system\Common.php(1119): CodeIgniter\View\View->render('backend/product...', Array, true)
#10 E:\OpenServerPanel\domains\ht.bds.com\app\Views\backend\dashboard\layout\home.php(44): view('backend/product...')
#11 E:\OpenServerPanel\domains\ht.bds.com\vendor\codeigniter4\framework\system\View\View.php(246): include('E:\\OpenServerPa...')
#12 E:\OpenServerPanel\domains\ht.bds.com\vendor\codeigniter4\framework\system\Common.php(1119): CodeIgniter\View\View->render('backend/dashboa...', Array, true)
#13 E:\OpenServerPanel\domains\ht.bds.com\app\Controllers\Backend\Product\Product.php(111): view('backend/dashboa...', Array)
#14 E:\OpenServerPanel\domains\ht.bds.com\vendor\codeigniter4\framework\system\CodeIgniter.php(918): App\Controllers\Backend\Product\Product->update(24)
#15 E:\OpenServerPanel\domains\ht.bds.com\vendor\codeigniter4\framework\system\CodeIgniter.php(404): CodeIgniter\CodeIgniter->runController(Object(App\Controllers\Backend\Product\Product))
#16 E:\OpenServerPanel\domains\ht.bds.com\vendor\codeigniter4\framework\system\CodeIgniter.php(312): CodeIgniter\CodeIgniter->handleRequest(NULL, Object(Config\Cache), false)
#17 E:\OpenServerPanel\domains\ht.bds.com\index.php(48): CodeIgniter\CodeIgniter->run()
#18 {main}
CRITICAL - 2022-09-08 01:18:37 --> Undefined variable: project
#0 E:\OpenServerPanel\domains\ht.bds.com\app\Views\backend\product\product\include\aside.php(27): CodeIgniter\Debug\Exceptions->errorHandler(8, 'Undefined varia...', 'E:\\OpenServerPa...', 27, Array)
#1 E:\OpenServerPanel\domains\ht.bds.com\vendor\codeigniter4\framework\system\View\View.php(246): include('E:\\OpenServerPa...')
#2 E:\OpenServerPanel\domains\ht.bds.com\vendor\codeigniter4\framework\system\Common.php(1119): CodeIgniter\View\View->render('backend/product...', Array, true)
#3 E:\OpenServerPanel\domains\ht.bds.com\app\Views\backend\product\product\store.php(28): view('backend/product...')
#4 E:\OpenServerPanel\domains\ht.bds.com\vendor\codeigniter4\framework\system\View\View.php(246): include('E:\\OpenServerPa...')
#5 E:\OpenServerPanel\domains\ht.bds.com\vendor\codeigniter4\framework\system\Common.php(1119): CodeIgniter\View\View->render('backend/product...', Array, true)
#6 E:\OpenServerPanel\domains\ht.bds.com\app\Helpers\mystring_helper.php(105): view('backend/product...')
#7 E:\OpenServerPanel\domains\ht.bds.com\app\Views\backend\product\product\update.php(12): view_fix('backend/product...')
#8 E:\OpenServerPanel\domains\ht.bds.com\vendor\codeigniter4\framework\system\View\View.php(246): include('E:\\OpenServerPa...')
#9 E:\OpenServerPanel\domains\ht.bds.com\vendor\codeigniter4\framework\system\Common.php(1119): CodeIgniter\View\View->render('backend/product...', Array, true)
#10 E:\OpenServerPanel\domains\ht.bds.com\app\Views\backend\dashboard\layout\home.php(44): view('backend/product...')
#11 E:\OpenServerPanel\domains\ht.bds.com\vendor\codeigniter4\framework\system\View\View.php(246): include('E:\\OpenServerPa...')
#12 E:\OpenServerPanel\domains\ht.bds.com\vendor\codeigniter4\framework\system\Common.php(1119): CodeIgniter\View\View->render('backend/dashboa...', Array, true)
#13 E:\OpenServerPanel\domains\ht.bds.com\app\Controllers\Backend\Product\Product.php(111): view('backend/dashboa...', Array)
#14 E:\OpenServerPanel\domains\ht.bds.com\vendor\codeigniter4\framework\system\CodeIgniter.php(918): App\Controllers\Backend\Product\Product->update(23)
#15 E:\OpenServerPanel\domains\ht.bds.com\vendor\codeigniter4\framework\system\CodeIgniter.php(404): CodeIgniter\CodeIgniter->runController(Object(App\Controllers\Backend\Product\Product))
#16 E:\OpenServerPanel\domains\ht.bds.com\vendor\codeigniter4\framework\system\CodeIgniter.php(312): CodeIgniter\CodeIgniter->handleRequest(NULL, Object(Config\Cache), false)
#17 E:\OpenServerPanel\domains\ht.bds.com\index.php(48): CodeIgniter\CodeIgniter->run()
#18 {main}
CRITICAL - 2022-09-08 01:18:38 --> Undefined variable: project
#0 E:\OpenServerPanel\domains\ht.bds.com\app\Views\backend\product\product\include\aside.php(27): CodeIgniter\Debug\Exceptions->errorHandler(8, 'Undefined varia...', 'E:\\OpenServerPa...', 27, Array)
#1 E:\OpenServerPanel\domains\ht.bds.com\vendor\codeigniter4\framework\system\View\View.php(246): include('E:\\OpenServerPa...')
#2 E:\OpenServerPanel\domains\ht.bds.com\vendor\codeigniter4\framework\system\Common.php(1119): CodeIgniter\View\View->render('backend/product...', Array, true)
#3 E:\OpenServerPanel\domains\ht.bds.com\app\Views\backend\product\product\store.php(28): view('backend/product...')
#4 E:\OpenServerPanel\domains\ht.bds.com\vendor\codeigniter4\framework\system\View\View.php(246): include('E:\\OpenServerPa...')
#5 E:\OpenServerPanel\domains\ht.bds.com\vendor\codeigniter4\framework\system\Common.php(1119): CodeIgniter\View\View->render('backend/product...', Array, true)
#6 E:\OpenServerPanel\domains\ht.bds.com\app\Helpers\mystring_helper.php(105): view('backend/product...')
#7 E:\OpenServerPanel\domains\ht.bds.com\app\Views\backend\product\product\update.php(12): view_fix('backend/product...')
#8 E:\OpenServerPanel\domains\ht.bds.com\vendor\codeigniter4\framework\system\View\View.php(246): include('E:\\OpenServerPa...')
#9 E:\OpenServerPanel\domains\ht.bds.com\vendor\codeigniter4\framework\system\Common.php(1119): CodeIgniter\View\View->render('backend/product...', Array, true)
#10 E:\OpenServerPanel\domains\ht.bds.com\app\Views\backend\dashboard\layout\home.php(44): view('backend/product...')
#11 E:\OpenServerPanel\domains\ht.bds.com\vendor\codeigniter4\framework\system\View\View.php(246): include('E:\\OpenServerPa...')
#12 E:\OpenServerPanel\domains\ht.bds.com\vendor\codeigniter4\framework\system\Common.php(1119): CodeIgniter\View\View->render('backend/dashboa...', Array, true)
#13 E:\OpenServerPanel\domains\ht.bds.com\app\Controllers\Backend\Product\Product.php(111): view('backend/dashboa...', Array)
#14 E:\OpenServerPanel\domains\ht.bds.com\vendor\codeigniter4\framework\system\CodeIgniter.php(918): App\Controllers\Backend\Product\Product->update(22)
#15 E:\OpenServerPanel\domains\ht.bds.com\vendor\codeigniter4\framework\system\CodeIgniter.php(404): CodeIgniter\CodeIgniter->runController(Object(App\Controllers\Backend\Product\Product))
#16 E:\OpenServerPanel\domains\ht.bds.com\vendor\codeigniter4\framework\system\CodeIgniter.php(312): CodeIgniter\CodeIgniter->handleRequest(NULL, Object(Config\Cache), false)
#17 E:\OpenServerPanel\domains\ht.bds.com\index.php(48): CodeIgniter\CodeIgniter->run()
#18 {main}
CRITICAL - 2022-09-08 01:18:39 --> Undefined variable: project
#0 E:\OpenServerPanel\domains\ht.bds.com\app\Views\backend\product\product\include\aside.php(27): CodeIgniter\Debug\Exceptions->errorHandler(8, 'Undefined varia...', 'E:\\OpenServerPa...', 27, Array)
#1 E:\OpenServerPanel\domains\ht.bds.com\vendor\codeigniter4\framework\system\View\View.php(246): include('E:\\OpenServerPa...')
#2 E:\OpenServerPanel\domains\ht.bds.com\vendor\codeigniter4\framework\system\Common.php(1119): CodeIgniter\View\View->render('backend/product...', Array, true)
#3 E:\OpenServerPanel\domains\ht.bds.com\app\Views\backend\product\product\store.php(28): view('backend/product...')
#4 E:\OpenServerPanel\domains\ht.bds.com\vendor\codeigniter4\framework\system\View\View.php(246): include('E:\\OpenServerPa...')
#5 E:\OpenServerPanel\domains\ht.bds.com\vendor\codeigniter4\framework\system\Common.php(1119): CodeIgniter\View\View->render('backend/product...', Array, true)
#6 E:\OpenServerPanel\domains\ht.bds.com\app\Helpers\mystring_helper.php(105): view('backend/product...')
#7 E:\OpenServerPanel\domains\ht.bds.com\app\Views\backend\product\product\update.php(12): view_fix('backend/product...')
#8 E:\OpenServerPanel\domains\ht.bds.com\vendor\codeigniter4\framework\system\View\View.php(246): include('E:\\OpenServerPa...')
#9 E:\OpenServerPanel\domains\ht.bds.com\vendor\codeigniter4\framework\system\Common.php(1119): CodeIgniter\View\View->render('backend/product...', Array, true)
#10 E:\OpenServerPanel\domains\ht.bds.com\app\Views\backend\dashboard\layout\home.php(44): view('backend/product...')
#11 E:\OpenServerPanel\domains\ht.bds.com\vendor\codeigniter4\framework\system\View\View.php(246): include('E:\\OpenServerPa...')
#12 E:\OpenServerPanel\domains\ht.bds.com\vendor\codeigniter4\framework\system\Common.php(1119): CodeIgniter\View\View->render('backend/dashboa...', Array, true)
#13 E:\OpenServerPanel\domains\ht.bds.com\app\Controllers\Backend\Product\Product.php(111): view('backend/dashboa...', Array)
#14 E:\OpenServerPanel\domains\ht.bds.com\vendor\codeigniter4\framework\system\CodeIgniter.php(918): App\Controllers\Backend\Product\Product->update(21)
#15 E:\OpenServerPanel\domains\ht.bds.com\vendor\codeigniter4\framework\system\CodeIgniter.php(404): CodeIgniter\CodeIgniter->runController(Object(App\Controllers\Backend\Product\Product))
#16 E:\OpenServerPanel\domains\ht.bds.com\vendor\codeigniter4\framework\system\CodeIgniter.php(312): CodeIgniter\CodeIgniter->handleRequest(NULL, Object(Config\Cache), false)
#17 E:\OpenServerPanel\domains\ht.bds.com\index.php(48): CodeIgniter\CodeIgniter->run()
#18 {main}
CRITICAL - 2022-09-08 01:18:39 --> Undefined variable: project
#0 E:\OpenServerPanel\domains\ht.bds.com\app\Views\backend\product\product\include\aside.php(27): CodeIgniter\Debug\Exceptions->errorHandler(8, 'Undefined varia...', 'E:\\OpenServerPa...', 27, Array)
#1 E:\OpenServerPanel\domains\ht.bds.com\vendor\codeigniter4\framework\system\View\View.php(246): include('E:\\OpenServerPa...')
#2 E:\OpenServerPanel\domains\ht.bds.com\vendor\codeigniter4\framework\system\Common.php(1119): CodeIgniter\View\View->render('backend/product...', Array, true)
#3 E:\OpenServerPanel\domains\ht.bds.com\app\Views\backend\product\product\store.php(28): view('backend/product...')
#4 E:\OpenServerPanel\domains\ht.bds.com\vendor\codeigniter4\framework\system\View\View.php(246): include('E:\\OpenServerPa...')
#5 E:\OpenServerPanel\domains\ht.bds.com\vendor\codeigniter4\framework\system\Common.php(1119): CodeIgniter\View\View->render('backend/product...', Array, true)
#6 E:\OpenServerPanel\domains\ht.bds.com\app\Helpers\mystring_helper.php(105): view('backend/product...')
#7 E:\OpenServerPanel\domains\ht.bds.com\app\Views\backend\product\product\update.php(12): view_fix('backend/product...')
#8 E:\OpenServerPanel\domains\ht.bds.com\vendor\codeigniter4\framework\system\View\View.php(246): include('E:\\OpenServerPa...')
#9 E:\OpenServerPanel\domains\ht.bds.com\vendor\codeigniter4\framework\system\Common.php(1119): CodeIgniter\View\View->render('backend/product...', Array, true)
#10 E:\OpenServerPanel\domains\ht.bds.com\app\Views\backend\dashboard\layout\home.php(44): view('backend/product...')
#11 E:\OpenServerPanel\domains\ht.bds.com\vendor\codeigniter4\framework\system\View\View.php(246): include('E:\\OpenServerPa...')
#12 E:\OpenServerPanel\domains\ht.bds.com\vendor\codeigniter4\framework\system\Common.php(1119): CodeIgniter\View\View->render('backend/dashboa...', Array, true)
#13 E:\OpenServerPanel\domains\ht.bds.com\app\Controllers\Backend\Product\Product.php(111): view('backend/dashboa...', Array)
#14 E:\OpenServerPanel\domains\ht.bds.com\vendor\codeigniter4\framework\system\CodeIgniter.php(918): App\Controllers\Backend\Product\Product->update(20)
#15 E:\OpenServerPanel\domains\ht.bds.com\vendor\codeigniter4\framework\system\CodeIgniter.php(404): CodeIgniter\CodeIgniter->runController(Object(App\Controllers\Backend\Product\Product))
#16 E:\OpenServerPanel\domains\ht.bds.com\vendor\codeigniter4\framework\system\CodeIgniter.php(312): CodeIgniter\CodeIgniter->handleRequest(NULL, Object(Config\Cache), false)
#17 E:\OpenServerPanel\domains\ht.bds.com\index.php(48): CodeIgniter\CodeIgniter->run()
#18 {main}
CRITICAL - 2022-09-08 01:18:40 --> Undefined variable: project
#0 E:\OpenServerPanel\domains\ht.bds.com\app\Views\backend\product\product\include\aside.php(27): CodeIgniter\Debug\Exceptions->errorHandler(8, 'Undefined varia...', 'E:\\OpenServerPa...', 27, Array)
#1 E:\OpenServerPanel\domains\ht.bds.com\vendor\codeigniter4\framework\system\View\View.php(246): include('E:\\OpenServerPa...')
#2 E:\OpenServerPanel\domains\ht.bds.com\vendor\codeigniter4\framework\system\Common.php(1119): CodeIgniter\View\View->render('backend/product...', Array, true)
#3 E:\OpenServerPanel\domains\ht.bds.com\app\Views\backend\product\product\store.php(28): view('backend/product...')
#4 E:\OpenServerPanel\domains\ht.bds.com\vendor\codeigniter4\framework\system\View\View.php(246): include('E:\\OpenServerPa...')
#5 E:\OpenServerPanel\domains\ht.bds.com\vendor\codeigniter4\framework\system\Common.php(1119): CodeIgniter\View\View->render('backend/product...', Array, true)
#6 E:\OpenServerPanel\domains\ht.bds.com\app\Helpers\mystring_helper.php(105): view('backend/product...')
#7 E:\OpenServerPanel\domains\ht.bds.com\app\Views\backend\product\product\update.php(12): view_fix('backend/product...')
#8 E:\OpenServerPanel\domains\ht.bds.com\vendor\codeigniter4\framework\system\View\View.php(246): include('E:\\OpenServerPa...')
#9 E:\OpenServerPanel\domains\ht.bds.com\vendor\codeigniter4\framework\system\Common.php(1119): CodeIgniter\View\View->render('backend/product...', Array, true)
#10 E:\OpenServerPanel\domains\ht.bds.com\app\Views\backend\dashboard\layout\home.php(44): view('backend/product...')
#11 E:\OpenServerPanel\domains\ht.bds.com\vendor\codeigniter4\framework\system\View\View.php(246): include('E:\\OpenServerPa...')
#12 E:\OpenServerPanel\domains\ht.bds.com\vendor\codeigniter4\framework\system\Common.php(1119): CodeIgniter\View\View->render('backend/dashboa...', Array, true)
#13 E:\OpenServerPanel\domains\ht.bds.com\app\Controllers\Backend\Product\Product.php(111): view('backend/dashboa...', Array)
#14 E:\OpenServerPanel\domains\ht.bds.com\vendor\codeigniter4\framework\system\CodeIgniter.php(918): App\Controllers\Backend\Product\Product->update(19)
#15 E:\OpenServerPanel\domains\ht.bds.com\vendor\codeigniter4\framework\system\CodeIgniter.php(404): CodeIgniter\CodeIgniter->runController(Object(App\Controllers\Backend\Product\Product))
#16 E:\OpenServerPanel\domains\ht.bds.com\vendor\codeigniter4\framework\system\CodeIgniter.php(312): CodeIgniter\CodeIgniter->handleRequest(NULL, Object(Config\Cache), false)
#17 E:\OpenServerPanel\domains\ht.bds.com\index.php(48): CodeIgniter\CodeIgniter->run()
#18 {main}
CRITICAL - 2022-09-08 01:18:40 --> Undefined variable: project
#0 E:\OpenServerPanel\domains\ht.bds.com\app\Views\backend\product\product\include\aside.php(27): CodeIgniter\Debug\Exceptions->errorHandler(8, 'Undefined varia...', 'E:\\OpenServerPa...', 27, Array)
#1 E:\OpenServerPanel\domains\ht.bds.com\vendor\codeigniter4\framework\system\View\View.php(246): include('E:\\OpenServerPa...')
#2 E:\OpenServerPanel\domains\ht.bds.com\vendor\codeigniter4\framework\system\Common.php(1119): CodeIgniter\View\View->render('backend/product...', Array, true)
#3 E:\OpenServerPanel\domains\ht.bds.com\app\Views\backend\product\product\store.php(28): view('backend/product...')
#4 E:\OpenServerPanel\domains\ht.bds.com\vendor\codeigniter4\framework\system\View\View.php(246): include('E:\\OpenServerPa...')
#5 E:\OpenServerPanel\domains\ht.bds.com\vendor\codeigniter4\framework\system\Common.php(1119): CodeIgniter\View\View->render('backend/product...', Array, true)
#6 E:\OpenServerPanel\domains\ht.bds.com\app\Helpers\mystring_helper.php(105): view('backend/product...')
#7 E:\OpenServerPanel\domains\ht.bds.com\app\Views\backend\product\product\update.php(12): view_fix('backend/product...')
#8 E:\OpenServerPanel\domains\ht.bds.com\vendor\codeigniter4\framework\system\View\View.php(246): include('E:\\OpenServerPa...')
#9 E:\OpenServerPanel\domains\ht.bds.com\vendor\codeigniter4\framework\system\Common.php(1119): CodeIgniter\View\View->render('backend/product...', Array, true)
#10 E:\OpenServerPanel\domains\ht.bds.com\app\Views\backend\dashboard\layout\home.php(44): view('backend/product...')
#11 E:\OpenServerPanel\domains\ht.bds.com\vendor\codeigniter4\framework\system\View\View.php(246): include('E:\\OpenServerPa...')
#12 E:\OpenServerPanel\domains\ht.bds.com\vendor\codeigniter4\framework\system\Common.php(1119): CodeIgniter\View\View->render('backend/dashboa...', Array, true)
#13 E:\OpenServerPanel\domains\ht.bds.com\app\Controllers\Backend\Product\Product.php(111): view('backend/dashboa...', Array)
#14 E:\OpenServerPanel\domains\ht.bds.com\vendor\codeigniter4\framework\system\CodeIgniter.php(918): App\Controllers\Backend\Product\Product->update(16)
#15 E:\OpenServerPanel\domains\ht.bds.com\vendor\codeigniter4\framework\system\CodeIgniter.php(404): CodeIgniter\CodeIgniter->runController(Object(App\Controllers\Backend\Product\Product))
#16 E:\OpenServerPanel\domains\ht.bds.com\vendor\codeigniter4\framework\system\CodeIgniter.php(312): CodeIgniter\CodeIgniter->handleRequest(NULL, Object(Config\Cache), false)
#17 E:\OpenServerPanel\domains\ht.bds.com\index.php(48): CodeIgniter\CodeIgniter->run()
#18 {main}
CRITICAL - 2022-09-08 01:18:53 --> Undefined variable: project
#0 E:\OpenServerPanel\domains\ht.bds.com\app\Views\backend\product\product\include\aside.php(27): CodeIgniter\Debug\Exceptions->errorHandler(8, 'Undefined varia...', 'E:\\OpenServerPa...', 27, Array)
#1 E:\OpenServerPanel\domains\ht.bds.com\vendor\codeigniter4\framework\system\View\View.php(246): include('E:\\OpenServerPa...')
#2 E:\OpenServerPanel\domains\ht.bds.com\vendor\codeigniter4\framework\system\Common.php(1119): CodeIgniter\View\View->render('backend/product...', Array, true)
#3 E:\OpenServerPanel\domains\ht.bds.com\app\Views\backend\product\product\store.php(28): view('backend/product...')
#4 E:\OpenServerPanel\domains\ht.bds.com\vendor\codeigniter4\framework\system\View\View.php(246): include('E:\\OpenServerPa...')
#5 E:\OpenServerPanel\domains\ht.bds.com\vendor\codeigniter4\framework\system\Common.php(1119): CodeIgniter\View\View->render('backend/product...', Array, true)
#6 E:\OpenServerPanel\domains\ht.bds.com\app\Helpers\mystring_helper.php(105): view('backend/product...')
#7 E:\OpenServerPanel\domains\ht.bds.com\app\Views\backend\product\product\update.php(12): view_fix('backend/product...')
#8 E:\OpenServerPanel\domains\ht.bds.com\vendor\codeigniter4\framework\system\View\View.php(246): include('E:\\OpenServerPa...')
#9 E:\OpenServerPanel\domains\ht.bds.com\vendor\codeigniter4\framework\system\Common.php(1119): CodeIgniter\View\View->render('backend/product...', Array, true)
#10 E:\OpenServerPanel\domains\ht.bds.com\app\Views\backend\dashboard\layout\home.php(44): view('backend/product...')
#11 E:\OpenServerPanel\domains\ht.bds.com\vendor\codeigniter4\framework\system\View\View.php(246): include('E:\\OpenServerPa...')
#12 E:\OpenServerPanel\domains\ht.bds.com\vendor\codeigniter4\framework\system\Common.php(1119): CodeIgniter\View\View->render('backend/dashboa...', Array, true)
#13 E:\OpenServerPanel\domains\ht.bds.com\app\Controllers\Backend\Product\Product.php(111): view('backend/dashboa...', Array)
#14 E:\OpenServerPanel\domains\ht.bds.com\vendor\codeigniter4\framework\system\CodeIgniter.php(918): App\Controllers\Backend\Product\Product->update(24)
#15 E:\OpenServerPanel\domains\ht.bds.com\vendor\codeigniter4\framework\system\CodeIgniter.php(404): CodeIgniter\CodeIgniter->runController(Object(App\Controllers\Backend\Product\Product))
#16 E:\OpenServerPanel\domains\ht.bds.com\vendor\codeigniter4\framework\system\CodeIgniter.php(312): CodeIgniter\CodeIgniter->handleRequest(NULL, Object(Config\Cache), false)
#17 E:\OpenServerPanel\domains\ht.bds.com\index.php(48): CodeIgniter\CodeIgniter->run()
#18 {main}
CRITICAL - 2022-09-08 01:18:54 --> Undefined variable: project
#0 E:\OpenServerPanel\domains\ht.bds.com\app\Views\backend\product\product\include\aside.php(27): CodeIgniter\Debug\Exceptions->errorHandler(8, 'Undefined varia...', 'E:\\OpenServerPa...', 27, Array)
#1 E:\OpenServerPanel\domains\ht.bds.com\vendor\codeigniter4\framework\system\View\View.php(246): include('E:\\OpenServerPa...')
#2 E:\OpenServerPanel\domains\ht.bds.com\vendor\codeigniter4\framework\system\Common.php(1119): CodeIgniter\View\View->render('backend/product...', Array, true)
#3 E:\OpenServerPanel\domains\ht.bds.com\app\Views\backend\product\product\store.php(28): view('backend/product...')
#4 E:\OpenServerPanel\domains\ht.bds.com\vendor\codeigniter4\framework\system\View\View.php(246): include('E:\\OpenServerPa...')
#5 E:\OpenServerPanel\domains\ht.bds.com\vendor\codeigniter4\framework\system\Common.php(1119): CodeIgniter\View\View->render('backend/product...', Array, true)
#6 E:\OpenServerPanel\domains\ht.bds.com\app\Helpers\mystring_helper.php(105): view('backend/product...')
#7 E:\OpenServerPanel\domains\ht.bds.com\app\Views\backend\product\product\update.php(12): view_fix('backend/product...')
#8 E:\OpenServerPanel\domains\ht.bds.com\vendor\codeigniter4\framework\system\View\View.php(246): include('E:\\OpenServerPa...')
#9 E:\OpenServerPanel\domains\ht.bds.com\vendor\codeigniter4\framework\system\Common.php(1119): CodeIgniter\View\View->render('backend/product...', Array, true)
#10 E:\OpenServerPanel\domains\ht.bds.com\app\Views\backend\dashboard\layout\home.php(44): view('backend/product...')
#11 E:\OpenServerPanel\domains\ht.bds.com\vendor\codeigniter4\framework\system\View\View.php(246): include('E:\\OpenServerPa...')
#12 E:\OpenServerPanel\domains\ht.bds.com\vendor\codeigniter4\framework\system\Common.php(1119): CodeIgniter\View\View->render('backend/dashboa...', Array, true)
#13 E:\OpenServerPanel\domains\ht.bds.com\app\Controllers\Backend\Product\Product.php(111): view('backend/dashboa...', Array)
#14 E:\OpenServerPanel\domains\ht.bds.com\vendor\codeigniter4\framework\system\CodeIgniter.php(918): App\Controllers\Backend\Product\Product->update(24)
#15 E:\OpenServerPanel\domains\ht.bds.com\vendor\codeigniter4\framework\system\CodeIgniter.php(404): CodeIgniter\CodeIgniter->runController(Object(App\Controllers\Backend\Product\Product))
#16 E:\OpenServerPanel\domains\ht.bds.com\vendor\codeigniter4\framework\system\CodeIgniter.php(312): CodeIgniter\CodeIgniter->handleRequest(NULL, Object(Config\Cache), false)
#17 E:\OpenServerPanel\domains\ht.bds.com\index.php(48): CodeIgniter\CodeIgniter->run()
#18 {main}
CRITICAL - 2022-09-08 01:19:07 --> Undefined variable: project
#0 E:\OpenServerPanel\domains\ht.bds.com\app\Views\backend\product\product\include\aside.php(27): CodeIgniter\Debug\Exceptions->errorHandler(8, 'Undefined varia...', 'E:\\OpenServerPa...', 27, Array)
#1 E:\OpenServerPanel\domains\ht.bds.com\vendor\codeigniter4\framework\system\View\View.php(246): include('E:\\OpenServerPa...')
#2 E:\OpenServerPanel\domains\ht.bds.com\vendor\codeigniter4\framework\system\Common.php(1119): CodeIgniter\View\View->render('backend/product...', Array, true)
#3 E:\OpenServerPanel\domains\ht.bds.com\app\Views\backend\product\product\store.php(28): view('backend/product...')
#4 E:\OpenServerPanel\domains\ht.bds.com\vendor\codeigniter4\framework\system\View\View.php(246): include('E:\\OpenServerPa...')
#5 E:\OpenServerPanel\domains\ht.bds.com\vendor\codeigniter4\framework\system\Common.php(1119): CodeIgniter\View\View->render('backend/product...', Array, true)
#6 E:\OpenServerPanel\domains\ht.bds.com\app\Helpers\mystring_helper.php(105): view('backend/product...')
#7 E:\OpenServerPanel\domains\ht.bds.com\app\Views\backend\product\product\update.php(12): view_fix('backend/product...')
#8 E:\OpenServerPanel\domains\ht.bds.com\vendor\codeigniter4\framework\system\View\View.php(246): include('E:\\OpenServerPa...')
#9 E:\OpenServerPanel\domains\ht.bds.com\vendor\codeigniter4\framework\system\Common.php(1119): CodeIgniter\View\View->render('backend/product...', Array, true)
#10 E:\OpenServerPanel\domains\ht.bds.com\app\Views\backend\dashboard\layout\home.php(44): view('backend/product...')
#11 E:\OpenServerPanel\domains\ht.bds.com\vendor\codeigniter4\framework\system\View\View.php(246): include('E:\\OpenServerPa...')
#12 E:\OpenServerPanel\domains\ht.bds.com\vendor\codeigniter4\framework\system\Common.php(1119): CodeIgniter\View\View->render('backend/dashboa...', Array, true)
#13 E:\OpenServerPanel\domains\ht.bds.com\app\Controllers\Backend\Product\Product.php(111): view('backend/dashboa...', Array)
#14 E:\OpenServerPanel\domains\ht.bds.com\vendor\codeigniter4\framework\system\CodeIgniter.php(918): App\Controllers\Backend\Product\Product->update(24)
#15 E:\OpenServerPanel\domains\ht.bds.com\vendor\codeigniter4\framework\system\CodeIgniter.php(404): CodeIgniter\CodeIgniter->runController(Object(App\Controllers\Backend\Product\Product))
#16 E:\OpenServerPanel\domains\ht.bds.com\vendor\codeigniter4\framework\system\CodeIgniter.php(312): CodeIgniter\CodeIgniter->handleRequest(NULL, Object(Config\Cache), false)
#17 E:\OpenServerPanel\domains\ht.bds.com\index.php(48): CodeIgniter\CodeIgniter->run()
#18 {main}
CRITICAL - 2022-09-08 01:24:39 --> syntax error, unexpected '=>' (T_DOUBLE_ARROW), expecting ']'
#0 E:\OpenServerPanel\domains\ht.bds.com\vendor\codeigniter4\framework\system\Autoloader\Autoloader.php(296): CodeIgniter\Autoloader\Autoloader->requireFile('E:\\OpenServerPa...')
#1 E:\OpenServerPanel\domains\ht.bds.com\vendor\codeigniter4\framework\system\Autoloader\Autoloader.php(258): CodeIgniter\Autoloader\Autoloader->loadInNamespace('App\\Controllers...')
#2 [internal function]: CodeIgniter\Autoloader\Autoloader->loadClass('App\\Controllers...')
#3 [internal function]: spl_autoload_call('App\\Controllers...')
#4 E:\OpenServerPanel\domains\ht.bds.com\vendor\codeigniter4\framework\system\View\Cell.php(266): class_exists('\\App\\Controller...', true)
#5 E:\OpenServerPanel\domains\ht.bds.com\vendor\codeigniter4\framework\system\View\Cell.php(110): CodeIgniter\View\Cell->determineClass('\\App\\Controller...')
#6 E:\OpenServerPanel\domains\ht.bds.com\vendor\codeigniter4\framework\system\Common.php(1140): CodeIgniter\View\Cell->render('\\App\\Controller...', 'id=16, page=1', 0, NULL)
#7 E:\OpenServerPanel\domains\ht.bds.com\app\Controllers\Frontend\Homepage\Router.php(59): view_cell('\\App\\Controller...', 'id=16, page=1')
#8 E:\OpenServerPanel\domains\ht.bds.com\vendor\codeigniter4\framework\system\CodeIgniter.php(918): App\Controllers\Frontend\Homepage\Router->index('ban-nha-goc-hai...')
#9 E:\OpenServerPanel\domains\ht.bds.com\vendor\codeigniter4\framework\system\CodeIgniter.php(404): CodeIgniter\CodeIgniter->runController(Object(App\Controllers\Frontend\Homepage\Router))
#10 E:\OpenServerPanel\domains\ht.bds.com\vendor\codeigniter4\framework\system\CodeIgniter.php(312): CodeIgniter\CodeIgniter->handleRequest(NULL, Object(Config\Cache), false)
#11 E:\OpenServerPanel\domains\ht.bds.com\index.php(48): CodeIgniter\CodeIgniter->run()
#12 {main}
CRITICAL - 2022-09-08 01:24:47 --> Illegal string offset 'city_id'
#0 E:\OpenServerPanel\domains\ht.bds.com\app\Controllers\Frontend\Product\Product.php(104): CodeIgniter\Debug\Exceptions->errorHandler(2, 'Illegal string ...', 'E:\\OpenServerPa...', 104, Array)
#1 E:\OpenServerPanel\domains\ht.bds.com\vendor\codeigniter4\framework\system\View\Cell.php(180): App\Controllers\Frontend\Product\Product->index(16, '1')
#2 E:\OpenServerPanel\domains\ht.bds.com\vendor\codeigniter4\framework\system\Common.php(1140): CodeIgniter\View\Cell->render('\\App\\Controller...', 'id=16, page=1', 0, 'AppControllersF...')
#3 E:\OpenServerPanel\domains\ht.bds.com\app\Controllers\Frontend\Homepage\Router.php(59): view_cell('\\App\\Controller...', 'id=16, page=1')
#4 E:\OpenServerPanel\domains\ht.bds.com\vendor\codeigniter4\framework\system\CodeIgniter.php(918): App\Controllers\Frontend\Homepage\Router->index('ban-nha-goc-hai...')
#5 E:\OpenServerPanel\domains\ht.bds.com\vendor\codeigniter4\framework\system\CodeIgniter.php(404): CodeIgniter\CodeIgniter->runController(Object(App\Controllers\Frontend\Homepage\Router))
#6 E:\OpenServerPanel\domains\ht.bds.com\vendor\codeigniter4\framework\system\CodeIgniter.php(312): CodeIgniter\CodeIgniter->handleRequest(NULL, Object(Config\Cache), false)
#7 E:\OpenServerPanel\domains\ht.bds.com\index.php(48): CodeIgniter\CodeIgniter->run()
#8 {main}
CRITICAL - 2022-09-08 01:24:48 --> Illegal string offset 'city_id'
#0 E:\OpenServerPanel\domains\ht.bds.com\app\Controllers\Frontend\Product\Product.php(104): CodeIgniter\Debug\Exceptions->errorHandler(2, 'Illegal string ...', 'E:\\OpenServerPa...', 104, Array)
#1 E:\OpenServerPanel\domains\ht.bds.com\vendor\codeigniter4\framework\system\View\Cell.php(180): App\Controllers\Frontend\Product\Product->index(16, '1')
#2 E:\OpenServerPanel\domains\ht.bds.com\vendor\codeigniter4\framework\system\Common.php(1140): CodeIgniter\View\Cell->render('\\App\\Controller...', 'id=16, page=1', 0, 'AppControllersF...')
#3 E:\OpenServerPanel\domains\ht.bds.com\app\Controllers\Frontend\Homepage\Router.php(59): view_cell('\\App\\Controller...', 'id=16, page=1')
#4 E:\OpenServerPanel\domains\ht.bds.com\vendor\codeigniter4\framework\system\CodeIgniter.php(918): App\Controllers\Frontend\Homepage\Router->index('ban-nha-goc-hai...')
#5 E:\OpenServerPanel\domains\ht.bds.com\vendor\codeigniter4\framework\system\CodeIgniter.php(404): CodeIgniter\CodeIgniter->runController(Object(App\Controllers\Frontend\Homepage\Router))
#6 E:\OpenServerPanel\domains\ht.bds.com\vendor\codeigniter4\framework\system\CodeIgniter.php(312): CodeIgniter\CodeIgniter->handleRequest(NULL, Object(Config\Cache), false)
#7 E:\OpenServerPanel\domains\ht.bds.com\index.php(48): CodeIgniter\CodeIgniter->run()
#8 {main}
CRITICAL - 2022-09-08 01:24:48 --> Illegal string offset 'city_id'
#0 E:\OpenServerPanel\domains\ht.bds.com\app\Controllers\Frontend\Product\Product.php(104): CodeIgniter\Debug\Exceptions->errorHandler(2, 'Illegal string ...', 'E:\\OpenServerPa...', 104, Array)
#1 E:\OpenServerPanel\domains\ht.bds.com\vendor\codeigniter4\framework\system\View\Cell.php(180): App\Controllers\Frontend\Product\Product->index(16, '1')
#2 E:\OpenServerPanel\domains\ht.bds.com\vendor\codeigniter4\framework\system\Common.php(1140): CodeIgniter\View\Cell->render('\\App\\Controller...', 'id=16, page=1', 0, 'AppControllersF...')
#3 E:\OpenServerPanel\domains\ht.bds.com\app\Controllers\Frontend\Homepage\Router.php(59): view_cell('\\App\\Controller...', 'id=16, page=1')
#4 E:\OpenServerPanel\domains\ht.bds.com\vendor\codeigniter4\framework\system\CodeIgniter.php(918): App\Controllers\Frontend\Homepage\Router->index('ban-nha-goc-hai...')
#5 E:\OpenServerPanel\domains\ht.bds.com\vendor\codeigniter4\framework\system\CodeIgniter.php(404): CodeIgniter\CodeIgniter->runController(Object(App\Controllers\Frontend\Homepage\Router))
#6 E:\OpenServerPanel\domains\ht.bds.com\vendor\codeigniter4\framework\system\CodeIgniter.php(312): CodeIgniter\CodeIgniter->handleRequest(NULL, Object(Config\Cache), false)
#7 E:\OpenServerPanel\domains\ht.bds.com\index.php(48): CodeIgniter\CodeIgniter->run()
#8 {main}
CRITICAL - 2022-09-08 01:30:39 --> syntax error, unexpected 'return' (T_RETURN)
#0 E:\OpenServerPanel\domains\ht.bds.com\app\Services\ProductService.php(32): helper(Array)
#1 E:\OpenServerPanel\domains\ht.bds.com\app\Config\Services.php(84): App\Services\ProductService->__construct(Array)
#2 E:\OpenServerPanel\domains\ht.bds.com\vendor\codeigniter4\framework\system\Config\BaseService.php(123): Config\Services::ProductService(Array, false)
#3 E:\OpenServerPanel\domains\ht.bds.com\app\Config\Services.php(81): CodeIgniter\Config\BaseService::getSharedInstance('productservice', Array)
#4 E:\OpenServerPanel\domains\ht.bds.com\vendor\codeigniter4\framework\system\Common.php(957): Config\Services::ProductService(Array)
#5 E:\OpenServerPanel\domains\ht.bds.com\app\Controllers\Backend\Product\Product.php(26): service('ProductService', Array)
#6 E:\OpenServerPanel\domains\ht.bds.com\vendor\codeigniter4\framework\system\CodeIgniter.php(890): App\Controllers\Backend\Product\Product->__construct()
#7 E:\OpenServerPanel\domains\ht.bds.com\vendor\codeigniter4\framework\system\CodeIgniter.php(399): CodeIgniter\CodeIgniter->createController()
#8 E:\OpenServerPanel\domains\ht.bds.com\vendor\codeigniter4\framework\system\CodeIgniter.php(312): CodeIgniter\CodeIgniter->handleRequest(NULL, Object(Config\Cache), false)
#9 E:\OpenServerPanel\domains\ht.bds.com\index.php(48): CodeIgniter\CodeIgniter->run()
#10 {main}
CRITICAL - 2022-09-08 01:30:40 --> syntax error, unexpected 'return' (T_RETURN)
#0 E:\OpenServerPanel\domains\ht.bds.com\app\Services\ProductService.php(32): helper(Array)
#1 E:\OpenServerPanel\domains\ht.bds.com\app\Config\Services.php(84): App\Services\ProductService->__construct(Array)
#2 E:\OpenServerPanel\domains\ht.bds.com\vendor\codeigniter4\framework\system\Config\BaseService.php(123): Config\Services::ProductService(Array, false)
#3 E:\OpenServerPanel\domains\ht.bds.com\app\Config\Services.php(81): CodeIgniter\Config\BaseService::getSharedInstance('productservice', Array)
#4 E:\OpenServerPanel\domains\ht.bds.com\vendor\codeigniter4\framework\system\Common.php(957): Config\Services::ProductService(Array)
#5 E:\OpenServerPanel\domains\ht.bds.com\app\Controllers\Backend\Product\Product.php(26): service('ProductService', Array)
#6 E:\OpenServerPanel\domains\ht.bds.com\vendor\codeigniter4\framework\system\CodeIgniter.php(890): App\Controllers\Backend\Product\Product->__construct()
#7 E:\OpenServerPanel\domains\ht.bds.com\vendor\codeigniter4\framework\system\CodeIgniter.php(399): CodeIgniter\CodeIgniter->createController()
#8 E:\OpenServerPanel\domains\ht.bds.com\vendor\codeigniter4\framework\system\CodeIgniter.php(312): CodeIgniter\CodeIgniter->handleRequest(NULL, Object(Config\Cache), false)
#9 E:\OpenServerPanel\domains\ht.bds.com\index.php(48): CodeIgniter\CodeIgniter->run()
#10 {main}
CRITICAL - 2022-09-08 01:30:40 --> syntax error, unexpected 'return' (T_RETURN)
#0 E:\OpenServerPanel\domains\ht.bds.com\app\Services\ProductService.php(32): helper(Array)
#1 E:\OpenServerPanel\domains\ht.bds.com\app\Config\Services.php(84): App\Services\ProductService->__construct(Array)
#2 E:\OpenServerPanel\domains\ht.bds.com\vendor\codeigniter4\framework\system\Config\BaseService.php(123): Config\Services::ProductService(Array, false)
#3 E:\OpenServerPanel\domains\ht.bds.com\app\Config\Services.php(81): CodeIgniter\Config\BaseService::getSharedInstance('productservice', Array)
#4 E:\OpenServerPanel\domains\ht.bds.com\vendor\codeigniter4\framework\system\Common.php(957): Config\Services::ProductService(Array)
#5 E:\OpenServerPanel\domains\ht.bds.com\app\Controllers\Backend\Product\Product.php(26): service('ProductService', Array)
#6 E:\OpenServerPanel\domains\ht.bds.com\vendor\codeigniter4\framework\system\CodeIgniter.php(890): App\Controllers\Backend\Product\Product->__construct()
#7 E:\OpenServerPanel\domains\ht.bds.com\vendor\codeigniter4\framework\system\CodeIgniter.php(399): CodeIgniter\CodeIgniter->createController()
#8 E:\OpenServerPanel\domains\ht.bds.com\vendor\codeigniter4\framework\system\CodeIgniter.php(312): CodeIgniter\CodeIgniter->handleRequest(NULL, Object(Config\Cache), false)
#9 E:\OpenServerPanel\domains\ht.bds.com\index.php(48): CodeIgniter\CodeIgniter->run()
#10 {main}
CRITICAL - 2022-09-08 01:30:41 --> syntax error, unexpected 'return' (T_RETURN)
#0 E:\OpenServerPanel\domains\ht.bds.com\app\Services\ProductService.php(32): helper(Array)
#1 E:\OpenServerPanel\domains\ht.bds.com\app\Config\Services.php(84): App\Services\ProductService->__construct(Array)
#2 E:\OpenServerPanel\domains\ht.bds.com\vendor\codeigniter4\framework\system\Config\BaseService.php(123): Config\Services::ProductService(Array, false)
#3 E:\OpenServerPanel\domains\ht.bds.com\app\Config\Services.php(81): CodeIgniter\Config\BaseService::getSharedInstance('productservice', Array)
#4 E:\OpenServerPanel\domains\ht.bds.com\vendor\codeigniter4\framework\system\Common.php(957): Config\Services::ProductService(Array)
#5 E:\OpenServerPanel\domains\ht.bds.com\app\Controllers\Backend\Product\Product.php(26): service('ProductService', Array)
#6 E:\OpenServerPanel\domains\ht.bds.com\vendor\codeigniter4\framework\system\CodeIgniter.php(890): App\Controllers\Backend\Product\Product->__construct()
#7 E:\OpenServerPanel\domains\ht.bds.com\vendor\codeigniter4\framework\system\CodeIgniter.php(399): CodeIgniter\CodeIgniter->createController()
#8 E:\OpenServerPanel\domains\ht.bds.com\vendor\codeigniter4\framework\system\CodeIgniter.php(312): CodeIgniter\CodeIgniter->handleRequest(NULL, Object(Config\Cache), false)
#9 E:\OpenServerPanel\domains\ht.bds.com\index.php(48): CodeIgniter\CodeIgniter->run()
#10 {main}
CRITICAL - 2022-09-08 01:30:53 --> Undefined index: title
#0 E:\OpenServerPanel\domains\ht.bds.com\app\Views\frontend\product\product\index.php(409): CodeIgniter\Debug\Exceptions->errorHandler(8, 'Undefined index...', 'E:\\OpenServerPa...', 409, Array)
#1 E:\OpenServerPanel\domains\ht.bds.com\vendor\codeigniter4\framework\system\View\View.php(246): include('E:\\OpenServerPa...')
#2 E:\OpenServerPanel\domains\ht.bds.com\vendor\codeigniter4\framework\system\Common.php(1119): CodeIgniter\View\View->render('frontend/produc...', Array, true)
#3 E:\OpenServerPanel\domains\ht.bds.com\app\Views\frontend\homepage\layout\home.php(43): view('frontend/produc...')
#4 E:\OpenServerPanel\domains\ht.bds.com\vendor\codeigniter4\framework\system\View\View.php(246): include('E:\\OpenServerPa...')
#5 E:\OpenServerPanel\domains\ht.bds.com\vendor\codeigniter4\framework\system\Common.php(1119): CodeIgniter\View\View->render('frontend/homepa...', Array, true)
#6 E:\OpenServerPanel\domains\ht.bds.com\app\Controllers\Frontend\Product\Product.php(107): view('frontend/homepa...', Array)
#7 E:\OpenServerPanel\domains\ht.bds.com\vendor\codeigniter4\framework\system\View\Cell.php(180): App\Controllers\Frontend\Product\Product->index(16, '1')
#8 E:\OpenServerPanel\domains\ht.bds.com\vendor\codeigniter4\framework\system\Common.php(1140): CodeIgniter\View\Cell->render('\\App\\Controller...', 'id=16, page=1', 0, 'AppControllersF...')
#9 E:\OpenServerPanel\domains\ht.bds.com\app\Controllers\Frontend\Homepage\Router.php(59): view_cell('\\App\\Controller...', 'id=16, page=1')
#10 E:\OpenServerPanel\domains\ht.bds.com\vendor\codeigniter4\framework\system\CodeIgniter.php(918): App\Controllers\Frontend\Homepage\Router->index('ban-nha-goc-hai...')
#11 E:\OpenServerPanel\domains\ht.bds.com\vendor\codeigniter4\framework\system\CodeIgniter.php(404): CodeIgniter\CodeIgniter->runController(Object(App\Controllers\Frontend\Homepage\Router))
#12 E:\OpenServerPanel\domains\ht.bds.com\vendor\codeigniter4\framework\system\CodeIgniter.php(312): CodeIgniter\CodeIgniter->handleRequest(NULL, Object(Config\Cache), false)
#13 E:\OpenServerPanel\domains\ht.bds.com\index.php(48): CodeIgniter\CodeIgniter->run()
#14 {main}
CRITICAL - 2022-09-08 01:31:09 --> Undefined index: title
#0 E:\OpenServerPanel\domains\ht.bds.com\app\Views\frontend\product\product\index.php(409): CodeIgniter\Debug\Exceptions->errorHandler(8, 'Undefined index...', 'E:\\OpenServerPa...', 409, Array)
#1 E:\OpenServerPanel\domains\ht.bds.com\vendor\codeigniter4\framework\system\View\View.php(246): include('E:\\OpenServerPa...')
#2 E:\OpenServerPanel\domains\ht.bds.com\vendor\codeigniter4\framework\system\Common.php(1119): CodeIgniter\View\View->render('frontend/produc...', Array, true)
#3 E:\OpenServerPanel\domains\ht.bds.com\app\Views\frontend\homepage\layout\home.php(43): view('frontend/produc...')
#4 E:\OpenServerPanel\domains\ht.bds.com\vendor\codeigniter4\framework\system\View\View.php(246): include('E:\\OpenServerPa...')
#5 E:\OpenServerPanel\domains\ht.bds.com\vendor\codeigniter4\framework\system\Common.php(1119): CodeIgniter\View\View->render('frontend/homepa...', Array, true)
#6 E:\OpenServerPanel\domains\ht.bds.com\app\Controllers\Frontend\Product\Product.php(107): view('frontend/homepa...', Array)
#7 E:\OpenServerPanel\domains\ht.bds.com\vendor\codeigniter4\framework\system\View\Cell.php(180): App\Controllers\Frontend\Product\Product->index(16, '1')
#8 E:\OpenServerPanel\domains\ht.bds.com\vendor\codeigniter4\framework\system\Common.php(1140): CodeIgniter\View\Cell->render('\\App\\Controller...', 'id=16, page=1', 0, 'AppControllersF...')
#9 E:\OpenServerPanel\domains\ht.bds.com\app\Controllers\Frontend\Homepage\Router.php(59): view_cell('\\App\\Controller...', 'id=16, page=1')
#10 E:\OpenServerPanel\domains\ht.bds.com\vendor\codeigniter4\framework\system\CodeIgniter.php(918): App\Controllers\Frontend\Homepage\Router->index('ban-nha-goc-hai...')
#11 E:\OpenServerPanel\domains\ht.bds.com\vendor\codeigniter4\framework\system\CodeIgniter.php(404): CodeIgniter\CodeIgniter->runController(Object(App\Controllers\Frontend\Homepage\Router))
#12 E:\OpenServerPanel\domains\ht.bds.com\vendor\codeigniter4\framework\system\CodeIgniter.php(312): CodeIgniter\CodeIgniter->handleRequest(NULL, Object(Config\Cache), false)
#13 E:\OpenServerPanel\domains\ht.bds.com\index.php(48): CodeIgniter\CodeIgniter->run()
#14 {main}
CRITICAL - 2022-09-08 01:31:10 --> Undefined index: title
#0 E:\OpenServerPanel\domains\ht.bds.com\app\Views\frontend\product\product\index.php(409): CodeIgniter\Debug\Exceptions->errorHandler(8, 'Undefined index...', 'E:\\OpenServerPa...', 409, Array)
#1 E:\OpenServerPanel\domains\ht.bds.com\vendor\codeigniter4\framework\system\View\View.php(246): include('E:\\OpenServerPa...')
#2 E:\OpenServerPanel\domains\ht.bds.com\vendor\codeigniter4\framework\system\Common.php(1119): CodeIgniter\View\View->render('frontend/produc...', Array, true)
#3 E:\OpenServerPanel\domains\ht.bds.com\app\Views\frontend\homepage\layout\home.php(43): view('frontend/produc...')
#4 E:\OpenServerPanel\domains\ht.bds.com\vendor\codeigniter4\framework\system\View\View.php(246): include('E:\\OpenServerPa...')
#5 E:\OpenServerPanel\domains\ht.bds.com\vendor\codeigniter4\framework\system\Common.php(1119): CodeIgniter\View\View->render('frontend/homepa...', Array, true)
#6 E:\OpenServerPanel\domains\ht.bds.com\app\Controllers\Frontend\Product\Product.php(107): view('frontend/homepa...', Array)
#7 E:\OpenServerPanel\domains\ht.bds.com\vendor\codeigniter4\framework\system\View\Cell.php(180): App\Controllers\Frontend\Product\Product->index(16, '1')
#8 E:\OpenServerPanel\domains\ht.bds.com\vendor\codeigniter4\framework\system\Common.php(1140): CodeIgniter\View\Cell->render('\\App\\Controller...', 'id=16, page=1', 0, 'AppControllersF...')
#9 E:\OpenServerPanel\domains\ht.bds.com\app\Controllers\Frontend\Homepage\Router.php(59): view_cell('\\App\\Controller...', 'id=16, page=1')
#10 E:\OpenServerPanel\domains\ht.bds.com\vendor\codeigniter4\framework\system\CodeIgniter.php(918): App\Controllers\Frontend\Homepage\Router->index('ban-nha-goc-hai...')
#11 E:\OpenServerPanel\domains\ht.bds.com\vendor\codeigniter4\framework\system\CodeIgniter.php(404): CodeIgniter\CodeIgniter->runController(Object(App\Controllers\Frontend\Homepage\Router))
#12 E:\OpenServerPanel\domains\ht.bds.com\vendor\codeigniter4\framework\system\CodeIgniter.php(312): CodeIgniter\CodeIgniter->handleRequest(NULL, Object(Config\Cache), false)
#13 E:\OpenServerPanel\domains\ht.bds.com\index.php(48): CodeIgniter\CodeIgniter->run()
#14 {main}
CRITICAL - 2022-09-08 01:37:03 --> Undefined variable: object
#0 E:\OpenServerPanel\domains\ht.bds.com\app\Controllers\Frontend\Product\Product.php(105): CodeIgniter\Debug\Exceptions->errorHandler(8, 'Undefined varia...', 'E:\\OpenServerPa...', 105, Array)
#1 E:\OpenServerPanel\domains\ht.bds.com\vendor\codeigniter4\framework\system\View\Cell.php(180): App\Controllers\Frontend\Product\Product->index(16, '1')
#2 E:\OpenServerPanel\domains\ht.bds.com\vendor\codeigniter4\framework\system\Common.php(1140): CodeIgniter\View\Cell->render('\\App\\Controller...', 'id=16, page=1', 0, 'AppControllersF...')
#3 E:\OpenServerPanel\domains\ht.bds.com\app\Controllers\Frontend\Homepage\Router.php(59): view_cell('\\App\\Controller...', 'id=16, page=1')
#4 E:\OpenServerPanel\domains\ht.bds.com\vendor\codeigniter4\framework\system\CodeIgniter.php(918): App\Controllers\Frontend\Homepage\Router->index('ban-nha-goc-hai...')
#5 E:\OpenServerPanel\domains\ht.bds.com\vendor\codeigniter4\framework\system\CodeIgniter.php(404): CodeIgniter\CodeIgniter->runController(Object(App\Controllers\Frontend\Homepage\Router))
#6 E:\OpenServerPanel\domains\ht.bds.com\vendor\codeigniter4\framework\system\CodeIgniter.php(312): CodeIgniter\CodeIgniter->handleRequest(NULL, Object(Config\Cache), false)
#7 E:\OpenServerPanel\domains\ht.bds.com\index.php(48): CodeIgniter\CodeIgniter->run()
#8 {main}
CRITICAL - 2022-09-08 01:40:18 --> Undefined variable: productType
#0 E:\OpenServerPanel\domains\ht.bds.com\app\Views\frontend\product\product\index.php(291): CodeIgniter\Debug\Exceptions->errorHandler(8, 'Undefined varia...', 'E:\\OpenServerPa...', 291, Array)
#1 E:\OpenServerPanel\domains\ht.bds.com\vendor\codeigniter4\framework\system\View\View.php(246): include('E:\\OpenServerPa...')
#2 E:\OpenServerPanel\domains\ht.bds.com\vendor\codeigniter4\framework\system\Common.php(1119): CodeIgniter\View\View->render('frontend/produc...', Array, true)
#3 E:\OpenServerPanel\domains\ht.bds.com\app\Views\frontend\homepage\layout\home.php(43): view('frontend/produc...')
#4 E:\OpenServerPanel\domains\ht.bds.com\vendor\codeigniter4\framework\system\View\View.php(246): include('E:\\OpenServerPa...')
#5 E:\OpenServerPanel\domains\ht.bds.com\vendor\codeigniter4\framework\system\Common.php(1119): CodeIgniter\View\View->render('frontend/homepa...', Array, true)
#6 E:\OpenServerPanel\domains\ht.bds.com\app\Controllers\Frontend\Product\Product.php(121): view('frontend/homepa...', Array)
#7 E:\OpenServerPanel\domains\ht.bds.com\vendor\codeigniter4\framework\system\View\Cell.php(180): App\Controllers\Frontend\Product\Product->index(16, '1')
#8 E:\OpenServerPanel\domains\ht.bds.com\vendor\codeigniter4\framework\system\Common.php(1140): CodeIgniter\View\Cell->render('\\App\\Controller...', 'id=16, page=1', 0, 'AppControllersF...')
#9 E:\OpenServerPanel\domains\ht.bds.com\app\Controllers\Frontend\Homepage\Router.php(59): view_cell('\\App\\Controller...', 'id=16, page=1')
#10 E:\OpenServerPanel\domains\ht.bds.com\vendor\codeigniter4\framework\system\CodeIgniter.php(918): App\Controllers\Frontend\Homepage\Router->index('ban-nha-goc-hai...')
#11 E:\OpenServerPanel\domains\ht.bds.com\vendor\codeigniter4\framework\system\CodeIgniter.php(404): CodeIgniter\CodeIgniter->runController(Object(App\Controllers\Frontend\Homepage\Router))
#12 E:\OpenServerPanel\domains\ht.bds.com\vendor\codeigniter4\framework\system\CodeIgniter.php(312): CodeIgniter\CodeIgniter->handleRequest(NULL, Object(Config\Cache), false)
#13 E:\OpenServerPanel\domains\ht.bds.com\index.php(48): CodeIgniter\CodeIgniter->run()
#14 {main}
CRITICAL - 2022-09-08 01:57:19 --> Undefined variable: object
#0 E:\OpenServerPanel\domains\ht.bds.com\app\Controllers\Frontend\Product\Product.php(120): CodeIgniter\Debug\Exceptions->errorHandler(8, 'Undefined varia...', 'E:\\OpenServerPa...', 120, Array)
#1 E:\OpenServerPanel\domains\ht.bds.com\vendor\codeigniter4\framework\system\View\Cell.php(180): App\Controllers\Frontend\Product\Product->index(16, '1')
#2 E:\OpenServerPanel\domains\ht.bds.com\vendor\codeigniter4\framework\system\Common.php(1140): CodeIgniter\View\Cell->render('\\App\\Controller...', 'id=16, page=1', 0, 'AppControllersF...')
#3 E:\OpenServerPanel\domains\ht.bds.com\app\Controllers\Frontend\Homepage\Router.php(59): view_cell('\\App\\Controller...', 'id=16, page=1')
#4 E:\OpenServerPanel\domains\ht.bds.com\vendor\codeigniter4\framework\system\CodeIgniter.php(918): App\Controllers\Frontend\Homepage\Router->index('ban-nha-goc-hai...')
#5 E:\OpenServerPanel\domains\ht.bds.com\vendor\codeigniter4\framework\system\CodeIgniter.php(404): CodeIgniter\CodeIgniter->runController(Object(App\Controllers\Frontend\Homepage\Router))
#6 E:\OpenServerPanel\domains\ht.bds.com\vendor\codeigniter4\framework\system\CodeIgniter.php(312): CodeIgniter\CodeIgniter->handleRequest(NULL, Object(Config\Cache), false)
#7 E:\OpenServerPanel\domains\ht.bds.com\index.php(48): CodeIgniter\CodeIgniter->run()
#8 {main}
CRITICAL - 2022-09-08 01:57:45 --> Undefined property: App\Controllers\Frontend\Product\Product::$object
#0 E:\OpenServerPanel\domains\ht.bds.com\app\Controllers\Frontend\Product\Product.php(120): CodeIgniter\Debug\Exceptions->errorHandler(8, 'Undefined prope...', 'E:\\OpenServerPa...', 120, Array)
#1 E:\OpenServerPanel\domains\ht.bds.com\vendor\codeigniter4\framework\system\View\Cell.php(180): App\Controllers\Frontend\Product\Product->index(16, '1')
#2 E:\OpenServerPanel\domains\ht.bds.com\vendor\codeigniter4\framework\system\Common.php(1140): CodeIgniter\View\Cell->render('\\App\\Controller...', 'id=16, page=1', 0, 'AppControllersF...')
#3 E:\OpenServerPanel\domains\ht.bds.com\app\Controllers\Frontend\Homepage\Router.php(59): view_cell('\\App\\Controller...', 'id=16, page=1')
#4 E:\OpenServerPanel\domains\ht.bds.com\vendor\codeigniter4\framework\system\CodeIgniter.php(918): App\Controllers\Frontend\Homepage\Router->index('ban-nha-goc-hai...')
#5 E:\OpenServerPanel\domains\ht.bds.com\vendor\codeigniter4\framework\system\CodeIgniter.php(404): CodeIgniter\CodeIgniter->runController(Object(App\Controllers\Frontend\Homepage\Router))
#6 E:\OpenServerPanel\domains\ht.bds.com\vendor\codeigniter4\framework\system\CodeIgniter.php(312): CodeIgniter\CodeIgniter->handleRequest(NULL, Object(Config\Cache), false)
#7 E:\OpenServerPanel\domains\ht.bds.com\index.php(48): CodeIgniter\CodeIgniter->run()
#8 {main}
CRITICAL - 2022-09-08 01:57:46 --> Undefined property: App\Controllers\Frontend\Product\Product::$object
#0 E:\OpenServerPanel\domains\ht.bds.com\app\Controllers\Frontend\Product\Product.php(120): CodeIgniter\Debug\Exceptions->errorHandler(8, 'Undefined prope...', 'E:\\OpenServerPa...', 120, Array)
#1 E:\OpenServerPanel\domains\ht.bds.com\vendor\codeigniter4\framework\system\View\Cell.php(180): App\Controllers\Frontend\Product\Product->index(16, '1')
#2 E:\OpenServerPanel\domains\ht.bds.com\vendor\codeigniter4\framework\system\Common.php(1140): CodeIgniter\View\Cell->render('\\App\\Controller...', 'id=16, page=1', 0, 'AppControllersF...')
#3 E:\OpenServerPanel\domains\ht.bds.com\app\Controllers\Frontend\Homepage\Router.php(59): view_cell('\\App\\Controller...', 'id=16, page=1')
#4 E:\OpenServerPanel\domains\ht.bds.com\vendor\codeigniter4\framework\system\CodeIgniter.php(918): App\Controllers\Frontend\Homepage\Router->index('ban-nha-goc-hai...')
#5 E:\OpenServerPanel\domains\ht.bds.com\vendor\codeigniter4\framework\system\CodeIgniter.php(404): CodeIgniter\CodeIgniter->runController(Object(App\Controllers\Frontend\Homepage\Router))
#6 E:\OpenServerPanel\domains\ht.bds.com\vendor\codeigniter4\framework\system\CodeIgniter.php(312): CodeIgniter\CodeIgniter->handleRequest(NULL, Object(Config\Cache), false)
#7 E:\OpenServerPanel\domains\ht.bds.com\index.php(48): CodeIgniter\CodeIgniter->run()
#8 {main}
CRITICAL - 2022-09-08 01:57:46 --> Undefined property: App\Controllers\Frontend\Product\Product::$object
#0 E:\OpenServerPanel\domains\ht.bds.com\app\Controllers\Frontend\Product\Product.php(120): CodeIgniter\Debug\Exceptions->errorHandler(8, 'Undefined prope...', 'E:\\OpenServerPa...', 120, Array)
#1 E:\OpenServerPanel\domains\ht.bds.com\vendor\codeigniter4\framework\system\View\Cell.php(180): App\Controllers\Frontend\Product\Product->index(16, '1')
#2 E:\OpenServerPanel\domains\ht.bds.com\vendor\codeigniter4\framework\system\Common.php(1140): CodeIgniter\View\Cell->render('\\App\\Controller...', 'id=16, page=1', 0, 'AppControllersF...')
#3 E:\OpenServerPanel\domains\ht.bds.com\app\Controllers\Frontend\Homepage\Router.php(59): view_cell('\\App\\Controller...', 'id=16, page=1')
#4 E:\OpenServerPanel\domains\ht.bds.com\vendor\codeigniter4\framework\system\CodeIgniter.php(918): App\Controllers\Frontend\Homepage\Router->index('ban-nha-goc-hai...')
#5 E:\OpenServerPanel\domains\ht.bds.com\vendor\codeigniter4\framework\system\CodeIgniter.php(404): CodeIgniter\CodeIgniter->runController(Object(App\Controllers\Frontend\Homepage\Router))
#6 E:\OpenServerPanel\domains\ht.bds.com\vendor\codeigniter4\framework\system\CodeIgniter.php(312): CodeIgniter\CodeIgniter->handleRequest(NULL, Object(Config\Cache), false)
#7 E:\OpenServerPanel\domains\ht.bds.com\index.php(48): CodeIgniter\CodeIgniter->run()
#8 {main}
CRITICAL - 2022-09-08 02:17:21 --> Undefined index: name
#0 E:\OpenServerPanel\domains\ht.bds.com\app\Views\frontend\product\product\index.php(333): CodeIgniter\Debug\Exceptions->errorHandler(8, 'Undefined index...', 'E:\\OpenServerPa...', 333, Array)
#1 E:\OpenServerPanel\domains\ht.bds.com\vendor\codeigniter4\framework\system\View\View.php(246): include('E:\\OpenServerPa...')
#2 E:\OpenServerPanel\domains\ht.bds.com\vendor\codeigniter4\framework\system\Common.php(1119): CodeIgniter\View\View->render('frontend/produc...', Array, true)
#3 E:\OpenServerPanel\domains\ht.bds.com\app\Views\frontend\homepage\layout\home.php(43): view('frontend/produc...')
#4 E:\OpenServerPanel\domains\ht.bds.com\vendor\codeigniter4\framework\system\View\View.php(246): include('E:\\OpenServerPa...')
#5 E:\OpenServerPanel\domains\ht.bds.com\vendor\codeigniter4\framework\system\Common.php(1119): CodeIgniter\View\View->render('frontend/homepa...', Array, true)
#6 E:\OpenServerPanel\domains\ht.bds.com\app\Controllers\Frontend\Product\Product.php(129): view('frontend/homepa...', Array)
#7 E:\OpenServerPanel\domains\ht.bds.com\vendor\codeigniter4\framework\system\View\Cell.php(180): App\Controllers\Frontend\Product\Product->index(16, '1')
#8 E:\OpenServerPanel\domains\ht.bds.com\vendor\codeigniter4\framework\system\Common.php(1140): CodeIgniter\View\Cell->render('\\App\\Controller...', 'id=16, page=1', 0, 'AppControllersF...')
#9 E:\OpenServerPanel\domains\ht.bds.com\app\Controllers\Frontend\Homepage\Router.php(59): view_cell('\\App\\Controller...', 'id=16, page=1')
#10 E:\OpenServerPanel\domains\ht.bds.com\vendor\codeigniter4\framework\system\CodeIgniter.php(918): App\Controllers\Frontend\Homepage\Router->index('ban-nha-goc-hai...')
#11 E:\OpenServerPanel\domains\ht.bds.com\vendor\codeigniter4\framework\system\CodeIgniter.php(404): CodeIgniter\CodeIgniter->runController(Object(App\Controllers\Frontend\Homepage\Router))
#12 E:\OpenServerPanel\domains\ht.bds.com\vendor\codeigniter4\framework\system\CodeIgniter.php(312): CodeIgniter\CodeIgniter->handleRequest(NULL, Object(Config\Cache), false)
#13 E:\OpenServerPanel\domains\ht.bds.com\index.php(48): CodeIgniter\CodeIgniter->run()
#14 {main}
