CRITICAL - 2022-06-28 02:32:44 --> Undefined index: news
#0 E:\OpenServerPanel\domains\ht.caydothi.com\app\Views\frontend\homepage\home\index.php(156): CodeIgniter\Debug\Exceptions->errorHandler(8, 'Undefined index...', 'E:\\OpenServerPa...', 156, Array)
#1 E:\OpenServerPanel\domains\ht.caydothi.com\vendor\codeigniter4\framework\system\View\View.php(246): include('E:\\OpenServerPa...')
#2 E:\OpenServerPanel\domains\ht.caydothi.com\vendor\codeigniter4\framework\system\Common.php(1119): CodeIgniter\View\View->render('frontend/homepa...', Array, true)
#3 E:\OpenServerPanel\domains\ht.caydothi.com\app\Views\frontend\homepage\layout\home.php(72): view('frontend/homepa...')
#4 E:\OpenServerPanel\domains\ht.caydothi.com\vendor\codeigniter4\framework\system\View\View.php(246): include('E:\\OpenServerPa...')
#5 E:\OpenServerPanel\domains\ht.caydothi.com\vendor\codeigniter4\framework\system\Common.php(1119): CodeIgniter\View\View->render('frontend/homepa...', Array, true)
#6 E:\OpenServerPanel\domains\ht.caydothi.com\app\Controllers\Frontend\Homepage\Home.php(101): view('frontend/homepa...', Array)
#7 E:\OpenServerPanel\domains\ht.caydothi.com\vendor\codeigniter4\framework\system\CodeIgniter.php(918): App\Controllers\Frontend\Homepage\Home->index()
#8 E:\OpenServerPanel\domains\ht.caydothi.com\vendor\codeigniter4\framework\system\CodeIgniter.php(404): CodeIgniter\CodeIgniter->runController(Object(App\Controllers\Frontend\Homepage\Home))
#9 E:\OpenServerPanel\domains\ht.caydothi.com\vendor\codeigniter4\framework\system\CodeIgniter.php(312): CodeIgniter\CodeIgniter->handleRequest(NULL, Object(Config\Cache), false)
#10 E:\OpenServerPanel\domains\ht.caydothi.com\index.php(48): CodeIgniter\CodeIgniter->run()
#11 {main}
CRITICAL - 2022-06-28 04:00:55 --> syntax error, unexpected '}'
#0 E:\OpenServerPanel\domains\ht.caydothi.com\vendor\codeigniter4\framework\system\Router\Router.php(195): CodeIgniter\Router\Router->autoRoute('frontend/homepa...')
#1 E:\OpenServerPanel\domains\ht.caydothi.com\vendor\codeigniter4\framework\system\CodeIgniter.php(793): CodeIgniter\Router\Router->handle('frontend/homepa...')
#2 E:\OpenServerPanel\domains\ht.caydothi.com\vendor\codeigniter4\framework\system\CodeIgniter.php(364): CodeIgniter\CodeIgniter->tryToRouteIt(Object(CodeIgniter\Router\RouteCollection))
#3 E:\OpenServerPanel\domains\ht.caydothi.com\vendor\codeigniter4\framework\system\CodeIgniter.php(312): CodeIgniter\CodeIgniter->handleRequest(NULL, Object(Config\Cache), false)
#4 E:\OpenServerPanel\domains\ht.caydothi.com\index.php(48): CodeIgniter\CodeIgniter->run()
#5 {main}
CRITICAL - 2022-06-28 04:03:21 --> Undefined variable: breadcrum
#0 E:\OpenServerPanel\domains\ht.caydothi.com\app\Views\frontend\product\catalogue\index.php(5): CodeIgniter\Debug\Exceptions->errorHandler(8, 'Undefined varia...', 'E:\\OpenServerPa...', 5, Array)
#1 E:\OpenServerPanel\domains\ht.caydothi.com\vendor\codeigniter4\framework\system\View\View.php(246): include('E:\\OpenServerPa...')
#2 E:\OpenServerPanel\domains\ht.caydothi.com\vendor\codeigniter4\framework\system\Common.php(1119): CodeIgniter\View\View->render('frontend/produc...', Array, true)
#3 E:\OpenServerPanel\domains\ht.caydothi.com\app\Views\frontend\homepage\layout\home.php(72): view('frontend/produc...')
#4 E:\OpenServerPanel\domains\ht.caydothi.com\vendor\codeigniter4\framework\system\View\View.php(246): include('E:\\OpenServerPa...')
#5 E:\OpenServerPanel\domains\ht.caydothi.com\vendor\codeigniter4\framework\system\Common.php(1119): CodeIgniter\View\View->render('frontend/homepa...', Array, true)
#6 E:\OpenServerPanel\domains\ht.caydothi.com\app\Controllers\Frontend\Product\Catalogue.php(216): view('frontend/homepa...', Array)
#7 E:\OpenServerPanel\domains\ht.caydothi.com\vendor\codeigniter4\framework\system\View\Cell.php(180): App\Controllers\Frontend\Product\Catalogue->index(61, 0)
#8 E:\OpenServerPanel\domains\ht.caydothi.com\vendor\codeigniter4\framework\system\Common.php(1140): CodeIgniter\View\Cell->render('\\App\\Controller...', 'id=61, page=1', 0, 'AppControllersF...')
#9 E:\OpenServerPanel\domains\ht.caydothi.com\app\Controllers\Frontend\Homepage\Router.php(59): view_cell('\\App\\Controller...', 'id=61, page=1')
#10 E:\OpenServerPanel\domains\ht.caydothi.com\vendor\codeigniter4\framework\system\CodeIgniter.php(918): App\Controllers\Frontend\Homepage\Router->index('cay-xanh-do-thi')
#11 E:\OpenServerPanel\domains\ht.caydothi.com\vendor\codeigniter4\framework\system\CodeIgniter.php(404): CodeIgniter\CodeIgniter->runController(Object(App\Controllers\Frontend\Homepage\Router))
#12 E:\OpenServerPanel\domains\ht.caydothi.com\vendor\codeigniter4\framework\system\CodeIgniter.php(312): CodeIgniter\CodeIgniter->handleRequest(NULL, Object(Config\Cache), false)
#13 E:\OpenServerPanel\domains\ht.caydothi.com\index.php(48): CodeIgniter\CodeIgniter->run()
#14 {main}
CRITICAL - 2022-06-28 04:03:25 --> Undefined variable: breadcrum
#0 E:\OpenServerPanel\domains\ht.caydothi.com\app\Views\frontend\product\catalogue\index.php(5): CodeIgniter\Debug\Exceptions->errorHandler(8, 'Undefined varia...', 'E:\\OpenServerPa...', 5, Array)
#1 E:\OpenServerPanel\domains\ht.caydothi.com\vendor\codeigniter4\framework\system\View\View.php(246): include('E:\\OpenServerPa...')
#2 E:\OpenServerPanel\domains\ht.caydothi.com\vendor\codeigniter4\framework\system\Common.php(1119): CodeIgniter\View\View->render('frontend/produc...', Array, true)
#3 E:\OpenServerPanel\domains\ht.caydothi.com\app\Views\frontend\homepage\layout\home.php(72): view('frontend/produc...')
#4 E:\OpenServerPanel\domains\ht.caydothi.com\vendor\codeigniter4\framework\system\View\View.php(246): include('E:\\OpenServerPa...')
#5 E:\OpenServerPanel\domains\ht.caydothi.com\vendor\codeigniter4\framework\system\Common.php(1119): CodeIgniter\View\View->render('frontend/homepa...', Array, true)
#6 E:\OpenServerPanel\domains\ht.caydothi.com\app\Controllers\Frontend\Product\Catalogue.php(216): view('frontend/homepa...', Array)
#7 E:\OpenServerPanel\domains\ht.caydothi.com\vendor\codeigniter4\framework\system\View\Cell.php(180): App\Controllers\Frontend\Product\Catalogue->index(61, 0)
#8 E:\OpenServerPanel\domains\ht.caydothi.com\vendor\codeigniter4\framework\system\Common.php(1140): CodeIgniter\View\Cell->render('\\App\\Controller...', 'id=61, page=1', 0, 'AppControllersF...')
#9 E:\OpenServerPanel\domains\ht.caydothi.com\app\Controllers\Frontend\Homepage\Router.php(59): view_cell('\\App\\Controller...', 'id=61, page=1')
#10 E:\OpenServerPanel\domains\ht.caydothi.com\vendor\codeigniter4\framework\system\CodeIgniter.php(918): App\Controllers\Frontend\Homepage\Router->index('cay-xanh-do-thi')
#11 E:\OpenServerPanel\domains\ht.caydothi.com\vendor\codeigniter4\framework\system\CodeIgniter.php(404): CodeIgniter\CodeIgniter->runController(Object(App\Controllers\Frontend\Homepage\Router))
#12 E:\OpenServerPanel\domains\ht.caydothi.com\vendor\codeigniter4\framework\system\CodeIgniter.php(312): CodeIgniter\CodeIgniter->handleRequest(NULL, Object(Config\Cache), false)
#13 E:\OpenServerPanel\domains\ht.caydothi.com\index.php(48): CodeIgniter\CodeIgniter->run()
#14 {main}
CRITICAL - 2022-06-28 04:03:26 --> Undefined variable: breadcrum
#0 E:\OpenServerPanel\domains\ht.caydothi.com\app\Views\frontend\product\catalogue\index.php(5): CodeIgniter\Debug\Exceptions->errorHandler(8, 'Undefined varia...', 'E:\\OpenServerPa...', 5, Array)
#1 E:\OpenServerPanel\domains\ht.caydothi.com\vendor\codeigniter4\framework\system\View\View.php(246): include('E:\\OpenServerPa...')
#2 E:\OpenServerPanel\domains\ht.caydothi.com\vendor\codeigniter4\framework\system\Common.php(1119): CodeIgniter\View\View->render('frontend/produc...', Array, true)
#3 E:\OpenServerPanel\domains\ht.caydothi.com\app\Views\frontend\homepage\layout\home.php(72): view('frontend/produc...')
#4 E:\OpenServerPanel\domains\ht.caydothi.com\vendor\codeigniter4\framework\system\View\View.php(246): include('E:\\OpenServerPa...')
#5 E:\OpenServerPanel\domains\ht.caydothi.com\vendor\codeigniter4\framework\system\Common.php(1119): CodeIgniter\View\View->render('frontend/homepa...', Array, true)
#6 E:\OpenServerPanel\domains\ht.caydothi.com\app\Controllers\Frontend\Product\Catalogue.php(216): view('frontend/homepa...', Array)
#7 E:\OpenServerPanel\domains\ht.caydothi.com\vendor\codeigniter4\framework\system\View\Cell.php(180): App\Controllers\Frontend\Product\Catalogue->index(61, 0)
#8 E:\OpenServerPanel\domains\ht.caydothi.com\vendor\codeigniter4\framework\system\Common.php(1140): CodeIgniter\View\Cell->render('\\App\\Controller...', 'id=61, page=1', 0, 'AppControllersF...')
#9 E:\OpenServerPanel\domains\ht.caydothi.com\app\Controllers\Frontend\Homepage\Router.php(59): view_cell('\\App\\Controller...', 'id=61, page=1')
#10 E:\OpenServerPanel\domains\ht.caydothi.com\vendor\codeigniter4\framework\system\CodeIgniter.php(918): App\Controllers\Frontend\Homepage\Router->index('cay-xanh-do-thi')
#11 E:\OpenServerPanel\domains\ht.caydothi.com\vendor\codeigniter4\framework\system\CodeIgniter.php(404): CodeIgniter\CodeIgniter->runController(Object(App\Controllers\Frontend\Homepage\Router))
#12 E:\OpenServerPanel\domains\ht.caydothi.com\vendor\codeigniter4\framework\system\CodeIgniter.php(312): CodeIgniter\CodeIgniter->handleRequest(NULL, Object(Config\Cache), false)
#13 E:\OpenServerPanel\domains\ht.caydothi.com\index.php(48): CodeIgniter\CodeIgniter->run()
#14 {main}
CRITICAL - 2022-06-28 04:09:13 --> Undefined index: icon
#0 E:\OpenServerPanel\domains\ht.caydothi.com\app\Views\frontend\product\catalogue\index.php(16): CodeIgniter\Debug\Exceptions->errorHandler(8, 'Undefined index...', 'E:\\OpenServerPa...', 16, Array)
#1 E:\OpenServerPanel\domains\ht.caydothi.com\vendor\codeigniter4\framework\system\View\View.php(246): include('E:\\OpenServerPa...')
#2 E:\OpenServerPanel\domains\ht.caydothi.com\vendor\codeigniter4\framework\system\Common.php(1119): CodeIgniter\View\View->render('frontend/produc...', Array, true)
#3 E:\OpenServerPanel\domains\ht.caydothi.com\app\Views\frontend\homepage\layout\home.php(72): view('frontend/produc...')
#4 E:\OpenServerPanel\domains\ht.caydothi.com\vendor\codeigniter4\framework\system\View\View.php(246): include('E:\\OpenServerPa...')
#5 E:\OpenServerPanel\domains\ht.caydothi.com\vendor\codeigniter4\framework\system\Common.php(1119): CodeIgniter\View\View->render('frontend/homepa...', Array, true)
#6 E:\OpenServerPanel\domains\ht.caydothi.com\app\Controllers\Frontend\Product\Catalogue.php(216): view('frontend/homepa...', Array)
#7 E:\OpenServerPanel\domains\ht.caydothi.com\vendor\codeigniter4\framework\system\View\Cell.php(180): App\Controllers\Frontend\Product\Catalogue->index(61, 0)
#8 E:\OpenServerPanel\domains\ht.caydothi.com\vendor\codeigniter4\framework\system\Common.php(1140): CodeIgniter\View\Cell->render('\\App\\Controller...', 'id=61, page=1', 0, 'AppControllersF...')
#9 E:\OpenServerPanel\domains\ht.caydothi.com\app\Controllers\Frontend\Homepage\Router.php(59): view_cell('\\App\\Controller...', 'id=61, page=1')
#10 E:\OpenServerPanel\domains\ht.caydothi.com\vendor\codeigniter4\framework\system\CodeIgniter.php(918): App\Controllers\Frontend\Homepage\Router->index('cay-xanh-do-thi')
#11 E:\OpenServerPanel\domains\ht.caydothi.com\vendor\codeigniter4\framework\system\CodeIgniter.php(404): CodeIgniter\CodeIgniter->runController(Object(App\Controllers\Frontend\Homepage\Router))
#12 E:\OpenServerPanel\domains\ht.caydothi.com\vendor\codeigniter4\framework\system\CodeIgniter.php(312): CodeIgniter\CodeIgniter->handleRequest(NULL, Object(Config\Cache), false)
#13 E:\OpenServerPanel\domains\ht.caydothi.com\index.php(48): CodeIgniter\CodeIgniter->run()
#14 {main}
CRITICAL - 2022-06-28 04:09:15 --> Undefined index: icon
#0 E:\OpenServerPanel\domains\ht.caydothi.com\app\Views\frontend\product\catalogue\index.php(16): CodeIgniter\Debug\Exceptions->errorHandler(8, 'Undefined index...', 'E:\\OpenServerPa...', 16, Array)
#1 E:\OpenServerPanel\domains\ht.caydothi.com\vendor\codeigniter4\framework\system\View\View.php(246): include('E:\\OpenServerPa...')
#2 E:\OpenServerPanel\domains\ht.caydothi.com\vendor\codeigniter4\framework\system\Common.php(1119): CodeIgniter\View\View->render('frontend/produc...', Array, true)
#3 E:\OpenServerPanel\domains\ht.caydothi.com\app\Views\frontend\homepage\layout\home.php(72): view('frontend/produc...')
#4 E:\OpenServerPanel\domains\ht.caydothi.com\vendor\codeigniter4\framework\system\View\View.php(246): include('E:\\OpenServerPa...')
#5 E:\OpenServerPanel\domains\ht.caydothi.com\vendor\codeigniter4\framework\system\Common.php(1119): CodeIgniter\View\View->render('frontend/homepa...', Array, true)
#6 E:\OpenServerPanel\domains\ht.caydothi.com\app\Controllers\Frontend\Product\Catalogue.php(216): view('frontend/homepa...', Array)
#7 E:\OpenServerPanel\domains\ht.caydothi.com\vendor\codeigniter4\framework\system\View\Cell.php(180): App\Controllers\Frontend\Product\Catalogue->index(61, 0)
#8 E:\OpenServerPanel\domains\ht.caydothi.com\vendor\codeigniter4\framework\system\Common.php(1140): CodeIgniter\View\Cell->render('\\App\\Controller...', 'id=61, page=1', 0, 'AppControllersF...')
#9 E:\OpenServerPanel\domains\ht.caydothi.com\app\Controllers\Frontend\Homepage\Router.php(59): view_cell('\\App\\Controller...', 'id=61, page=1')
#10 E:\OpenServerPanel\domains\ht.caydothi.com\vendor\codeigniter4\framework\system\CodeIgniter.php(918): App\Controllers\Frontend\Homepage\Router->index('cay-xanh-do-thi')
#11 E:\OpenServerPanel\domains\ht.caydothi.com\vendor\codeigniter4\framework\system\CodeIgniter.php(404): CodeIgniter\CodeIgniter->runController(Object(App\Controllers\Frontend\Homepage\Router))
#12 E:\OpenServerPanel\domains\ht.caydothi.com\vendor\codeigniter4\framework\system\CodeIgniter.php(312): CodeIgniter\CodeIgniter->handleRequest(NULL, Object(Config\Cache), false)
#13 E:\OpenServerPanel\domains\ht.caydothi.com\index.php(48): CodeIgniter\CodeIgniter->run()
#14 {main}
CRITICAL - 2022-06-28 04:09:16 --> Undefined index: icon
#0 E:\OpenServerPanel\domains\ht.caydothi.com\app\Views\frontend\product\catalogue\index.php(16): CodeIgniter\Debug\Exceptions->errorHandler(8, 'Undefined index...', 'E:\\OpenServerPa...', 16, Array)
#1 E:\OpenServerPanel\domains\ht.caydothi.com\vendor\codeigniter4\framework\system\View\View.php(246): include('E:\\OpenServerPa...')
#2 E:\OpenServerPanel\domains\ht.caydothi.com\vendor\codeigniter4\framework\system\Common.php(1119): CodeIgniter\View\View->render('frontend/produc...', Array, true)
#3 E:\OpenServerPanel\domains\ht.caydothi.com\app\Views\frontend\homepage\layout\home.php(72): view('frontend/produc...')
#4 E:\OpenServerPanel\domains\ht.caydothi.com\vendor\codeigniter4\framework\system\View\View.php(246): include('E:\\OpenServerPa...')
#5 E:\OpenServerPanel\domains\ht.caydothi.com\vendor\codeigniter4\framework\system\Common.php(1119): CodeIgniter\View\View->render('frontend/homepa...', Array, true)
#6 E:\OpenServerPanel\domains\ht.caydothi.com\app\Controllers\Frontend\Product\Catalogue.php(216): view('frontend/homepa...', Array)
#7 E:\OpenServerPanel\domains\ht.caydothi.com\vendor\codeigniter4\framework\system\View\Cell.php(180): App\Controllers\Frontend\Product\Catalogue->index(61, 0)
#8 E:\OpenServerPanel\domains\ht.caydothi.com\vendor\codeigniter4\framework\system\Common.php(1140): CodeIgniter\View\Cell->render('\\App\\Controller...', 'id=61, page=1', 0, 'AppControllersF...')
#9 E:\OpenServerPanel\domains\ht.caydothi.com\app\Controllers\Frontend\Homepage\Router.php(59): view_cell('\\App\\Controller...', 'id=61, page=1')
#10 E:\OpenServerPanel\domains\ht.caydothi.com\vendor\codeigniter4\framework\system\CodeIgniter.php(918): App\Controllers\Frontend\Homepage\Router->index('cay-xanh-do-thi')
#11 E:\OpenServerPanel\domains\ht.caydothi.com\vendor\codeigniter4\framework\system\CodeIgniter.php(404): CodeIgniter\CodeIgniter->runController(Object(App\Controllers\Frontend\Homepage\Router))
#12 E:\OpenServerPanel\domains\ht.caydothi.com\vendor\codeigniter4\framework\system\CodeIgniter.php(312): CodeIgniter\CodeIgniter->handleRequest(NULL, Object(Config\Cache), false)
#13 E:\OpenServerPanel\domains\ht.caydothi.com\index.php(48): CodeIgniter\CodeIgniter->run()
#14 {main}
CRITICAL - 2022-06-28 04:36:34 --> Call to undefined method CodeIgniter\View\View::currentLanguage()
#0 E:\OpenServerPanel\domains\ht.caydothi.com\vendor\codeigniter4\framework\system\View\View.php(246): include()
#1 E:\OpenServerPanel\domains\ht.caydothi.com\vendor\codeigniter4\framework\system\Common.php(1119): CodeIgniter\View\View->render('frontend/produc...', Array, true)
#2 E:\OpenServerPanel\domains\ht.caydothi.com\app\Views\frontend\homepage\layout\home.php(72): view('frontend/produc...')
#3 E:\OpenServerPanel\domains\ht.caydothi.com\vendor\codeigniter4\framework\system\View\View.php(246): include('E:\\OpenServerPa...')
#4 E:\OpenServerPanel\domains\ht.caydothi.com\vendor\codeigniter4\framework\system\Common.php(1119): CodeIgniter\View\View->render('frontend/homepa...', Array, true)
#5 E:\OpenServerPanel\domains\ht.caydothi.com\app\Controllers\Frontend\Product\Catalogue.php(216): view('frontend/homepa...', Array)
#6 E:\OpenServerPanel\domains\ht.caydothi.com\vendor\codeigniter4\framework\system\View\Cell.php(180): App\Controllers\Frontend\Product\Catalogue->index(61, 1)
#7 E:\OpenServerPanel\domains\ht.caydothi.com\vendor\codeigniter4\framework\system\Common.php(1140): CodeIgniter\View\Cell->render('\\App\\Controller...', 'id=61, page=2', 0, 'AppControllersF...')
#8 E:\OpenServerPanel\domains\ht.caydothi.com\app\Controllers\Frontend\Homepage\Router.php(59): view_cell('\\App\\Controller...', 'id=61, page=2')
#9 E:\OpenServerPanel\domains\ht.caydothi.com\vendor\codeigniter4\framework\system\CodeIgniter.php(918): App\Controllers\Frontend\Homepage\Router->index('cay-xanh-do-thi', '2')
#10 E:\OpenServerPanel\domains\ht.caydothi.com\vendor\codeigniter4\framework\system\CodeIgniter.php(404): CodeIgniter\CodeIgniter->runController(Object(App\Controllers\Frontend\Homepage\Router))
#11 E:\OpenServerPanel\domains\ht.caydothi.com\vendor\codeigniter4\framework\system\CodeIgniter.php(312): CodeIgniter\CodeIgniter->handleRequest(NULL, Object(Config\Cache), false)
#12 E:\OpenServerPanel\domains\ht.caydothi.com\index.php(48): CodeIgniter\CodeIgniter->run()
#13 {main}
CRITICAL - 2022-06-28 04:36:37 --> Call to undefined method CodeIgniter\View\View::currentLanguage()
#0 E:\OpenServerPanel\domains\ht.caydothi.com\vendor\codeigniter4\framework\system\View\View.php(246): include()
#1 E:\OpenServerPanel\domains\ht.caydothi.com\vendor\codeigniter4\framework\system\Common.php(1119): CodeIgniter\View\View->render('frontend/produc...', Array, true)
#2 E:\OpenServerPanel\domains\ht.caydothi.com\app\Views\frontend\homepage\layout\home.php(72): view('frontend/produc...')
#3 E:\OpenServerPanel\domains\ht.caydothi.com\vendor\codeigniter4\framework\system\View\View.php(246): include('E:\\OpenServerPa...')
#4 E:\OpenServerPanel\domains\ht.caydothi.com\vendor\codeigniter4\framework\system\Common.php(1119): CodeIgniter\View\View->render('frontend/homepa...', Array, true)
#5 E:\OpenServerPanel\domains\ht.caydothi.com\app\Controllers\Frontend\Product\Catalogue.php(216): view('frontend/homepa...', Array)
#6 E:\OpenServerPanel\domains\ht.caydothi.com\vendor\codeigniter4\framework\system\View\Cell.php(180): App\Controllers\Frontend\Product\Catalogue->index(61, 1)
#7 E:\OpenServerPanel\domains\ht.caydothi.com\vendor\codeigniter4\framework\system\Common.php(1140): CodeIgniter\View\Cell->render('\\App\\Controller...', 'id=61, page=2', 0, 'AppControllersF...')
#8 E:\OpenServerPanel\domains\ht.caydothi.com\app\Controllers\Frontend\Homepage\Router.php(59): view_cell('\\App\\Controller...', 'id=61, page=2')
#9 E:\OpenServerPanel\domains\ht.caydothi.com\vendor\codeigniter4\framework\system\CodeIgniter.php(918): App\Controllers\Frontend\Homepage\Router->index('cay-xanh-do-thi', '2')
#10 E:\OpenServerPanel\domains\ht.caydothi.com\vendor\codeigniter4\framework\system\CodeIgniter.php(404): CodeIgniter\CodeIgniter->runController(Object(App\Controllers\Frontend\Homepage\Router))
#11 E:\OpenServerPanel\domains\ht.caydothi.com\vendor\codeigniter4\framework\system\CodeIgniter.php(312): CodeIgniter\CodeIgniter->handleRequest(NULL, Object(Config\Cache), false)
#12 E:\OpenServerPanel\domains\ht.caydothi.com\index.php(48): CodeIgniter\CodeIgniter->run()
#13 {main}
CRITICAL - 2022-06-28 04:36:46 --> Call to undefined method CodeIgniter\View\View::currentLanguage()
#0 E:\OpenServerPanel\domains\ht.caydothi.com\vendor\codeigniter4\framework\system\View\View.php(246): include()
#1 E:\OpenServerPanel\domains\ht.caydothi.com\vendor\codeigniter4\framework\system\Common.php(1119): CodeIgniter\View\View->render('frontend/produc...', Array, true)
#2 E:\OpenServerPanel\domains\ht.caydothi.com\app\Views\frontend\homepage\layout\home.php(72): view('frontend/produc...')
#3 E:\OpenServerPanel\domains\ht.caydothi.com\vendor\codeigniter4\framework\system\View\View.php(246): include('E:\\OpenServerPa...')
#4 E:\OpenServerPanel\domains\ht.caydothi.com\vendor\codeigniter4\framework\system\Common.php(1119): CodeIgniter\View\View->render('frontend/homepa...', Array, true)
#5 E:\OpenServerPanel\domains\ht.caydothi.com\app\Controllers\Frontend\Product\Catalogue.php(216): view('frontend/homepa...', Array)
#6 E:\OpenServerPanel\domains\ht.caydothi.com\vendor\codeigniter4\framework\system\View\Cell.php(180): App\Controllers\Frontend\Product\Catalogue->index(61, 1)
#7 E:\OpenServerPanel\domains\ht.caydothi.com\vendor\codeigniter4\framework\system\Common.php(1140): CodeIgniter\View\Cell->render('\\App\\Controller...', 'id=61, page=2', 0, 'AppControllersF...')
#8 E:\OpenServerPanel\domains\ht.caydothi.com\app\Controllers\Frontend\Homepage\Router.php(59): view_cell('\\App\\Controller...', 'id=61, page=2')
#9 E:\OpenServerPanel\domains\ht.caydothi.com\vendor\codeigniter4\framework\system\CodeIgniter.php(918): App\Controllers\Frontend\Homepage\Router->index('cay-xanh-do-thi', '2')
#10 E:\OpenServerPanel\domains\ht.caydothi.com\vendor\codeigniter4\framework\system\CodeIgniter.php(404): CodeIgniter\CodeIgniter->runController(Object(App\Controllers\Frontend\Homepage\Router))
#11 E:\OpenServerPanel\domains\ht.caydothi.com\vendor\codeigniter4\framework\system\CodeIgniter.php(312): CodeIgniter\CodeIgniter->handleRequest(NULL, Object(Config\Cache), false)
#12 E:\OpenServerPanel\domains\ht.caydothi.com\index.php(48): CodeIgniter\CodeIgniter->run()
#13 {main}
CRITICAL - 2022-06-28 04:36:51 --> Undefined index: seller
#0 E:\OpenServerPanel\domains\ht.caydothi.com\app\Views\frontend\product\catalogue\index.php(83): CodeIgniter\Debug\Exceptions->errorHandler(8, 'Undefined index...', 'E:\\OpenServerPa...', 83, Array)
#1 E:\OpenServerPanel\domains\ht.caydothi.com\vendor\codeigniter4\framework\system\View\View.php(246): include('E:\\OpenServerPa...')
#2 E:\OpenServerPanel\domains\ht.caydothi.com\vendor\codeigniter4\framework\system\Common.php(1119): CodeIgniter\View\View->render('frontend/produc...', Array, true)
#3 E:\OpenServerPanel\domains\ht.caydothi.com\app\Views\frontend\homepage\layout\home.php(72): view('frontend/produc...')
#4 E:\OpenServerPanel\domains\ht.caydothi.com\vendor\codeigniter4\framework\system\View\View.php(246): include('E:\\OpenServerPa...')
#5 E:\OpenServerPanel\domains\ht.caydothi.com\vendor\codeigniter4\framework\system\Common.php(1119): CodeIgniter\View\View->render('frontend/homepa...', Array, true)
#6 E:\OpenServerPanel\domains\ht.caydothi.com\app\Controllers\Frontend\Product\Catalogue.php(216): view('frontend/homepa...', Array)
#7 E:\OpenServerPanel\domains\ht.caydothi.com\vendor\codeigniter4\framework\system\View\Cell.php(180): App\Controllers\Frontend\Product\Catalogue->index(61, 1)
#8 E:\OpenServerPanel\domains\ht.caydothi.com\vendor\codeigniter4\framework\system\Common.php(1140): CodeIgniter\View\Cell->render('\\App\\Controller...', 'id=61, page=2', 0, 'AppControllersF...')
#9 E:\OpenServerPanel\domains\ht.caydothi.com\app\Controllers\Frontend\Homepage\Router.php(59): view_cell('\\App\\Controller...', 'id=61, page=2')
#10 E:\OpenServerPanel\domains\ht.caydothi.com\vendor\codeigniter4\framework\system\CodeIgniter.php(918): App\Controllers\Frontend\Homepage\Router->index('cay-xanh-do-thi', '2')
#11 E:\OpenServerPanel\domains\ht.caydothi.com\vendor\codeigniter4\framework\system\CodeIgniter.php(404): CodeIgniter\CodeIgniter->runController(Object(App\Controllers\Frontend\Homepage\Router))
#12 E:\OpenServerPanel\domains\ht.caydothi.com\vendor\codeigniter4\framework\system\CodeIgniter.php(312): CodeIgniter\CodeIgniter->handleRequest(NULL, Object(Config\Cache), false)
#13 E:\OpenServerPanel\domains\ht.caydothi.com\index.php(48): CodeIgniter\CodeIgniter->run()
#14 {main}
CRITICAL - 2022-06-28 04:36:52 --> Undefined index: seller
#0 E:\OpenServerPanel\domains\ht.caydothi.com\app\Views\frontend\product\catalogue\index.php(83): CodeIgniter\Debug\Exceptions->errorHandler(8, 'Undefined index...', 'E:\\OpenServerPa...', 83, Array)
#1 E:\OpenServerPanel\domains\ht.caydothi.com\vendor\codeigniter4\framework\system\View\View.php(246): include('E:\\OpenServerPa...')
#2 E:\OpenServerPanel\domains\ht.caydothi.com\vendor\codeigniter4\framework\system\Common.php(1119): CodeIgniter\View\View->render('frontend/produc...', Array, true)
#3 E:\OpenServerPanel\domains\ht.caydothi.com\app\Views\frontend\homepage\layout\home.php(72): view('frontend/produc...')
#4 E:\OpenServerPanel\domains\ht.caydothi.com\vendor\codeigniter4\framework\system\View\View.php(246): include('E:\\OpenServerPa...')
#5 E:\OpenServerPanel\domains\ht.caydothi.com\vendor\codeigniter4\framework\system\Common.php(1119): CodeIgniter\View\View->render('frontend/homepa...', Array, true)
#6 E:\OpenServerPanel\domains\ht.caydothi.com\app\Controllers\Frontend\Product\Catalogue.php(216): view('frontend/homepa...', Array)
#7 E:\OpenServerPanel\domains\ht.caydothi.com\vendor\codeigniter4\framework\system\View\Cell.php(180): App\Controllers\Frontend\Product\Catalogue->index(61, 1)
#8 E:\OpenServerPanel\domains\ht.caydothi.com\vendor\codeigniter4\framework\system\Common.php(1140): CodeIgniter\View\Cell->render('\\App\\Controller...', 'id=61, page=2', 0, 'AppControllersF...')
#9 E:\OpenServerPanel\domains\ht.caydothi.com\app\Controllers\Frontend\Homepage\Router.php(59): view_cell('\\App\\Controller...', 'id=61, page=2')
#10 E:\OpenServerPanel\domains\ht.caydothi.com\vendor\codeigniter4\framework\system\CodeIgniter.php(918): App\Controllers\Frontend\Homepage\Router->index('cay-xanh-do-thi', '2')
#11 E:\OpenServerPanel\domains\ht.caydothi.com\vendor\codeigniter4\framework\system\CodeIgniter.php(404): CodeIgniter\CodeIgniter->runController(Object(App\Controllers\Frontend\Homepage\Router))
#12 E:\OpenServerPanel\domains\ht.caydothi.com\vendor\codeigniter4\framework\system\CodeIgniter.php(312): CodeIgniter\CodeIgniter->handleRequest(NULL, Object(Config\Cache), false)
#13 E:\OpenServerPanel\domains\ht.caydothi.com\index.php(48): CodeIgniter\CodeIgniter->run()
#14 {main}
CRITICAL - 2022-06-28 04:36:57 --> Undefined index: seller
#0 E:\OpenServerPanel\domains\ht.caydothi.com\app\Views\frontend\product\catalogue\index.php(83): CodeIgniter\Debug\Exceptions->errorHandler(8, 'Undefined index...', 'E:\\OpenServerPa...', 83, Array)
#1 E:\OpenServerPanel\domains\ht.caydothi.com\vendor\codeigniter4\framework\system\View\View.php(246): include('E:\\OpenServerPa...')
#2 E:\OpenServerPanel\domains\ht.caydothi.com\vendor\codeigniter4\framework\system\Common.php(1119): CodeIgniter\View\View->render('frontend/produc...', Array, true)
#3 E:\OpenServerPanel\domains\ht.caydothi.com\app\Views\frontend\homepage\layout\home.php(72): view('frontend/produc...')
#4 E:\OpenServerPanel\domains\ht.caydothi.com\vendor\codeigniter4\framework\system\View\View.php(246): include('E:\\OpenServerPa...')
#5 E:\OpenServerPanel\domains\ht.caydothi.com\vendor\codeigniter4\framework\system\Common.php(1119): CodeIgniter\View\View->render('frontend/homepa...', Array, true)
#6 E:\OpenServerPanel\domains\ht.caydothi.com\app\Controllers\Frontend\Product\Catalogue.php(216): view('frontend/homepa...', Array)
#7 E:\OpenServerPanel\domains\ht.caydothi.com\vendor\codeigniter4\framework\system\View\Cell.php(180): App\Controllers\Frontend\Product\Catalogue->index(61, 1)
#8 E:\OpenServerPanel\domains\ht.caydothi.com\vendor\codeigniter4\framework\system\Common.php(1140): CodeIgniter\View\Cell->render('\\App\\Controller...', 'id=61, page=2', 0, 'AppControllersF...')
#9 E:\OpenServerPanel\domains\ht.caydothi.com\app\Controllers\Frontend\Homepage\Router.php(59): view_cell('\\App\\Controller...', 'id=61, page=2')
#10 E:\OpenServerPanel\domains\ht.caydothi.com\vendor\codeigniter4\framework\system\CodeIgniter.php(918): App\Controllers\Frontend\Homepage\Router->index('cay-xanh-do-thi', '2')
#11 E:\OpenServerPanel\domains\ht.caydothi.com\vendor\codeigniter4\framework\system\CodeIgniter.php(404): CodeIgniter\CodeIgniter->runController(Object(App\Controllers\Frontend\Homepage\Router))
#12 E:\OpenServerPanel\domains\ht.caydothi.com\vendor\codeigniter4\framework\system\CodeIgniter.php(312): CodeIgniter\CodeIgniter->handleRequest(NULL, Object(Config\Cache), false)
#13 E:\OpenServerPanel\domains\ht.caydothi.com\index.php(48): CodeIgniter\CodeIgniter->run()
#14 {main}
CRITICAL - 2022-06-28 04:36:58 --> Undefined index: seller
#0 E:\OpenServerPanel\domains\ht.caydothi.com\app\Views\frontend\product\catalogue\index.php(83): CodeIgniter\Debug\Exceptions->errorHandler(8, 'Undefined index...', 'E:\\OpenServerPa...', 83, Array)
#1 E:\OpenServerPanel\domains\ht.caydothi.com\vendor\codeigniter4\framework\system\View\View.php(246): include('E:\\OpenServerPa...')
#2 E:\OpenServerPanel\domains\ht.caydothi.com\vendor\codeigniter4\framework\system\Common.php(1119): CodeIgniter\View\View->render('frontend/produc...', Array, true)
#3 E:\OpenServerPanel\domains\ht.caydothi.com\app\Views\frontend\homepage\layout\home.php(72): view('frontend/produc...')
#4 E:\OpenServerPanel\domains\ht.caydothi.com\vendor\codeigniter4\framework\system\View\View.php(246): include('E:\\OpenServerPa...')
#5 E:\OpenServerPanel\domains\ht.caydothi.com\vendor\codeigniter4\framework\system\Common.php(1119): CodeIgniter\View\View->render('frontend/homepa...', Array, true)
#6 E:\OpenServerPanel\domains\ht.caydothi.com\app\Controllers\Frontend\Product\Catalogue.php(216): view('frontend/homepa...', Array)
#7 E:\OpenServerPanel\domains\ht.caydothi.com\vendor\codeigniter4\framework\system\View\Cell.php(180): App\Controllers\Frontend\Product\Catalogue->index(61, 1)
#8 E:\OpenServerPanel\domains\ht.caydothi.com\vendor\codeigniter4\framework\system\Common.php(1140): CodeIgniter\View\Cell->render('\\App\\Controller...', 'id=61, page=2', 0, 'AppControllersF...')
#9 E:\OpenServerPanel\domains\ht.caydothi.com\app\Controllers\Frontend\Homepage\Router.php(59): view_cell('\\App\\Controller...', 'id=61, page=2')
#10 E:\OpenServerPanel\domains\ht.caydothi.com\vendor\codeigniter4\framework\system\CodeIgniter.php(918): App\Controllers\Frontend\Homepage\Router->index('cay-xanh-do-thi', '2')
#11 E:\OpenServerPanel\domains\ht.caydothi.com\vendor\codeigniter4\framework\system\CodeIgniter.php(404): CodeIgniter\CodeIgniter->runController(Object(App\Controllers\Frontend\Homepage\Router))
#12 E:\OpenServerPanel\domains\ht.caydothi.com\vendor\codeigniter4\framework\system\CodeIgniter.php(312): CodeIgniter\CodeIgniter->handleRequest(NULL, Object(Config\Cache), false)
#13 E:\OpenServerPanel\domains\ht.caydothi.com\index.php(48): CodeIgniter\CodeIgniter->run()
#14 {main}
CRITICAL - 2022-06-28 04:56:06 --> syntax error, unexpected ';', expecting ']'
#0 E:\OpenServerPanel\domains\ht.caydothi.com\vendor\codeigniter4\framework\system\Router\Router.php(195): CodeIgniter\Router\Router->autoRoute('frontend/homepa...')
#1 E:\OpenServerPanel\domains\ht.caydothi.com\vendor\codeigniter4\framework\system\CodeIgniter.php(793): CodeIgniter\Router\Router->handle('frontend/homepa...')
#2 E:\OpenServerPanel\domains\ht.caydothi.com\vendor\codeigniter4\framework\system\CodeIgniter.php(364): CodeIgniter\CodeIgniter->tryToRouteIt(Object(CodeIgniter\Router\RouteCollection))
#3 E:\OpenServerPanel\domains\ht.caydothi.com\vendor\codeigniter4\framework\system\CodeIgniter.php(312): CodeIgniter\CodeIgniter->handleRequest(NULL, Object(Config\Cache), false)
#4 E:\OpenServerPanel\domains\ht.caydothi.com\index.php(48): CodeIgniter\CodeIgniter->run()
#5 {main}
CRITICAL - 2022-06-28 04:56:11 --> Unknown column 'description' in 'field list'
#0 E:\OpenServerPanel\domains\ht.caydothi.com\vendor\codeigniter4\framework\system\Database\MySQLi\Connection.php(331): mysqli->query('UPDATE `product...')
#1 E:\OpenServerPanel\domains\ht.caydothi.com\vendor\codeigniter4\framework\system\Database\BaseConnection.php(741): CodeIgniter\Database\MySQLi\Connection->execute('UPDATE `product...')
#2 E:\OpenServerPanel\domains\ht.caydothi.com\vendor\codeigniter4\framework\system\Database\BaseConnection.php(669): CodeIgniter\Database\BaseConnection->simpleQuery('UPDATE `product...')
#3 E:\OpenServerPanel\domains\ht.caydothi.com\vendor\codeigniter4\framework\system\Database\BaseBuilder.php(2456): CodeIgniter\Database\BaseConnection->query('UPDATE `product...', Array, false)
#4 E:\OpenServerPanel\domains\ht.caydothi.com\app\Models\AutoloadModel.php(105): CodeIgniter\Database\BaseBuilder->update(Array)
#5 E:\OpenServerPanel\domains\ht.caydothi.com\app\Controllers\Frontend\Homepage\Home.php(61): App\Models\AutoloadModel->_update(Array)
#6 E:\OpenServerPanel\domains\ht.caydothi.com\vendor\codeigniter4\framework\system\CodeIgniter.php(918): App\Controllers\Frontend\Homepage\Home->crawler()
#7 E:\OpenServerPanel\domains\ht.caydothi.com\vendor\codeigniter4\framework\system\CodeIgniter.php(404): CodeIgniter\CodeIgniter->runController(Object(App\Controllers\Frontend\Homepage\Home))
#8 E:\OpenServerPanel\domains\ht.caydothi.com\vendor\codeigniter4\framework\system\CodeIgniter.php(312): CodeIgniter\CodeIgniter->handleRequest(NULL, Object(Config\Cache), false)
#9 E:\OpenServerPanel\domains\ht.caydothi.com\index.php(48): CodeIgniter\CodeIgniter->run()
#10 {main}
CRITICAL - 2022-06-28 04:56:31 --> Unknown column 'description' in 'field list'
#0 E:\OpenServerPanel\domains\ht.caydothi.com\vendor\codeigniter4\framework\system\Database\MySQLi\Connection.php(331): mysqli->query('UPDATE `product...')
#1 E:\OpenServerPanel\domains\ht.caydothi.com\vendor\codeigniter4\framework\system\Database\BaseConnection.php(741): CodeIgniter\Database\MySQLi\Connection->execute('UPDATE `product...')
#2 E:\OpenServerPanel\domains\ht.caydothi.com\vendor\codeigniter4\framework\system\Database\BaseConnection.php(669): CodeIgniter\Database\BaseConnection->simpleQuery('UPDATE `product...')
#3 E:\OpenServerPanel\domains\ht.caydothi.com\vendor\codeigniter4\framework\system\Database\BaseBuilder.php(2456): CodeIgniter\Database\BaseConnection->query('UPDATE `product...', Array, false)
#4 E:\OpenServerPanel\domains\ht.caydothi.com\app\Models\AutoloadModel.php(105): CodeIgniter\Database\BaseBuilder->update(Array)
#5 E:\OpenServerPanel\domains\ht.caydothi.com\app\Controllers\Frontend\Homepage\Home.php(61): App\Models\AutoloadModel->_update(Array)
#6 E:\OpenServerPanel\domains\ht.caydothi.com\vendor\codeigniter4\framework\system\CodeIgniter.php(918): App\Controllers\Frontend\Homepage\Home->crawler()
#7 E:\OpenServerPanel\domains\ht.caydothi.com\vendor\codeigniter4\framework\system\CodeIgniter.php(404): CodeIgniter\CodeIgniter->runController(Object(App\Controllers\Frontend\Homepage\Home))
#8 E:\OpenServerPanel\domains\ht.caydothi.com\vendor\codeigniter4\framework\system\CodeIgniter.php(312): CodeIgniter\CodeIgniter->handleRequest(NULL, Object(Config\Cache), false)
#9 E:\OpenServerPanel\domains\ht.caydothi.com\index.php(48): CodeIgniter\CodeIgniter->run()
#10 {main}
CRITICAL - 2022-06-28 04:58:46 --> Array to string conversion
#0 E:\OpenServerPanel\domains\ht.caydothi.com\app\Views\frontend\product\product\index.php(72): CodeIgniter\Debug\Exceptions->errorHandler(8, 'Array to string...', 'E:\\OpenServerPa...', 72, Array)
#1 E:\OpenServerPanel\domains\ht.caydothi.com\vendor\codeigniter4\framework\system\View\View.php(246): include('E:\\OpenServerPa...')
#2 E:\OpenServerPanel\domains\ht.caydothi.com\vendor\codeigniter4\framework\system\Common.php(1119): CodeIgniter\View\View->render('frontend/produc...', Array, true)
#3 E:\OpenServerPanel\domains\ht.caydothi.com\app\Views\frontend\homepage\layout\home.php(72): view('frontend/produc...')
#4 E:\OpenServerPanel\domains\ht.caydothi.com\vendor\codeigniter4\framework\system\View\View.php(246): include('E:\\OpenServerPa...')
#5 E:\OpenServerPanel\domains\ht.caydothi.com\vendor\codeigniter4\framework\system\Common.php(1119): CodeIgniter\View\View->render('frontend/homepa...', Array, true)
#6 E:\OpenServerPanel\domains\ht.caydothi.com\app\Controllers\Frontend\Product\Product.php(127): view('frontend/homepa...', Array)
#7 E:\OpenServerPanel\domains\ht.caydothi.com\vendor\codeigniter4\framework\system\View\Cell.php(180): App\Controllers\Frontend\Product\Product->index(Array, '1')
#8 E:\OpenServerPanel\domains\ht.caydothi.com\vendor\codeigniter4\framework\system\Common.php(1140): CodeIgniter\View\Cell->render('\\App\\Controller...', 'id=246, page=1', 0, 'AppControllersF...')
#9 E:\OpenServerPanel\domains\ht.caydothi.com\app\Controllers\Frontend\Homepage\Router.php(59): view_cell('\\App\\Controller...', 'id=246, page=1')
#10 E:\OpenServerPanel\domains\ht.caydothi.com\vendor\codeigniter4\framework\system\CodeIgniter.php(918): App\Controllers\Frontend\Homepage\Router->index('cay-hoa-hong')
#11 E:\OpenServerPanel\domains\ht.caydothi.com\vendor\codeigniter4\framework\system\CodeIgniter.php(404): CodeIgniter\CodeIgniter->runController(Object(App\Controllers\Frontend\Homepage\Router))
#12 E:\OpenServerPanel\domains\ht.caydothi.com\vendor\codeigniter4\framework\system\CodeIgniter.php(312): CodeIgniter\CodeIgniter->handleRequest(NULL, Object(Config\Cache), false)
#13 E:\OpenServerPanel\domains\ht.caydothi.com\index.php(48): CodeIgniter\CodeIgniter->run()
#14 {main}
CRITICAL - 2022-06-28 04:58:55 --> Array to string conversion
#0 E:\OpenServerPanel\domains\ht.caydothi.com\app\Views\frontend\product\product\index.php(72): CodeIgniter\Debug\Exceptions->errorHandler(8, 'Array to string...', 'E:\\OpenServerPa...', 72, Array)
#1 E:\OpenServerPanel\domains\ht.caydothi.com\vendor\codeigniter4\framework\system\View\View.php(246): include('E:\\OpenServerPa...')
#2 E:\OpenServerPanel\domains\ht.caydothi.com\vendor\codeigniter4\framework\system\Common.php(1119): CodeIgniter\View\View->render('frontend/produc...', Array, true)
#3 E:\OpenServerPanel\domains\ht.caydothi.com\app\Views\frontend\homepage\layout\home.php(72): view('frontend/produc...')
#4 E:\OpenServerPanel\domains\ht.caydothi.com\vendor\codeigniter4\framework\system\View\View.php(246): include('E:\\OpenServerPa...')
#5 E:\OpenServerPanel\domains\ht.caydothi.com\vendor\codeigniter4\framework\system\Common.php(1119): CodeIgniter\View\View->render('frontend/homepa...', Array, true)
#6 E:\OpenServerPanel\domains\ht.caydothi.com\app\Controllers\Frontend\Product\Product.php(127): view('frontend/homepa...', Array)
#7 E:\OpenServerPanel\domains\ht.caydothi.com\vendor\codeigniter4\framework\system\View\Cell.php(180): App\Controllers\Frontend\Product\Product->index(Array, '1')
#8 E:\OpenServerPanel\domains\ht.caydothi.com\vendor\codeigniter4\framework\system\Common.php(1140): CodeIgniter\View\Cell->render('\\App\\Controller...', 'id=246, page=1', 0, 'AppControllersF...')
#9 E:\OpenServerPanel\domains\ht.caydothi.com\app\Controllers\Frontend\Homepage\Router.php(59): view_cell('\\App\\Controller...', 'id=246, page=1')
#10 E:\OpenServerPanel\domains\ht.caydothi.com\vendor\codeigniter4\framework\system\CodeIgniter.php(918): App\Controllers\Frontend\Homepage\Router->index('cay-hoa-hong')
#11 E:\OpenServerPanel\domains\ht.caydothi.com\vendor\codeigniter4\framework\system\CodeIgniter.php(404): CodeIgniter\CodeIgniter->runController(Object(App\Controllers\Frontend\Homepage\Router))
#12 E:\OpenServerPanel\domains\ht.caydothi.com\vendor\codeigniter4\framework\system\CodeIgniter.php(312): CodeIgniter\CodeIgniter->handleRequest(NULL, Object(Config\Cache), false)
#13 E:\OpenServerPanel\domains\ht.caydothi.com\index.php(48): CodeIgniter\CodeIgniter->run()
#14 {main}
CRITICAL - 2022-06-28 04:58:57 --> Array to string conversion
#0 E:\OpenServerPanel\domains\ht.caydothi.com\app\Views\frontend\product\product\index.php(72): CodeIgniter\Debug\Exceptions->errorHandler(8, 'Array to string...', 'E:\\OpenServerPa...', 72, Array)
#1 E:\OpenServerPanel\domains\ht.caydothi.com\vendor\codeigniter4\framework\system\View\View.php(246): include('E:\\OpenServerPa...')
#2 E:\OpenServerPanel\domains\ht.caydothi.com\vendor\codeigniter4\framework\system\Common.php(1119): CodeIgniter\View\View->render('frontend/produc...', Array, true)
#3 E:\OpenServerPanel\domains\ht.caydothi.com\app\Views\frontend\homepage\layout\home.php(72): view('frontend/produc...')
#4 E:\OpenServerPanel\domains\ht.caydothi.com\vendor\codeigniter4\framework\system\View\View.php(246): include('E:\\OpenServerPa...')
#5 E:\OpenServerPanel\domains\ht.caydothi.com\vendor\codeigniter4\framework\system\Common.php(1119): CodeIgniter\View\View->render('frontend/homepa...', Array, true)
#6 E:\OpenServerPanel\domains\ht.caydothi.com\app\Controllers\Frontend\Product\Product.php(127): view('frontend/homepa...', Array)
#7 E:\OpenServerPanel\domains\ht.caydothi.com\vendor\codeigniter4\framework\system\View\Cell.php(180): App\Controllers\Frontend\Product\Product->index(Array, '1')
#8 E:\OpenServerPanel\domains\ht.caydothi.com\vendor\codeigniter4\framework\system\Common.php(1140): CodeIgniter\View\Cell->render('\\App\\Controller...', 'id=246, page=1', 0, 'AppControllersF...')
#9 E:\OpenServerPanel\domains\ht.caydothi.com\app\Controllers\Frontend\Homepage\Router.php(59): view_cell('\\App\\Controller...', 'id=246, page=1')
#10 E:\OpenServerPanel\domains\ht.caydothi.com\vendor\codeigniter4\framework\system\CodeIgniter.php(918): App\Controllers\Frontend\Homepage\Router->index('cay-hoa-hong')
#11 E:\OpenServerPanel\domains\ht.caydothi.com\vendor\codeigniter4\framework\system\CodeIgniter.php(404): CodeIgniter\CodeIgniter->runController(Object(App\Controllers\Frontend\Homepage\Router))
#12 E:\OpenServerPanel\domains\ht.caydothi.com\vendor\codeigniter4\framework\system\CodeIgniter.php(312): CodeIgniter\CodeIgniter->handleRequest(NULL, Object(Config\Cache), false)
#13 E:\OpenServerPanel\domains\ht.caydothi.com\index.php(48): CodeIgniter\CodeIgniter->run()
#14 {main}
CRITICAL - 2022-06-28 04:59:00 --> Array to string conversion
#0 E:\OpenServerPanel\domains\ht.caydothi.com\app\Views\frontend\product\product\index.php(72): CodeIgniter\Debug\Exceptions->errorHandler(8, 'Array to string...', 'E:\\OpenServerPa...', 72, Array)
#1 E:\OpenServerPanel\domains\ht.caydothi.com\vendor\codeigniter4\framework\system\View\View.php(246): include('E:\\OpenServerPa...')
#2 E:\OpenServerPanel\domains\ht.caydothi.com\vendor\codeigniter4\framework\system\Common.php(1119): CodeIgniter\View\View->render('frontend/produc...', Array, true)
#3 E:\OpenServerPanel\domains\ht.caydothi.com\app\Views\frontend\homepage\layout\home.php(72): view('frontend/produc...')
#4 E:\OpenServerPanel\domains\ht.caydothi.com\vendor\codeigniter4\framework\system\View\View.php(246): include('E:\\OpenServerPa...')
#5 E:\OpenServerPanel\domains\ht.caydothi.com\vendor\codeigniter4\framework\system\Common.php(1119): CodeIgniter\View\View->render('frontend/homepa...', Array, true)
#6 E:\OpenServerPanel\domains\ht.caydothi.com\app\Controllers\Frontend\Product\Product.php(127): view('frontend/homepa...', Array)
#7 E:\OpenServerPanel\domains\ht.caydothi.com\vendor\codeigniter4\framework\system\View\Cell.php(180): App\Controllers\Frontend\Product\Product->index(Array, '1')
#8 E:\OpenServerPanel\domains\ht.caydothi.com\vendor\codeigniter4\framework\system\Common.php(1140): CodeIgniter\View\Cell->render('\\App\\Controller...', 'id=246, page=1', 0, 'AppControllersF...')
#9 E:\OpenServerPanel\domains\ht.caydothi.com\app\Controllers\Frontend\Homepage\Router.php(59): view_cell('\\App\\Controller...', 'id=246, page=1')
#10 E:\OpenServerPanel\domains\ht.caydothi.com\vendor\codeigniter4\framework\system\CodeIgniter.php(918): App\Controllers\Frontend\Homepage\Router->index('cay-hoa-hong')
#11 E:\OpenServerPanel\domains\ht.caydothi.com\vendor\codeigniter4\framework\system\CodeIgniter.php(404): CodeIgniter\CodeIgniter->runController(Object(App\Controllers\Frontend\Homepage\Router))
#12 E:\OpenServerPanel\domains\ht.caydothi.com\vendor\codeigniter4\framework\system\CodeIgniter.php(312): CodeIgniter\CodeIgniter->handleRequest(NULL, Object(Config\Cache), false)
#13 E:\OpenServerPanel\domains\ht.caydothi.com\index.php(48): CodeIgniter\CodeIgniter->run()
#14 {main}
CRITICAL - 2022-06-28 08:18:09 --> Undefined variable: owlInit
#0 E:\OpenServerPanel\domains\ht.caydothi.com\app\Views\frontend\article\article\index.php(34): CodeIgniter\Debug\Exceptions->errorHandler(8, 'Undefined varia...', 'E:\\OpenServerPa...', 34, Array)
#1 E:\OpenServerPanel\domains\ht.caydothi.com\vendor\codeigniter4\framework\system\View\View.php(246): include('E:\\OpenServerPa...')
#2 E:\OpenServerPanel\domains\ht.caydothi.com\vendor\codeigniter4\framework\system\Common.php(1119): CodeIgniter\View\View->render('frontend/articl...', Array, true)
#3 E:\OpenServerPanel\domains\ht.caydothi.com\app\Views\frontend\homepage\layout\home.php(72): view('frontend/articl...')
#4 E:\OpenServerPanel\domains\ht.caydothi.com\vendor\codeigniter4\framework\system\View\View.php(246): include('E:\\OpenServerPa...')
#5 E:\OpenServerPanel\domains\ht.caydothi.com\vendor\codeigniter4\framework\system\Common.php(1119): CodeIgniter\View\View->render('frontend/homepa...', Array, true)
#6 E:\OpenServerPanel\domains\ht.caydothi.com\app\Controllers\Frontend\Article\Article.php(278): view('frontend/homepa...', Array)
#7 E:\OpenServerPanel\domains\ht.caydothi.com\vendor\codeigniter4\framework\system\View\Cell.php(180): App\Controllers\Frontend\Article\Article->index(300, '1')
#8 E:\OpenServerPanel\domains\ht.caydothi.com\vendor\codeigniter4\framework\system\Common.php(1140): CodeIgniter\View\Cell->render('\\App\\Controller...', 'id=300, page=1', 0, 'AppControllersF...')
#9 E:\OpenServerPanel\domains\ht.caydothi.com\app\Controllers\Frontend\Homepage\Router.php(59): view_cell('\\App\\Controller...', 'id=300, page=1')
#10 E:\OpenServerPanel\domains\ht.caydothi.com\vendor\codeigniter4\framework\system\CodeIgniter.php(918): App\Controllers\Frontend\Homepage\Router->index('top-5-cay-trong...')
#11 E:\OpenServerPanel\domains\ht.caydothi.com\vendor\codeigniter4\framework\system\CodeIgniter.php(404): CodeIgniter\CodeIgniter->runController(Object(App\Controllers\Frontend\Homepage\Router))
#12 E:\OpenServerPanel\domains\ht.caydothi.com\vendor\codeigniter4\framework\system\CodeIgniter.php(312): CodeIgniter\CodeIgniter->handleRequest(NULL, Object(Config\Cache), false)
#13 E:\OpenServerPanel\domains\ht.caydothi.com\index.php(48): CodeIgniter\CodeIgniter->run()
#14 {main}
CRITICAL - 2022-06-28 08:18:20 --> Undefined variable: owlInit
#0 E:\OpenServerPanel\domains\ht.caydothi.com\app\Views\frontend\article\article\index.php(34): CodeIgniter\Debug\Exceptions->errorHandler(8, 'Undefined varia...', 'E:\\OpenServerPa...', 34, Array)
#1 E:\OpenServerPanel\domains\ht.caydothi.com\vendor\codeigniter4\framework\system\View\View.php(246): include('E:\\OpenServerPa...')
#2 E:\OpenServerPanel\domains\ht.caydothi.com\vendor\codeigniter4\framework\system\Common.php(1119): CodeIgniter\View\View->render('frontend/articl...', Array, true)
#3 E:\OpenServerPanel\domains\ht.caydothi.com\app\Views\frontend\homepage\layout\home.php(72): view('frontend/articl...')
#4 E:\OpenServerPanel\domains\ht.caydothi.com\vendor\codeigniter4\framework\system\View\View.php(246): include('E:\\OpenServerPa...')
#5 E:\OpenServerPanel\domains\ht.caydothi.com\vendor\codeigniter4\framework\system\Common.php(1119): CodeIgniter\View\View->render('frontend/homepa...', Array, true)
#6 E:\OpenServerPanel\domains\ht.caydothi.com\app\Controllers\Frontend\Article\Article.php(278): view('frontend/homepa...', Array)
#7 E:\OpenServerPanel\domains\ht.caydothi.com\vendor\codeigniter4\framework\system\View\Cell.php(180): App\Controllers\Frontend\Article\Article->index(300, '1')
#8 E:\OpenServerPanel\domains\ht.caydothi.com\vendor\codeigniter4\framework\system\Common.php(1140): CodeIgniter\View\Cell->render('\\App\\Controller...', 'id=300, page=1', 0, 'AppControllersF...')
#9 E:\OpenServerPanel\domains\ht.caydothi.com\app\Controllers\Frontend\Homepage\Router.php(59): view_cell('\\App\\Controller...', 'id=300, page=1')
#10 E:\OpenServerPanel\domains\ht.caydothi.com\vendor\codeigniter4\framework\system\CodeIgniter.php(918): App\Controllers\Frontend\Homepage\Router->index('top-5-cay-trong...')
#11 E:\OpenServerPanel\domains\ht.caydothi.com\vendor\codeigniter4\framework\system\CodeIgniter.php(404): CodeIgniter\CodeIgniter->runController(Object(App\Controllers\Frontend\Homepage\Router))
#12 E:\OpenServerPanel\domains\ht.caydothi.com\vendor\codeigniter4\framework\system\CodeIgniter.php(312): CodeIgniter\CodeIgniter->handleRequest(NULL, Object(Config\Cache), false)
#13 E:\OpenServerPanel\domains\ht.caydothi.com\index.php(48): CodeIgniter\CodeIgniter->run()
#14 {main}
CRITICAL - 2022-06-28 08:26:36 --> syntax error, unexpected ''nav'' (T_CONSTANT_ENCAPSED_STRING), expecting ')'
#0 E:\OpenServerPanel\domains\ht.caydothi.com\vendor\codeigniter4\framework\system\Common.php(1119): CodeIgniter\View\View->render('frontend/homepa...', Array, true)
#1 E:\OpenServerPanel\domains\ht.caydothi.com\app\Views\frontend\homepage\layout\home.php(72): view('frontend/homepa...')
#2 E:\OpenServerPanel\domains\ht.caydothi.com\vendor\codeigniter4\framework\system\View\View.php(246): include('E:\\OpenServerPa...')
#3 E:\OpenServerPanel\domains\ht.caydothi.com\vendor\codeigniter4\framework\system\Common.php(1119): CodeIgniter\View\View->render('frontend/homepa...', Array, true)
#4 E:\OpenServerPanel\domains\ht.caydothi.com\app\Controllers\Frontend\Homepage\Home.php(115): view('frontend/homepa...', Array)
#5 E:\OpenServerPanel\domains\ht.caydothi.com\vendor\codeigniter4\framework\system\CodeIgniter.php(918): App\Controllers\Frontend\Homepage\Home->index()
#6 E:\OpenServerPanel\domains\ht.caydothi.com\vendor\codeigniter4\framework\system\CodeIgniter.php(404): CodeIgniter\CodeIgniter->runController(Object(App\Controllers\Frontend\Homepage\Home))
#7 E:\OpenServerPanel\domains\ht.caydothi.com\vendor\codeigniter4\framework\system\CodeIgniter.php(312): CodeIgniter\CodeIgniter->handleRequest(NULL, Object(Config\Cache), false)
#8 E:\OpenServerPanel\domains\ht.caydothi.com\index.php(48): CodeIgniter\CodeIgniter->run()
#9 {main}
CRITICAL - 2022-06-28 08:26:36 --> syntax error, unexpected ''nav'' (T_CONSTANT_ENCAPSED_STRING), expecting ')'
#0 E:\OpenServerPanel\domains\ht.caydothi.com\vendor\codeigniter4\framework\system\Common.php(1119): CodeIgniter\View\View->render('frontend/homepa...', Array, true)
#1 E:\OpenServerPanel\domains\ht.caydothi.com\app\Views\frontend\homepage\layout\home.php(72): view('frontend/homepa...')
#2 E:\OpenServerPanel\domains\ht.caydothi.com\vendor\codeigniter4\framework\system\View\View.php(246): include('E:\\OpenServerPa...')
#3 E:\OpenServerPanel\domains\ht.caydothi.com\vendor\codeigniter4\framework\system\Common.php(1119): CodeIgniter\View\View->render('frontend/homepa...', Array, true)
#4 E:\OpenServerPanel\domains\ht.caydothi.com\app\Controllers\Frontend\Homepage\Home.php(115): view('frontend/homepa...', Array)
#5 E:\OpenServerPanel\domains\ht.caydothi.com\vendor\codeigniter4\framework\system\CodeIgniter.php(918): App\Controllers\Frontend\Homepage\Home->index()
#6 E:\OpenServerPanel\domains\ht.caydothi.com\vendor\codeigniter4\framework\system\CodeIgniter.php(404): CodeIgniter\CodeIgniter->runController(Object(App\Controllers\Frontend\Homepage\Home))
#7 E:\OpenServerPanel\domains\ht.caydothi.com\vendor\codeigniter4\framework\system\CodeIgniter.php(312): CodeIgniter\CodeIgniter->handleRequest(NULL, Object(Config\Cache), false)
#8 E:\OpenServerPanel\domains\ht.caydothi.com\index.php(48): CodeIgniter\CodeIgniter->run()
#9 {main}
CRITICAL - 2022-06-28 08:26:38 --> syntax error, unexpected ''nav'' (T_CONSTANT_ENCAPSED_STRING), expecting ')'
#0 E:\OpenServerPanel\domains\ht.caydothi.com\vendor\codeigniter4\framework\system\Common.php(1119): CodeIgniter\View\View->render('frontend/homepa...', Array, true)
#1 E:\OpenServerPanel\domains\ht.caydothi.com\app\Views\frontend\homepage\layout\home.php(72): view('frontend/homepa...')
#2 E:\OpenServerPanel\domains\ht.caydothi.com\vendor\codeigniter4\framework\system\View\View.php(246): include('E:\\OpenServerPa...')
#3 E:\OpenServerPanel\domains\ht.caydothi.com\vendor\codeigniter4\framework\system\Common.php(1119): CodeIgniter\View\View->render('frontend/homepa...', Array, true)
#4 E:\OpenServerPanel\domains\ht.caydothi.com\app\Controllers\Frontend\Homepage\Home.php(115): view('frontend/homepa...', Array)
#5 E:\OpenServerPanel\domains\ht.caydothi.com\vendor\codeigniter4\framework\system\CodeIgniter.php(918): App\Controllers\Frontend\Homepage\Home->index()
#6 E:\OpenServerPanel\domains\ht.caydothi.com\vendor\codeigniter4\framework\system\CodeIgniter.php(404): CodeIgniter\CodeIgniter->runController(Object(App\Controllers\Frontend\Homepage\Home))
#7 E:\OpenServerPanel\domains\ht.caydothi.com\vendor\codeigniter4\framework\system\CodeIgniter.php(312): CodeIgniter\CodeIgniter->handleRequest(NULL, Object(Config\Cache), false)
#8 E:\OpenServerPanel\domains\ht.caydothi.com\index.php(48): CodeIgniter\CodeIgniter->run()
#9 {main}
CRITICAL - 2022-06-28 08:26:44 --> syntax error, unexpected ''nav'' (T_CONSTANT_ENCAPSED_STRING), expecting ')'
#0 E:\OpenServerPanel\domains\ht.caydothi.com\vendor\codeigniter4\framework\system\Common.php(1119): CodeIgniter\View\View->render('frontend/homepa...', Array, true)
#1 E:\OpenServerPanel\domains\ht.caydothi.com\app\Views\frontend\homepage\layout\home.php(72): view('frontend/homepa...')
#2 E:\OpenServerPanel\domains\ht.caydothi.com\vendor\codeigniter4\framework\system\View\View.php(246): include('E:\\OpenServerPa...')
#3 E:\OpenServerPanel\domains\ht.caydothi.com\vendor\codeigniter4\framework\system\Common.php(1119): CodeIgniter\View\View->render('frontend/homepa...', Array, true)
#4 E:\OpenServerPanel\domains\ht.caydothi.com\app\Controllers\Frontend\Homepage\Home.php(115): view('frontend/homepa...', Array)
#5 E:\OpenServerPanel\domains\ht.caydothi.com\vendor\codeigniter4\framework\system\CodeIgniter.php(918): App\Controllers\Frontend\Homepage\Home->index()
#6 E:\OpenServerPanel\domains\ht.caydothi.com\vendor\codeigniter4\framework\system\CodeIgniter.php(404): CodeIgniter\CodeIgniter->runController(Object(App\Controllers\Frontend\Homepage\Home))
#7 E:\OpenServerPanel\domains\ht.caydothi.com\vendor\codeigniter4\framework\system\CodeIgniter.php(312): CodeIgniter\CodeIgniter->handleRequest(NULL, Object(Config\Cache), false)
#8 E:\OpenServerPanel\domains\ht.caydothi.com\index.php(48): CodeIgniter\CodeIgniter->run()
#9 {main}
CRITICAL - 2022-06-28 08:26:45 --> syntax error, unexpected ''nav'' (T_CONSTANT_ENCAPSED_STRING), expecting ')'
#0 E:\OpenServerPanel\domains\ht.caydothi.com\vendor\codeigniter4\framework\system\Common.php(1119): CodeIgniter\View\View->render('frontend/homepa...', Array, true)
#1 E:\OpenServerPanel\domains\ht.caydothi.com\app\Views\frontend\homepage\layout\home.php(72): view('frontend/homepa...')
#2 E:\OpenServerPanel\domains\ht.caydothi.com\vendor\codeigniter4\framework\system\View\View.php(246): include('E:\\OpenServerPa...')
#3 E:\OpenServerPanel\domains\ht.caydothi.com\vendor\codeigniter4\framework\system\Common.php(1119): CodeIgniter\View\View->render('frontend/homepa...', Array, true)
#4 E:\OpenServerPanel\domains\ht.caydothi.com\app\Controllers\Frontend\Homepage\Home.php(115): view('frontend/homepa...', Array)
#5 E:\OpenServerPanel\domains\ht.caydothi.com\vendor\codeigniter4\framework\system\CodeIgniter.php(918): App\Controllers\Frontend\Homepage\Home->index()
#6 E:\OpenServerPanel\domains\ht.caydothi.com\vendor\codeigniter4\framework\system\CodeIgniter.php(404): CodeIgniter\CodeIgniter->runController(Object(App\Controllers\Frontend\Homepage\Home))
#7 E:\OpenServerPanel\domains\ht.caydothi.com\vendor\codeigniter4\framework\system\CodeIgniter.php(312): CodeIgniter\CodeIgniter->handleRequest(NULL, Object(Config\Cache), false)
#8 E:\OpenServerPanel\domains\ht.caydothi.com\index.php(48): CodeIgniter\CodeIgniter->run()
#9 {main}
