CRITICAL - 2022-07-05 00:37:40 --> syntax error, unexpected '?>'
#0 E:\OpenServerPanel\domains\ht.tramhuong.com\vendor\codeigniter4\framework\system\Common.php(1119): CodeIgniter\View\View->render('frontend/homepa...', Array, true)
#1 E:\OpenServerPanel\domains\ht.tramhuong.com\app\Views\frontend\homepage\layout\home.php(72): view('frontend/homepa...')
#2 E:\OpenServerPanel\domains\ht.tramhuong.com\vendor\codeigniter4\framework\system\View\View.php(246): include('E:\\OpenServerPa...')
#3 E:\OpenServerPanel\domains\ht.tramhuong.com\vendor\codeigniter4\framework\system\Common.php(1119): CodeIgniter\View\View->render('frontend/homepa...', Array, true)
#4 E:\OpenServerPanel\domains\ht.tramhuong.com\app\Controllers\Frontend\Homepage\Home.php(115): view('frontend/homepa...', Array)
#5 E:\OpenServerPanel\domains\ht.tramhuong.com\vendor\codeigniter4\framework\system\CodeIgniter.php(918): App\Controllers\Frontend\Homepage\Home->index()
#6 E:\OpenServerPanel\domains\ht.tramhuong.com\vendor\codeigniter4\framework\system\CodeIgniter.php(404): CodeIgniter\CodeIgniter->runController(Object(App\Controllers\Frontend\Homepage\Home))
#7 E:\OpenServerPanel\domains\ht.tramhuong.com\vendor\codeigniter4\framework\system\CodeIgniter.php(312): CodeIgniter\CodeIgniter->handleRequest(NULL, Object(Config\Cache), false)
#8 E:\OpenServerPanel\domains\ht.tramhuong.com\index.php(48): CodeIgniter\CodeIgniter->run()
#9 {main}
CRITICAL - 2022-07-05 00:37:45 --> syntax error, unexpected '?>'
#0 E:\OpenServerPanel\domains\ht.tramhuong.com\vendor\codeigniter4\framework\system\Common.php(1119): CodeIgniter\View\View->render('frontend/homepa...', Array, true)
#1 E:\OpenServerPanel\domains\ht.tramhuong.com\app\Views\frontend\homepage\layout\home.php(72): view('frontend/homepa...')
#2 E:\OpenServerPanel\domains\ht.tramhuong.com\vendor\codeigniter4\framework\system\View\View.php(246): include('E:\\OpenServerPa...')
#3 E:\OpenServerPanel\domains\ht.tramhuong.com\vendor\codeigniter4\framework\system\Common.php(1119): CodeIgniter\View\View->render('frontend/homepa...', Array, true)
#4 E:\OpenServerPanel\domains\ht.tramhuong.com\app\Controllers\Frontend\Homepage\Home.php(115): view('frontend/homepa...', Array)
#5 E:\OpenServerPanel\domains\ht.tramhuong.com\vendor\codeigniter4\framework\system\CodeIgniter.php(918): App\Controllers\Frontend\Homepage\Home->index()
#6 E:\OpenServerPanel\domains\ht.tramhuong.com\vendor\codeigniter4\framework\system\CodeIgniter.php(404): CodeIgniter\CodeIgniter->runController(Object(App\Controllers\Frontend\Homepage\Home))
#7 E:\OpenServerPanel\domains\ht.tramhuong.com\vendor\codeigniter4\framework\system\CodeIgniter.php(312): CodeIgniter\CodeIgniter->handleRequest(NULL, Object(Config\Cache), false)
#8 E:\OpenServerPanel\domains\ht.tramhuong.com\index.php(48): CodeIgniter\CodeIgniter->run()
#9 {main}
CRITICAL - 2022-07-05 00:38:15 --> Undefined variable: product
#0 E:\OpenServerPanel\domains\ht.tramhuong.com\app\Views\frontend\homepage\home\index.php(212): CodeIgniter\Debug\Exceptions->errorHandler(8, 'Undefined varia...', 'E:\\OpenServerPa...', 212, Array)
#1 E:\OpenServerPanel\domains\ht.tramhuong.com\vendor\codeigniter4\framework\system\View\View.php(246): include('E:\\OpenServerPa...')
#2 E:\OpenServerPanel\domains\ht.tramhuong.com\vendor\codeigniter4\framework\system\Common.php(1119): CodeIgniter\View\View->render('frontend/homepa...', Array, true)
#3 E:\OpenServerPanel\domains\ht.tramhuong.com\app\Views\frontend\homepage\layout\home.php(72): view('frontend/homepa...')
#4 E:\OpenServerPanel\domains\ht.tramhuong.com\vendor\codeigniter4\framework\system\View\View.php(246): include('E:\\OpenServerPa...')
#5 E:\OpenServerPanel\domains\ht.tramhuong.com\vendor\codeigniter4\framework\system\Common.php(1119): CodeIgniter\View\View->render('frontend/homepa...', Array, true)
#6 E:\OpenServerPanel\domains\ht.tramhuong.com\app\Controllers\Frontend\Homepage\Home.php(115): view('frontend/homepa...', Array)
#7 E:\OpenServerPanel\domains\ht.tramhuong.com\vendor\codeigniter4\framework\system\CodeIgniter.php(918): App\Controllers\Frontend\Homepage\Home->index()
#8 E:\OpenServerPanel\domains\ht.tramhuong.com\vendor\codeigniter4\framework\system\CodeIgniter.php(404): CodeIgniter\CodeIgniter->runController(Object(App\Controllers\Frontend\Homepage\Home))
#9 E:\OpenServerPanel\domains\ht.tramhuong.com\vendor\codeigniter4\framework\system\CodeIgniter.php(312): CodeIgniter\CodeIgniter->handleRequest(NULL, Object(Config\Cache), false)
#10 E:\OpenServerPanel\domains\ht.tramhuong.com\index.php(48): CodeIgniter\CodeIgniter->run()
#11 {main}
CRITICAL - 2022-07-05 00:38:16 --> Undefined variable: product
#0 E:\OpenServerPanel\domains\ht.tramhuong.com\app\Views\frontend\homepage\home\index.php(212): CodeIgniter\Debug\Exceptions->errorHandler(8, 'Undefined varia...', 'E:\\OpenServerPa...', 212, Array)
#1 E:\OpenServerPanel\domains\ht.tramhuong.com\vendor\codeigniter4\framework\system\View\View.php(246): include('E:\\OpenServerPa...')
#2 E:\OpenServerPanel\domains\ht.tramhuong.com\vendor\codeigniter4\framework\system\Common.php(1119): CodeIgniter\View\View->render('frontend/homepa...', Array, true)
#3 E:\OpenServerPanel\domains\ht.tramhuong.com\app\Views\frontend\homepage\layout\home.php(72): view('frontend/homepa...')
#4 E:\OpenServerPanel\domains\ht.tramhuong.com\vendor\codeigniter4\framework\system\View\View.php(246): include('E:\\OpenServerPa...')
#5 E:\OpenServerPanel\domains\ht.tramhuong.com\vendor\codeigniter4\framework\system\Common.php(1119): CodeIgniter\View\View->render('frontend/homepa...', Array, true)
#6 E:\OpenServerPanel\domains\ht.tramhuong.com\app\Controllers\Frontend\Homepage\Home.php(115): view('frontend/homepa...', Array)
#7 E:\OpenServerPanel\domains\ht.tramhuong.com\vendor\codeigniter4\framework\system\CodeIgniter.php(918): App\Controllers\Frontend\Homepage\Home->index()
#8 E:\OpenServerPanel\domains\ht.tramhuong.com\vendor\codeigniter4\framework\system\CodeIgniter.php(404): CodeIgniter\CodeIgniter->runController(Object(App\Controllers\Frontend\Homepage\Home))
#9 E:\OpenServerPanel\domains\ht.tramhuong.com\vendor\codeigniter4\framework\system\CodeIgniter.php(312): CodeIgniter\CodeIgniter->handleRequest(NULL, Object(Config\Cache), false)
#10 E:\OpenServerPanel\domains\ht.tramhuong.com\index.php(48): CodeIgniter\CodeIgniter->run()
#11 {main}
CRITICAL - 2022-07-05 02:06:03 --> syntax error, unexpected '$post' (T_VARIABLE)
#0 E:\OpenServerPanel\domains\ht.tramhuong.com\vendor\codeigniter4\framework\system\Common.php(1119): CodeIgniter\View\View->render('frontend/homepa...', Array, true)
#1 E:\OpenServerPanel\domains\ht.tramhuong.com\app\Views\frontend\homepage\layout\home.php(72): view('frontend/homepa...')
#2 E:\OpenServerPanel\domains\ht.tramhuong.com\vendor\codeigniter4\framework\system\View\View.php(246): include('E:\\OpenServerPa...')
#3 E:\OpenServerPanel\domains\ht.tramhuong.com\vendor\codeigniter4\framework\system\Common.php(1119): CodeIgniter\View\View->render('frontend/homepa...', Array, true)
#4 E:\OpenServerPanel\domains\ht.tramhuong.com\app\Controllers\Frontend\Homepage\Home.php(115): view('frontend/homepa...', Array)
#5 E:\OpenServerPanel\domains\ht.tramhuong.com\vendor\codeigniter4\framework\system\CodeIgniter.php(918): App\Controllers\Frontend\Homepage\Home->index()
#6 E:\OpenServerPanel\domains\ht.tramhuong.com\vendor\codeigniter4\framework\system\CodeIgniter.php(404): CodeIgniter\CodeIgniter->runController(Object(App\Controllers\Frontend\Homepage\Home))
#7 E:\OpenServerPanel\domains\ht.tramhuong.com\vendor\codeigniter4\framework\system\CodeIgniter.php(312): CodeIgniter\CodeIgniter->handleRequest(NULL, Object(Config\Cache), false)
#8 E:\OpenServerPanel\domains\ht.tramhuong.com\index.php(48): CodeIgniter\CodeIgniter->run()
#9 {main}
CRITICAL - 2022-07-05 02:06:06 --> syntax error, unexpected '$post' (T_VARIABLE)
#0 E:\OpenServerPanel\domains\ht.tramhuong.com\vendor\codeigniter4\framework\system\Common.php(1119): CodeIgniter\View\View->render('frontend/homepa...', Array, true)
#1 E:\OpenServerPanel\domains\ht.tramhuong.com\app\Views\frontend\homepage\layout\home.php(72): view('frontend/homepa...')
#2 E:\OpenServerPanel\domains\ht.tramhuong.com\vendor\codeigniter4\framework\system\View\View.php(246): include('E:\\OpenServerPa...')
#3 E:\OpenServerPanel\domains\ht.tramhuong.com\vendor\codeigniter4\framework\system\Common.php(1119): CodeIgniter\View\View->render('frontend/homepa...', Array, true)
#4 E:\OpenServerPanel\domains\ht.tramhuong.com\app\Controllers\Frontend\Homepage\Home.php(115): view('frontend/homepa...', Array)
#5 E:\OpenServerPanel\domains\ht.tramhuong.com\vendor\codeigniter4\framework\system\CodeIgniter.php(918): App\Controllers\Frontend\Homepage\Home->index()
#6 E:\OpenServerPanel\domains\ht.tramhuong.com\vendor\codeigniter4\framework\system\CodeIgniter.php(404): CodeIgniter\CodeIgniter->runController(Object(App\Controllers\Frontend\Homepage\Home))
#7 E:\OpenServerPanel\domains\ht.tramhuong.com\vendor\codeigniter4\framework\system\CodeIgniter.php(312): CodeIgniter\CodeIgniter->handleRequest(NULL, Object(Config\Cache), false)
#8 E:\OpenServerPanel\domains\ht.tramhuong.com\index.php(48): CodeIgniter\CodeIgniter->run()
#9 {main}
CRITICAL - 2022-07-05 02:29:15 --> Undefined index: seller
#0 E:\OpenServerPanel\domains\ht.tramhuong.com\app\Views\frontend\product\catalogue\index.php(83): CodeIgniter\Debug\Exceptions->errorHandler(8, 'Undefined index...', 'E:\\OpenServerPa...', 83, Array)
#1 E:\OpenServerPanel\domains\ht.tramhuong.com\vendor\codeigniter4\framework\system\View\View.php(246): include('E:\\OpenServerPa...')
#2 E:\OpenServerPanel\domains\ht.tramhuong.com\vendor\codeigniter4\framework\system\Common.php(1119): CodeIgniter\View\View->render('frontend/produc...', Array, true)
#3 E:\OpenServerPanel\domains\ht.tramhuong.com\app\Views\frontend\homepage\layout\home.php(72): view('frontend/produc...')
#4 E:\OpenServerPanel\domains\ht.tramhuong.com\vendor\codeigniter4\framework\system\View\View.php(246): include('E:\\OpenServerPa...')
#5 E:\OpenServerPanel\domains\ht.tramhuong.com\vendor\codeigniter4\framework\system\Common.php(1119): CodeIgniter\View\View->render('frontend/homepa...', Array, true)
#6 E:\OpenServerPanel\domains\ht.tramhuong.com\app\Controllers\Frontend\Product\Catalogue.php(216): view('frontend/homepa...', Array)
#7 E:\OpenServerPanel\domains\ht.tramhuong.com\vendor\codeigniter4\framework\system\View\Cell.php(180): App\Controllers\Frontend\Product\Catalogue->index(2, 0)
#8 E:\OpenServerPanel\domains\ht.tramhuong.com\vendor\codeigniter4\framework\system\Common.php(1140): CodeIgniter\View\Cell->render('\\App\\Controller...', 'id=2, page=1', 0, 'AppControllersF...')
#9 E:\OpenServerPanel\domains\ht.tramhuong.com\app\Controllers\Frontend\Homepage\Router.php(59): view_cell('\\App\\Controller...', 'id=2, page=1')
#10 E:\OpenServerPanel\domains\ht.tramhuong.com\vendor\codeigniter4\framework\system\CodeIgniter.php(918): App\Controllers\Frontend\Homepage\Router->index('vong')
#11 E:\OpenServerPanel\domains\ht.tramhuong.com\vendor\codeigniter4\framework\system\CodeIgniter.php(404): CodeIgniter\CodeIgniter->runController(Object(App\Controllers\Frontend\Homepage\Router))
#12 E:\OpenServerPanel\domains\ht.tramhuong.com\vendor\codeigniter4\framework\system\CodeIgniter.php(312): CodeIgniter\CodeIgniter->handleRequest(NULL, Object(Config\Cache), false)
#13 E:\OpenServerPanel\domains\ht.tramhuong.com\index.php(48): CodeIgniter\CodeIgniter->run()
#14 {main}
CRITICAL - 2022-07-05 02:29:52 --> Undefined index: seller
#0 E:\OpenServerPanel\domains\ht.tramhuong.com\app\Views\frontend\product\catalogue\index.php(83): CodeIgniter\Debug\Exceptions->errorHandler(8, 'Undefined index...', 'E:\\OpenServerPa...', 83, Array)
#1 E:\OpenServerPanel\domains\ht.tramhuong.com\vendor\codeigniter4\framework\system\View\View.php(246): include('E:\\OpenServerPa...')
#2 E:\OpenServerPanel\domains\ht.tramhuong.com\vendor\codeigniter4\framework\system\Common.php(1119): CodeIgniter\View\View->render('frontend/produc...', Array, true)
#3 E:\OpenServerPanel\domains\ht.tramhuong.com\app\Views\frontend\homepage\layout\home.php(72): view('frontend/produc...')
#4 E:\OpenServerPanel\domains\ht.tramhuong.com\vendor\codeigniter4\framework\system\View\View.php(246): include('E:\\OpenServerPa...')
#5 E:\OpenServerPanel\domains\ht.tramhuong.com\vendor\codeigniter4\framework\system\Common.php(1119): CodeIgniter\View\View->render('frontend/homepa...', Array, true)
#6 E:\OpenServerPanel\domains\ht.tramhuong.com\app\Controllers\Frontend\Product\Catalogue.php(216): view('frontend/homepa...', Array)
#7 E:\OpenServerPanel\domains\ht.tramhuong.com\vendor\codeigniter4\framework\system\View\Cell.php(180): App\Controllers\Frontend\Product\Catalogue->index(2, 0)
#8 E:\OpenServerPanel\domains\ht.tramhuong.com\vendor\codeigniter4\framework\system\Common.php(1140): CodeIgniter\View\Cell->render('\\App\\Controller...', 'id=2, page=1', 0, 'AppControllersF...')
#9 E:\OpenServerPanel\domains\ht.tramhuong.com\app\Controllers\Frontend\Homepage\Router.php(59): view_cell('\\App\\Controller...', 'id=2, page=1')
#10 E:\OpenServerPanel\domains\ht.tramhuong.com\vendor\codeigniter4\framework\system\CodeIgniter.php(918): App\Controllers\Frontend\Homepage\Router->index('vong')
#11 E:\OpenServerPanel\domains\ht.tramhuong.com\vendor\codeigniter4\framework\system\CodeIgniter.php(404): CodeIgniter\CodeIgniter->runController(Object(App\Controllers\Frontend\Homepage\Router))
#12 E:\OpenServerPanel\domains\ht.tramhuong.com\vendor\codeigniter4\framework\system\CodeIgniter.php(312): CodeIgniter\CodeIgniter->handleRequest(NULL, Object(Config\Cache), false)
#13 E:\OpenServerPanel\domains\ht.tramhuong.com\index.php(48): CodeIgniter\CodeIgniter->run()
#14 {main}
CRITICAL - 2022-07-05 02:29:54 --> Undefined index: seller
#0 E:\OpenServerPanel\domains\ht.tramhuong.com\app\Views\frontend\product\catalogue\index.php(83): CodeIgniter\Debug\Exceptions->errorHandler(8, 'Undefined index...', 'E:\\OpenServerPa...', 83, Array)
#1 E:\OpenServerPanel\domains\ht.tramhuong.com\vendor\codeigniter4\framework\system\View\View.php(246): include('E:\\OpenServerPa...')
#2 E:\OpenServerPanel\domains\ht.tramhuong.com\vendor\codeigniter4\framework\system\Common.php(1119): CodeIgniter\View\View->render('frontend/produc...', Array, true)
#3 E:\OpenServerPanel\domains\ht.tramhuong.com\app\Views\frontend\homepage\layout\home.php(72): view('frontend/produc...')
#4 E:\OpenServerPanel\domains\ht.tramhuong.com\vendor\codeigniter4\framework\system\View\View.php(246): include('E:\\OpenServerPa...')
#5 E:\OpenServerPanel\domains\ht.tramhuong.com\vendor\codeigniter4\framework\system\Common.php(1119): CodeIgniter\View\View->render('frontend/homepa...', Array, true)
#6 E:\OpenServerPanel\domains\ht.tramhuong.com\app\Controllers\Frontend\Product\Catalogue.php(216): view('frontend/homepa...', Array)
#7 E:\OpenServerPanel\domains\ht.tramhuong.com\vendor\codeigniter4\framework\system\View\Cell.php(180): App\Controllers\Frontend\Product\Catalogue->index(2, 0)
#8 E:\OpenServerPanel\domains\ht.tramhuong.com\vendor\codeigniter4\framework\system\Common.php(1140): CodeIgniter\View\Cell->render('\\App\\Controller...', 'id=2, page=1', 0, 'AppControllersF...')
#9 E:\OpenServerPanel\domains\ht.tramhuong.com\app\Controllers\Frontend\Homepage\Router.php(59): view_cell('\\App\\Controller...', 'id=2, page=1')
#10 E:\OpenServerPanel\domains\ht.tramhuong.com\vendor\codeigniter4\framework\system\CodeIgniter.php(918): App\Controllers\Frontend\Homepage\Router->index('vong')
#11 E:\OpenServerPanel\domains\ht.tramhuong.com\vendor\codeigniter4\framework\system\CodeIgniter.php(404): CodeIgniter\CodeIgniter->runController(Object(App\Controllers\Frontend\Homepage\Router))
#12 E:\OpenServerPanel\domains\ht.tramhuong.com\vendor\codeigniter4\framework\system\CodeIgniter.php(312): CodeIgniter\CodeIgniter->handleRequest(NULL, Object(Config\Cache), false)
#13 E:\OpenServerPanel\domains\ht.tramhuong.com\index.php(48): CodeIgniter\CodeIgniter->run()
#14 {main}
CRITICAL - 2022-07-05 02:29:56 --> Undefined index: seller
#0 E:\OpenServerPanel\domains\ht.tramhuong.com\app\Views\frontend\product\catalogue\index.php(83): CodeIgniter\Debug\Exceptions->errorHandler(8, 'Undefined index...', 'E:\\OpenServerPa...', 83, Array)
#1 E:\OpenServerPanel\domains\ht.tramhuong.com\vendor\codeigniter4\framework\system\View\View.php(246): include('E:\\OpenServerPa...')
#2 E:\OpenServerPanel\domains\ht.tramhuong.com\vendor\codeigniter4\framework\system\Common.php(1119): CodeIgniter\View\View->render('frontend/produc...', Array, true)
#3 E:\OpenServerPanel\domains\ht.tramhuong.com\app\Views\frontend\homepage\layout\home.php(72): view('frontend/produc...')
#4 E:\OpenServerPanel\domains\ht.tramhuong.com\vendor\codeigniter4\framework\system\View\View.php(246): include('E:\\OpenServerPa...')
#5 E:\OpenServerPanel\domains\ht.tramhuong.com\vendor\codeigniter4\framework\system\Common.php(1119): CodeIgniter\View\View->render('frontend/homepa...', Array, true)
#6 E:\OpenServerPanel\domains\ht.tramhuong.com\app\Controllers\Frontend\Product\Catalogue.php(216): view('frontend/homepa...', Array)
#7 E:\OpenServerPanel\domains\ht.tramhuong.com\vendor\codeigniter4\framework\system\View\Cell.php(180): App\Controllers\Frontend\Product\Catalogue->index(2, 0)
#8 E:\OpenServerPanel\domains\ht.tramhuong.com\vendor\codeigniter4\framework\system\Common.php(1140): CodeIgniter\View\Cell->render('\\App\\Controller...', 'id=2, page=1', 0, 'AppControllersF...')
#9 E:\OpenServerPanel\domains\ht.tramhuong.com\app\Controllers\Frontend\Homepage\Router.php(59): view_cell('\\App\\Controller...', 'id=2, page=1')
#10 E:\OpenServerPanel\domains\ht.tramhuong.com\vendor\codeigniter4\framework\system\CodeIgniter.php(918): App\Controllers\Frontend\Homepage\Router->index('vong')
#11 E:\OpenServerPanel\domains\ht.tramhuong.com\vendor\codeigniter4\framework\system\CodeIgniter.php(404): CodeIgniter\CodeIgniter->runController(Object(App\Controllers\Frontend\Homepage\Router))
#12 E:\OpenServerPanel\domains\ht.tramhuong.com\vendor\codeigniter4\framework\system\CodeIgniter.php(312): CodeIgniter\CodeIgniter->handleRequest(NULL, Object(Config\Cache), false)
#13 E:\OpenServerPanel\domains\ht.tramhuong.com\index.php(48): CodeIgniter\CodeIgniter->run()
#14 {main}
CRITICAL - 2022-07-05 02:47:34 --> Undefined index: seller
#0 E:\OpenServerPanel\domains\ht.tramhuong.com\app\Views\frontend\homepage\common\aside.php(63): CodeIgniter\Debug\Exceptions->errorHandler(8, 'Undefined index...', 'E:\\OpenServerPa...', 63, Array)
#1 E:\OpenServerPanel\domains\ht.tramhuong.com\vendor\codeigniter4\framework\system\View\View.php(246): include('E:\\OpenServerPa...')
#2 E:\OpenServerPanel\domains\ht.tramhuong.com\vendor\codeigniter4\framework\system\Common.php(1119): CodeIgniter\View\View->render('frontend/homepa...', Array, true)
#3 E:\OpenServerPanel\domains\ht.tramhuong.com\app\Views\frontend\product\catalogue\index.php(16): view('frontend/homepa...')
#4 E:\OpenServerPanel\domains\ht.tramhuong.com\vendor\codeigniter4\framework\system\View\View.php(246): include('E:\\OpenServerPa...')
#5 E:\OpenServerPanel\domains\ht.tramhuong.com\vendor\codeigniter4\framework\system\Common.php(1119): CodeIgniter\View\View->render('frontend/produc...', Array, true)
#6 E:\OpenServerPanel\domains\ht.tramhuong.com\app\Views\frontend\homepage\layout\home.php(72): view('frontend/produc...')
#7 E:\OpenServerPanel\domains\ht.tramhuong.com\vendor\codeigniter4\framework\system\View\View.php(246): include('E:\\OpenServerPa...')
#8 E:\OpenServerPanel\domains\ht.tramhuong.com\vendor\codeigniter4\framework\system\Common.php(1119): CodeIgniter\View\View->render('frontend/homepa...', Array, true)
#9 E:\OpenServerPanel\domains\ht.tramhuong.com\app\Controllers\Frontend\Product\Catalogue.php(216): view('frontend/homepa...', Array)
#10 E:\OpenServerPanel\domains\ht.tramhuong.com\vendor\codeigniter4\framework\system\View\Cell.php(180): App\Controllers\Frontend\Product\Catalogue->index(2, 0)
#11 E:\OpenServerPanel\domains\ht.tramhuong.com\vendor\codeigniter4\framework\system\Common.php(1140): CodeIgniter\View\Cell->render('\\App\\Controller...', 'id=2, page=1', 0, 'AppControllersF...')
#12 E:\OpenServerPanel\domains\ht.tramhuong.com\app\Controllers\Frontend\Homepage\Router.php(59): view_cell('\\App\\Controller...', 'id=2, page=1')
#13 E:\OpenServerPanel\domains\ht.tramhuong.com\vendor\codeigniter4\framework\system\CodeIgniter.php(918): App\Controllers\Frontend\Homepage\Router->index('vong')
#14 E:\OpenServerPanel\domains\ht.tramhuong.com\vendor\codeigniter4\framework\system\CodeIgniter.php(404): CodeIgniter\CodeIgniter->runController(Object(App\Controllers\Frontend\Homepage\Router))
#15 E:\OpenServerPanel\domains\ht.tramhuong.com\vendor\codeigniter4\framework\system\CodeIgniter.php(312): CodeIgniter\CodeIgniter->handleRequest(NULL, Object(Config\Cache), false)
#16 E:\OpenServerPanel\domains\ht.tramhuong.com\index.php(48): CodeIgniter\CodeIgniter->run()
#17 {main}
CRITICAL - 2022-07-05 02:47:48 --> Undefined index: bestseller
#0 E:\OpenServerPanel\domains\ht.tramhuong.com\app\Views\frontend\homepage\common\aside.php(63): CodeIgniter\Debug\Exceptions->errorHandler(8, 'Undefined index...', 'E:\\OpenServerPa...', 63, Array)
#1 E:\OpenServerPanel\domains\ht.tramhuong.com\vendor\codeigniter4\framework\system\View\View.php(246): include('E:\\OpenServerPa...')
#2 E:\OpenServerPanel\domains\ht.tramhuong.com\vendor\codeigniter4\framework\system\Common.php(1119): CodeIgniter\View\View->render('frontend/homepa...', Array, true)
#3 E:\OpenServerPanel\domains\ht.tramhuong.com\app\Views\frontend\product\catalogue\index.php(16): view('frontend/homepa...')
#4 E:\OpenServerPanel\domains\ht.tramhuong.com\vendor\codeigniter4\framework\system\View\View.php(246): include('E:\\OpenServerPa...')
#5 E:\OpenServerPanel\domains\ht.tramhuong.com\vendor\codeigniter4\framework\system\Common.php(1119): CodeIgniter\View\View->render('frontend/produc...', Array, true)
#6 E:\OpenServerPanel\domains\ht.tramhuong.com\app\Views\frontend\homepage\layout\home.php(72): view('frontend/produc...')
#7 E:\OpenServerPanel\domains\ht.tramhuong.com\vendor\codeigniter4\framework\system\View\View.php(246): include('E:\\OpenServerPa...')
#8 E:\OpenServerPanel\domains\ht.tramhuong.com\vendor\codeigniter4\framework\system\Common.php(1119): CodeIgniter\View\View->render('frontend/homepa...', Array, true)
#9 E:\OpenServerPanel\domains\ht.tramhuong.com\app\Controllers\Frontend\Product\Catalogue.php(216): view('frontend/homepa...', Array)
#10 E:\OpenServerPanel\domains\ht.tramhuong.com\vendor\codeigniter4\framework\system\View\Cell.php(180): App\Controllers\Frontend\Product\Catalogue->index(2, 0)
#11 E:\OpenServerPanel\domains\ht.tramhuong.com\vendor\codeigniter4\framework\system\Common.php(1140): CodeIgniter\View\Cell->render('\\App\\Controller...', 'id=2, page=1', 0, 'AppControllersF...')
#12 E:\OpenServerPanel\domains\ht.tramhuong.com\app\Controllers\Frontend\Homepage\Router.php(59): view_cell('\\App\\Controller...', 'id=2, page=1')
#13 E:\OpenServerPanel\domains\ht.tramhuong.com\vendor\codeigniter4\framework\system\CodeIgniter.php(918): App\Controllers\Frontend\Homepage\Router->index('vong')
#14 E:\OpenServerPanel\domains\ht.tramhuong.com\vendor\codeigniter4\framework\system\CodeIgniter.php(404): CodeIgniter\CodeIgniter->runController(Object(App\Controllers\Frontend\Homepage\Router))
#15 E:\OpenServerPanel\domains\ht.tramhuong.com\vendor\codeigniter4\framework\system\CodeIgniter.php(312): CodeIgniter\CodeIgniter->handleRequest(NULL, Object(Config\Cache), false)
#16 E:\OpenServerPanel\domains\ht.tramhuong.com\index.php(48): CodeIgniter\CodeIgniter->run()
#17 {main}
CRITICAL - 2022-07-05 02:47:48 --> Undefined index: bestseller
#0 E:\OpenServerPanel\domains\ht.tramhuong.com\app\Views\frontend\homepage\common\aside.php(63): CodeIgniter\Debug\Exceptions->errorHandler(8, 'Undefined index...', 'E:\\OpenServerPa...', 63, Array)
#1 E:\OpenServerPanel\domains\ht.tramhuong.com\vendor\codeigniter4\framework\system\View\View.php(246): include('E:\\OpenServerPa...')
#2 E:\OpenServerPanel\domains\ht.tramhuong.com\vendor\codeigniter4\framework\system\Common.php(1119): CodeIgniter\View\View->render('frontend/homepa...', Array, true)
#3 E:\OpenServerPanel\domains\ht.tramhuong.com\app\Views\frontend\product\catalogue\index.php(16): view('frontend/homepa...')
#4 E:\OpenServerPanel\domains\ht.tramhuong.com\vendor\codeigniter4\framework\system\View\View.php(246): include('E:\\OpenServerPa...')
#5 E:\OpenServerPanel\domains\ht.tramhuong.com\vendor\codeigniter4\framework\system\Common.php(1119): CodeIgniter\View\View->render('frontend/produc...', Array, true)
#6 E:\OpenServerPanel\domains\ht.tramhuong.com\app\Views\frontend\homepage\layout\home.php(72): view('frontend/produc...')
#7 E:\OpenServerPanel\domains\ht.tramhuong.com\vendor\codeigniter4\framework\system\View\View.php(246): include('E:\\OpenServerPa...')
#8 E:\OpenServerPanel\domains\ht.tramhuong.com\vendor\codeigniter4\framework\system\Common.php(1119): CodeIgniter\View\View->render('frontend/homepa...', Array, true)
#9 E:\OpenServerPanel\domains\ht.tramhuong.com\app\Controllers\Frontend\Product\Catalogue.php(216): view('frontend/homepa...', Array)
#10 E:\OpenServerPanel\domains\ht.tramhuong.com\vendor\codeigniter4\framework\system\View\Cell.php(180): App\Controllers\Frontend\Product\Catalogue->index(2, 0)
#11 E:\OpenServerPanel\domains\ht.tramhuong.com\vendor\codeigniter4\framework\system\Common.php(1140): CodeIgniter\View\Cell->render('\\App\\Controller...', 'id=2, page=1', 0, 'AppControllersF...')
#12 E:\OpenServerPanel\domains\ht.tramhuong.com\app\Controllers\Frontend\Homepage\Router.php(59): view_cell('\\App\\Controller...', 'id=2, page=1')
#13 E:\OpenServerPanel\domains\ht.tramhuong.com\vendor\codeigniter4\framework\system\CodeIgniter.php(918): App\Controllers\Frontend\Homepage\Router->index('vong')
#14 E:\OpenServerPanel\domains\ht.tramhuong.com\vendor\codeigniter4\framework\system\CodeIgniter.php(404): CodeIgniter\CodeIgniter->runController(Object(App\Controllers\Frontend\Homepage\Router))
#15 E:\OpenServerPanel\domains\ht.tramhuong.com\vendor\codeigniter4\framework\system\CodeIgniter.php(312): CodeIgniter\CodeIgniter->handleRequest(NULL, Object(Config\Cache), false)
#16 E:\OpenServerPanel\domains\ht.tramhuong.com\index.php(48): CodeIgniter\CodeIgniter->run()
#17 {main}
CRITICAL - 2022-07-05 02:47:50 --> Undefined index: bestseller
#0 E:\OpenServerPanel\domains\ht.tramhuong.com\app\Views\frontend\homepage\common\aside.php(63): CodeIgniter\Debug\Exceptions->errorHandler(8, 'Undefined index...', 'E:\\OpenServerPa...', 63, Array)
#1 E:\OpenServerPanel\domains\ht.tramhuong.com\vendor\codeigniter4\framework\system\View\View.php(246): include('E:\\OpenServerPa...')
#2 E:\OpenServerPanel\domains\ht.tramhuong.com\vendor\codeigniter4\framework\system\Common.php(1119): CodeIgniter\View\View->render('frontend/homepa...', Array, true)
#3 E:\OpenServerPanel\domains\ht.tramhuong.com\app\Views\frontend\product\catalogue\index.php(16): view('frontend/homepa...')
#4 E:\OpenServerPanel\domains\ht.tramhuong.com\vendor\codeigniter4\framework\system\View\View.php(246): include('E:\\OpenServerPa...')
#5 E:\OpenServerPanel\domains\ht.tramhuong.com\vendor\codeigniter4\framework\system\Common.php(1119): CodeIgniter\View\View->render('frontend/produc...', Array, true)
#6 E:\OpenServerPanel\domains\ht.tramhuong.com\app\Views\frontend\homepage\layout\home.php(72): view('frontend/produc...')
#7 E:\OpenServerPanel\domains\ht.tramhuong.com\vendor\codeigniter4\framework\system\View\View.php(246): include('E:\\OpenServerPa...')
#8 E:\OpenServerPanel\domains\ht.tramhuong.com\vendor\codeigniter4\framework\system\Common.php(1119): CodeIgniter\View\View->render('frontend/homepa...', Array, true)
#9 E:\OpenServerPanel\domains\ht.tramhuong.com\app\Controllers\Frontend\Product\Catalogue.php(216): view('frontend/homepa...', Array)
#10 E:\OpenServerPanel\domains\ht.tramhuong.com\vendor\codeigniter4\framework\system\View\Cell.php(180): App\Controllers\Frontend\Product\Catalogue->index(2, 0)
#11 E:\OpenServerPanel\domains\ht.tramhuong.com\vendor\codeigniter4\framework\system\Common.php(1140): CodeIgniter\View\Cell->render('\\App\\Controller...', 'id=2, page=1', 0, 'AppControllersF...')
#12 E:\OpenServerPanel\domains\ht.tramhuong.com\app\Controllers\Frontend\Homepage\Router.php(59): view_cell('\\App\\Controller...', 'id=2, page=1')
#13 E:\OpenServerPanel\domains\ht.tramhuong.com\vendor\codeigniter4\framework\system\CodeIgniter.php(918): App\Controllers\Frontend\Homepage\Router->index('vong')
#14 E:\OpenServerPanel\domains\ht.tramhuong.com\vendor\codeigniter4\framework\system\CodeIgniter.php(404): CodeIgniter\CodeIgniter->runController(Object(App\Controllers\Frontend\Homepage\Router))
#15 E:\OpenServerPanel\domains\ht.tramhuong.com\vendor\codeigniter4\framework\system\CodeIgniter.php(312): CodeIgniter\CodeIgniter->handleRequest(NULL, Object(Config\Cache), false)
#16 E:\OpenServerPanel\domains\ht.tramhuong.com\index.php(48): CodeIgniter\CodeIgniter->run()
#17 {main}
CRITICAL - 2022-07-05 02:55:44 --> Undefined variable: val
#0 E:\OpenServerPanel\domains\ht.tramhuong.com\app\Views\frontend\product\product\index.php(124): CodeIgniter\Debug\Exceptions->errorHandler(8, 'Undefined varia...', 'E:\\OpenServerPa...', 124, Array)
#1 E:\OpenServerPanel\domains\ht.tramhuong.com\vendor\codeigniter4\framework\system\View\View.php(246): include('E:\\OpenServerPa...')
#2 E:\OpenServerPanel\domains\ht.tramhuong.com\vendor\codeigniter4\framework\system\Common.php(1119): CodeIgniter\View\View->render('frontend/produc...', Array, true)
#3 E:\OpenServerPanel\domains\ht.tramhuong.com\app\Views\frontend\homepage\layout\home.php(72): view('frontend/produc...')
#4 E:\OpenServerPanel\domains\ht.tramhuong.com\vendor\codeigniter4\framework\system\View\View.php(246): include('E:\\OpenServerPa...')
#5 E:\OpenServerPanel\domains\ht.tramhuong.com\vendor\codeigniter4\framework\system\Common.php(1119): CodeIgniter\View\View->render('frontend/homepa...', Array, true)
#6 E:\OpenServerPanel\domains\ht.tramhuong.com\app\Controllers\Frontend\Product\Product.php(127): view('frontend/homepa...', Array)
#7 E:\OpenServerPanel\domains\ht.tramhuong.com\vendor\codeigniter4\framework\system\View\Cell.php(180): App\Controllers\Frontend\Product\Product->index(Array, '1')
#8 E:\OpenServerPanel\domains\ht.tramhuong.com\vendor\codeigniter4\framework\system\Common.php(1140): CodeIgniter\View\Cell->render('\\App\\Controller...', 'id=7, page=1', 0, 'AppControllersF...')
#9 E:\OpenServerPanel\domains\ht.tramhuong.com\app\Controllers\Frontend\Homepage\Router.php(59): view_cell('\\App\\Controller...', 'id=7, page=1')
#10 E:\OpenServerPanel\domains\ht.tramhuong.com\vendor\codeigniter4\framework\system\CodeIgniter.php(918): App\Controllers\Frontend\Homepage\Router->index('vong-tay-tram-h...')
#11 E:\OpenServerPanel\domains\ht.tramhuong.com\vendor\codeigniter4\framework\system\CodeIgniter.php(404): CodeIgniter\CodeIgniter->runController(Object(App\Controllers\Frontend\Homepage\Router))
#12 E:\OpenServerPanel\domains\ht.tramhuong.com\vendor\codeigniter4\framework\system\CodeIgniter.php(312): CodeIgniter\CodeIgniter->handleRequest(NULL, Object(Config\Cache), false)
#13 E:\OpenServerPanel\domains\ht.tramhuong.com\index.php(48): CodeIgniter\CodeIgniter->run()
#14 {main}
CRITICAL - 2022-07-05 03:09:19 --> Undefined variable: cart
#0 E:\OpenServerPanel\domains\ht.tramhuong.com\app\Views\frontend\homepage\common\header.php(28): CodeIgniter\Debug\Exceptions->errorHandler(8, 'Undefined varia...', 'E:\\OpenServerPa...', 28, Array)
#1 E:\OpenServerPanel\domains\ht.tramhuong.com\vendor\codeigniter4\framework\system\View\View.php(246): include('E:\\OpenServerPa...')
#2 E:\OpenServerPanel\domains\ht.tramhuong.com\vendor\codeigniter4\framework\system\Common.php(1119): CodeIgniter\View\View->render('frontend/homepa...', Array, true)
#3 E:\OpenServerPanel\domains\ht.tramhuong.com\app\Views\frontend\homepage\layout\home.php(69): view('frontend/homepa...')
#4 E:\OpenServerPanel\domains\ht.tramhuong.com\vendor\codeigniter4\framework\system\View\View.php(246): include('E:\\OpenServerPa...')
#5 E:\OpenServerPanel\domains\ht.tramhuong.com\vendor\codeigniter4\framework\system\Common.php(1119): CodeIgniter\View\View->render('frontend/homepa...', Array, true)
#6 E:\OpenServerPanel\domains\ht.tramhuong.com\app\Controllers\Frontend\Product\Product.php(127): view('frontend/homepa...', Array)
#7 E:\OpenServerPanel\domains\ht.tramhuong.com\vendor\codeigniter4\framework\system\View\Cell.php(180): App\Controllers\Frontend\Product\Product->index(Array, '1')
#8 E:\OpenServerPanel\domains\ht.tramhuong.com\vendor\codeigniter4\framework\system\Common.php(1140): CodeIgniter\View\Cell->render('\\App\\Controller...', 'id=7, page=1', 0, 'AppControllersF...')
#9 E:\OpenServerPanel\domains\ht.tramhuong.com\app\Controllers\Frontend\Homepage\Router.php(59): view_cell('\\App\\Controller...', 'id=7, page=1')
#10 E:\OpenServerPanel\domains\ht.tramhuong.com\vendor\codeigniter4\framework\system\CodeIgniter.php(918): App\Controllers\Frontend\Homepage\Router->index('vong-tay-tram-h...')
#11 E:\OpenServerPanel\domains\ht.tramhuong.com\vendor\codeigniter4\framework\system\CodeIgniter.php(404): CodeIgniter\CodeIgniter->runController(Object(App\Controllers\Frontend\Homepage\Router))
#12 E:\OpenServerPanel\domains\ht.tramhuong.com\vendor\codeigniter4\framework\system\CodeIgniter.php(312): CodeIgniter\CodeIgniter->handleRequest(NULL, Object(Config\Cache), false)
#13 E:\OpenServerPanel\domains\ht.tramhuong.com\index.php(48): CodeIgniter\CodeIgniter->run()
#14 {main}
CRITICAL - 2022-07-05 03:09:21 --> Undefined variable: cart
#0 E:\OpenServerPanel\domains\ht.tramhuong.com\app\Views\frontend\homepage\common\header.php(28): CodeIgniter\Debug\Exceptions->errorHandler(8, 'Undefined varia...', 'E:\\OpenServerPa...', 28, Array)
#1 E:\OpenServerPanel\domains\ht.tramhuong.com\vendor\codeigniter4\framework\system\View\View.php(246): include('E:\\OpenServerPa...')
#2 E:\OpenServerPanel\domains\ht.tramhuong.com\vendor\codeigniter4\framework\system\Common.php(1119): CodeIgniter\View\View->render('frontend/homepa...', Array, true)
#3 E:\OpenServerPanel\domains\ht.tramhuong.com\app\Views\frontend\homepage\layout\home.php(69): view('frontend/homepa...')
#4 E:\OpenServerPanel\domains\ht.tramhuong.com\vendor\codeigniter4\framework\system\View\View.php(246): include('E:\\OpenServerPa...')
#5 E:\OpenServerPanel\domains\ht.tramhuong.com\vendor\codeigniter4\framework\system\Common.php(1119): CodeIgniter\View\View->render('frontend/homepa...', Array, true)
#6 E:\OpenServerPanel\domains\ht.tramhuong.com\app\Controllers\Frontend\Product\Product.php(127): view('frontend/homepa...', Array)
#7 E:\OpenServerPanel\domains\ht.tramhuong.com\vendor\codeigniter4\framework\system\View\Cell.php(180): App\Controllers\Frontend\Product\Product->index(Array, '1')
#8 E:\OpenServerPanel\domains\ht.tramhuong.com\vendor\codeigniter4\framework\system\Common.php(1140): CodeIgniter\View\Cell->render('\\App\\Controller...', 'id=7, page=1', 0, 'AppControllersF...')
#9 E:\OpenServerPanel\domains\ht.tramhuong.com\app\Controllers\Frontend\Homepage\Router.php(59): view_cell('\\App\\Controller...', 'id=7, page=1')
#10 E:\OpenServerPanel\domains\ht.tramhuong.com\vendor\codeigniter4\framework\system\CodeIgniter.php(918): App\Controllers\Frontend\Homepage\Router->index('vong-tay-tram-h...')
#11 E:\OpenServerPanel\domains\ht.tramhuong.com\vendor\codeigniter4\framework\system\CodeIgniter.php(404): CodeIgniter\CodeIgniter->runController(Object(App\Controllers\Frontend\Homepage\Router))
#12 E:\OpenServerPanel\domains\ht.tramhuong.com\vendor\codeigniter4\framework\system\CodeIgniter.php(312): CodeIgniter\CodeIgniter->handleRequest(NULL, Object(Config\Cache), false)
#13 E:\OpenServerPanel\domains\ht.tramhuong.com\index.php(48): CodeIgniter\CodeIgniter->run()
#14 {main}
CRITICAL - 2022-07-05 03:52:07 --> Undefined variable: val
#0 E:\OpenServerPanel\domains\ht.tramhuong.com\app\Views\frontend\search\index.php(15): CodeIgniter\Debug\Exceptions->errorHandler(8, 'Undefined varia...', 'E:\\OpenServerPa...', 15, Array)
#1 E:\OpenServerPanel\domains\ht.tramhuong.com\vendor\codeigniter4\framework\system\View\View.php(246): include('E:\\OpenServerPa...')
#2 E:\OpenServerPanel\domains\ht.tramhuong.com\vendor\codeigniter4\framework\system\Common.php(1119): CodeIgniter\View\View->render('frontend/search...', Array, true)
#3 E:\OpenServerPanel\domains\ht.tramhuong.com\app\Views\frontend\homepage\layout\home.php(72): view('frontend/search...')
#4 E:\OpenServerPanel\domains\ht.tramhuong.com\vendor\codeigniter4\framework\system\View\View.php(246): include('E:\\OpenServerPa...')
#5 E:\OpenServerPanel\domains\ht.tramhuong.com\vendor\codeigniter4\framework\system\Common.php(1119): CodeIgniter\View\View->render('frontend/homepa...', Array, true)
#6 E:\OpenServerPanel\domains\ht.tramhuong.com\app\Controllers\Frontend\Search\Search.php(46): view('frontend/homepa...', Array)
#7 E:\OpenServerPanel\domains\ht.tramhuong.com\vendor\codeigniter4\framework\system\View\Cell.php(180): App\Controllers\Frontend\Search\Search->index('0', '')
#8 E:\OpenServerPanel\domains\ht.tramhuong.com\vendor\codeigniter4\framework\system\Common.php(1140): CodeIgniter\View\Cell->render('\\App\\Controller...', 'page=0, module=', 0, 'AppControllersF...')
#9 E:\OpenServerPanel\domains\ht.tramhuong.com\app\Controllers\Frontend\Homepage\Router.php(41): view_cell('\\App\\Controller...', 'page=0, module=')
#10 E:\OpenServerPanel\domains\ht.tramhuong.com\vendor\codeigniter4\framework\system\CodeIgniter.php(918): App\Controllers\Frontend\Homepage\Router->search(0)
#11 E:\OpenServerPanel\domains\ht.tramhuong.com\vendor\codeigniter4\framework\system\CodeIgniter.php(404): CodeIgniter\CodeIgniter->runController(Object(App\Controllers\Frontend\Homepage\Router))
#12 E:\OpenServerPanel\domains\ht.tramhuong.com\vendor\codeigniter4\framework\system\CodeIgniter.php(312): CodeIgniter\CodeIgniter->handleRequest(NULL, Object(Config\Cache), false)
#13 E:\OpenServerPanel\domains\ht.tramhuong.com\index.php(48): CodeIgniter\CodeIgniter->run()
#14 {main}
