CRITICAL - 2022-09-16 02:32:25 --> syntax error, unexpected 'dd' (T_STRING), expecting function (T_FUNCTION) or const (T_CONST)
#0 E:\OpenServerPanel\domains\ht.bds.com\vendor\codeigniter4\framework\system\Autoloader\Autoloader.php(296): CodeIgniter\Autoloader\Autoloader->requireFile('E:\\OpenServerPa...')
#1 E:\OpenServerPanel\domains\ht.bds.com\vendor\codeigniter4\framework\system\Autoloader\Autoloader.php(258): CodeIgniter\Autoloader\Autoloader->loadInNamespace('Config\\Filters')
#2 [internal function]: CodeIgniter\Autoloader\Autoloader->loadClass('Config\\Filters')
#3 E:\OpenServerPanel\domains\ht.bds.com\vendor\codeigniter4\framework\system\Config\Services.php(322): spl_autoload_call('Config\\Filters')
#4 E:\OpenServerPanel\domains\ht.bds.com\vendor\codeigniter4\framework\system\Config\BaseService.php(123): CodeIgniter\Config\Services::filters(NULL, false)
#5 E:\OpenServerPanel\domains\ht.bds.com\vendor\codeigniter4\framework\system\Config\Services.php(317): CodeIgniter\Config\BaseService::getSharedInstance('filters', NULL)
#6 E:\OpenServerPanel\domains\ht.bds.com\vendor\codeigniter4\framework\system\CodeIgniter.php(367): CodeIgniter\Config\Services::filters()
#7 E:\OpenServerPanel\domains\ht.bds.com\vendor\codeigniter4\framework\system\CodeIgniter.php(312): CodeIgniter\CodeIgniter->handleRequest(NULL, Object(Config\Cache), false)
#8 E:\OpenServerPanel\domains\ht.bds.com\index.php(48): CodeIgniter\CodeIgniter->run()
#9 {main}
CRITICAL - 2022-09-16 02:32:26 --> syntax error, unexpected 'dd' (T_STRING), expecting function (T_FUNCTION) or const (T_CONST)
#0 E:\OpenServerPanel\domains\ht.bds.com\vendor\codeigniter4\framework\system\Autoloader\Autoloader.php(296): CodeIgniter\Autoloader\Autoloader->requireFile('E:\\OpenServerPa...')
#1 E:\OpenServerPanel\domains\ht.bds.com\vendor\codeigniter4\framework\system\Autoloader\Autoloader.php(258): CodeIgniter\Autoloader\Autoloader->loadInNamespace('Config\\Filters')
#2 [internal function]: CodeIgniter\Autoloader\Autoloader->loadClass('Config\\Filters')
#3 E:\OpenServerPanel\domains\ht.bds.com\vendor\codeigniter4\framework\system\Config\Services.php(322): spl_autoload_call('Config\\Filters')
#4 E:\OpenServerPanel\domains\ht.bds.com\vendor\codeigniter4\framework\system\Config\BaseService.php(123): CodeIgniter\Config\Services::filters(NULL, false)
#5 E:\OpenServerPanel\domains\ht.bds.com\vendor\codeigniter4\framework\system\Config\Services.php(317): CodeIgniter\Config\BaseService::getSharedInstance('filters', NULL)
#6 E:\OpenServerPanel\domains\ht.bds.com\vendor\codeigniter4\framework\system\CodeIgniter.php(367): CodeIgniter\Config\Services::filters()
#7 E:\OpenServerPanel\domains\ht.bds.com\vendor\codeigniter4\framework\system\CodeIgniter.php(312): CodeIgniter\CodeIgniter->handleRequest(NULL, Object(Config\Cache), false)
#8 E:\OpenServerPanel\domains\ht.bds.com\index.php(48): CodeIgniter\CodeIgniter->run()
#9 {main}
CRITICAL - 2022-09-16 02:32:36 --> syntax error, unexpected 'print_r' (T_STRING), expecting function (T_FUNCTION) or const (T_CONST)
#0 E:\OpenServerPanel\domains\ht.bds.com\vendor\codeigniter4\framework\system\Autoloader\Autoloader.php(296): CodeIgniter\Autoloader\Autoloader->requireFile('E:\\OpenServerPa...')
#1 E:\OpenServerPanel\domains\ht.bds.com\vendor\codeigniter4\framework\system\Autoloader\Autoloader.php(258): CodeIgniter\Autoloader\Autoloader->loadInNamespace('Config\\Filters')
#2 [internal function]: CodeIgniter\Autoloader\Autoloader->loadClass('Config\\Filters')
#3 E:\OpenServerPanel\domains\ht.bds.com\vendor\codeigniter4\framework\system\Config\Services.php(322): spl_autoload_call('Config\\Filters')
#4 E:\OpenServerPanel\domains\ht.bds.com\vendor\codeigniter4\framework\system\Config\BaseService.php(123): CodeIgniter\Config\Services::filters(NULL, false)
#5 E:\OpenServerPanel\domains\ht.bds.com\vendor\codeigniter4\framework\system\Config\Services.php(317): CodeIgniter\Config\BaseService::getSharedInstance('filters', NULL)
#6 E:\OpenServerPanel\domains\ht.bds.com\vendor\codeigniter4\framework\system\CodeIgniter.php(367): CodeIgniter\Config\Services::filters()
#7 E:\OpenServerPanel\domains\ht.bds.com\vendor\codeigniter4\framework\system\CodeIgniter.php(312): CodeIgniter\CodeIgniter->handleRequest(NULL, Object(Config\Cache), false)
#8 E:\OpenServerPanel\domains\ht.bds.com\index.php(48): CodeIgniter\CodeIgniter->run()
#9 {main}
CRITICAL - 2022-09-16 02:32:37 --> syntax error, unexpected 'print_r' (T_STRING), expecting function (T_FUNCTION) or const (T_CONST)
#0 E:\OpenServerPanel\domains\ht.bds.com\vendor\codeigniter4\framework\system\Autoloader\Autoloader.php(296): CodeIgniter\Autoloader\Autoloader->requireFile('E:\\OpenServerPa...')
#1 E:\OpenServerPanel\domains\ht.bds.com\vendor\codeigniter4\framework\system\Autoloader\Autoloader.php(258): CodeIgniter\Autoloader\Autoloader->loadInNamespace('Config\\Filters')
#2 [internal function]: CodeIgniter\Autoloader\Autoloader->loadClass('Config\\Filters')
#3 E:\OpenServerPanel\domains\ht.bds.com\vendor\codeigniter4\framework\system\Config\Services.php(322): spl_autoload_call('Config\\Filters')
#4 E:\OpenServerPanel\domains\ht.bds.com\vendor\codeigniter4\framework\system\Config\BaseService.php(123): CodeIgniter\Config\Services::filters(NULL, false)
#5 E:\OpenServerPanel\domains\ht.bds.com\vendor\codeigniter4\framework\system\Config\Services.php(317): CodeIgniter\Config\BaseService::getSharedInstance('filters', NULL)
#6 E:\OpenServerPanel\domains\ht.bds.com\vendor\codeigniter4\framework\system\CodeIgniter.php(367): CodeIgniter\Config\Services::filters()
#7 E:\OpenServerPanel\domains\ht.bds.com\vendor\codeigniter4\framework\system\CodeIgniter.php(312): CodeIgniter\CodeIgniter->handleRequest(NULL, Object(Config\Cache), false)
#8 E:\OpenServerPanel\domains\ht.bds.com\index.php(48): CodeIgniter\CodeIgniter->run()
#9 {main}
CRITICAL - 2022-09-16 02:32:53 --> syntax error, unexpected 'var_dump' (T_STRING), expecting function (T_FUNCTION) or const (T_CONST)
#0 E:\OpenServerPanel\domains\ht.bds.com\vendor\codeigniter4\framework\system\Autoloader\Autoloader.php(296): CodeIgniter\Autoloader\Autoloader->requireFile('E:\\OpenServerPa...')
#1 E:\OpenServerPanel\domains\ht.bds.com\vendor\codeigniter4\framework\system\Autoloader\Autoloader.php(258): CodeIgniter\Autoloader\Autoloader->loadInNamespace('Config\\Filters')
#2 [internal function]: CodeIgniter\Autoloader\Autoloader->loadClass('Config\\Filters')
#3 E:\OpenServerPanel\domains\ht.bds.com\vendor\codeigniter4\framework\system\Config\Services.php(322): spl_autoload_call('Config\\Filters')
#4 E:\OpenServerPanel\domains\ht.bds.com\vendor\codeigniter4\framework\system\Config\BaseService.php(123): CodeIgniter\Config\Services::filters(NULL, false)
#5 E:\OpenServerPanel\domains\ht.bds.com\vendor\codeigniter4\framework\system\Config\Services.php(317): CodeIgniter\Config\BaseService::getSharedInstance('filters', NULL)
#6 E:\OpenServerPanel\domains\ht.bds.com\vendor\codeigniter4\framework\system\CodeIgniter.php(367): CodeIgniter\Config\Services::filters()
#7 E:\OpenServerPanel\domains\ht.bds.com\vendor\codeigniter4\framework\system\CodeIgniter.php(312): CodeIgniter\CodeIgniter->handleRequest(NULL, Object(Config\Cache), false)
#8 E:\OpenServerPanel\domains\ht.bds.com\index.php(48): CodeIgniter\CodeIgniter->run()
#9 {main}
CRITICAL - 2022-09-16 02:32:53 --> syntax error, unexpected 'var_dump' (T_STRING), expecting function (T_FUNCTION) or const (T_CONST)
#0 E:\OpenServerPanel\domains\ht.bds.com\vendor\codeigniter4\framework\system\Autoloader\Autoloader.php(296): CodeIgniter\Autoloader\Autoloader->requireFile('E:\\OpenServerPa...')
#1 E:\OpenServerPanel\domains\ht.bds.com\vendor\codeigniter4\framework\system\Autoloader\Autoloader.php(258): CodeIgniter\Autoloader\Autoloader->loadInNamespace('Config\\Filters')
#2 [internal function]: CodeIgniter\Autoloader\Autoloader->loadClass('Config\\Filters')
#3 E:\OpenServerPanel\domains\ht.bds.com\vendor\codeigniter4\framework\system\Config\Services.php(322): spl_autoload_call('Config\\Filters')
#4 E:\OpenServerPanel\domains\ht.bds.com\vendor\codeigniter4\framework\system\Config\BaseService.php(123): CodeIgniter\Config\Services::filters(NULL, false)
#5 E:\OpenServerPanel\domains\ht.bds.com\vendor\codeigniter4\framework\system\Config\Services.php(317): CodeIgniter\Config\BaseService::getSharedInstance('filters', NULL)
#6 E:\OpenServerPanel\domains\ht.bds.com\vendor\codeigniter4\framework\system\CodeIgniter.php(367): CodeIgniter\Config\Services::filters()
#7 E:\OpenServerPanel\domains\ht.bds.com\vendor\codeigniter4\framework\system\CodeIgniter.php(312): CodeIgniter\CodeIgniter->handleRequest(NULL, Object(Config\Cache), false)
#8 E:\OpenServerPanel\domains\ht.bds.com\index.php(48): CodeIgniter\CodeIgniter->run()
#9 {main}
CRITICAL - 2022-09-16 02:33:05 --> syntax error, unexpected 'echo' (T_ECHO), expecting function (T_FUNCTION) or const (T_CONST)
#0 E:\OpenServerPanel\domains\ht.bds.com\vendor\codeigniter4\framework\system\Autoloader\Autoloader.php(296): CodeIgniter\Autoloader\Autoloader->requireFile('E:\\OpenServerPa...')
#1 E:\OpenServerPanel\domains\ht.bds.com\vendor\codeigniter4\framework\system\Autoloader\Autoloader.php(258): CodeIgniter\Autoloader\Autoloader->loadInNamespace('Config\\Filters')
#2 [internal function]: CodeIgniter\Autoloader\Autoloader->loadClass('Config\\Filters')
#3 E:\OpenServerPanel\domains\ht.bds.com\vendor\codeigniter4\framework\system\Config\Services.php(322): spl_autoload_call('Config\\Filters')
#4 E:\OpenServerPanel\domains\ht.bds.com\vendor\codeigniter4\framework\system\Config\BaseService.php(123): CodeIgniter\Config\Services::filters(NULL, false)
#5 E:\OpenServerPanel\domains\ht.bds.com\vendor\codeigniter4\framework\system\Config\Services.php(317): CodeIgniter\Config\BaseService::getSharedInstance('filters', NULL)
#6 E:\OpenServerPanel\domains\ht.bds.com\vendor\codeigniter4\framework\system\CodeIgniter.php(367): CodeIgniter\Config\Services::filters()
#7 E:\OpenServerPanel\domains\ht.bds.com\vendor\codeigniter4\framework\system\CodeIgniter.php(312): CodeIgniter\CodeIgniter->handleRequest(NULL, Object(Config\Cache), false)
#8 E:\OpenServerPanel\domains\ht.bds.com\index.php(48): CodeIgniter\CodeIgniter->run()
#9 {main}
CRITICAL - 2022-09-16 02:33:06 --> syntax error, unexpected 'echo' (T_ECHO), expecting function (T_FUNCTION) or const (T_CONST)
#0 E:\OpenServerPanel\domains\ht.bds.com\vendor\codeigniter4\framework\system\Autoloader\Autoloader.php(296): CodeIgniter\Autoloader\Autoloader->requireFile('E:\\OpenServerPa...')
#1 E:\OpenServerPanel\domains\ht.bds.com\vendor\codeigniter4\framework\system\Autoloader\Autoloader.php(258): CodeIgniter\Autoloader\Autoloader->loadInNamespace('Config\\Filters')
#2 [internal function]: CodeIgniter\Autoloader\Autoloader->loadClass('Config\\Filters')
#3 E:\OpenServerPanel\domains\ht.bds.com\vendor\codeigniter4\framework\system\Config\Services.php(322): spl_autoload_call('Config\\Filters')
#4 E:\OpenServerPanel\domains\ht.bds.com\vendor\codeigniter4\framework\system\Config\BaseService.php(123): CodeIgniter\Config\Services::filters(NULL, false)
#5 E:\OpenServerPanel\domains\ht.bds.com\vendor\codeigniter4\framework\system\Config\Services.php(317): CodeIgniter\Config\BaseService::getSharedInstance('filters', NULL)
#6 E:\OpenServerPanel\domains\ht.bds.com\vendor\codeigniter4\framework\system\CodeIgniter.php(367): CodeIgniter\Config\Services::filters()
#7 E:\OpenServerPanel\domains\ht.bds.com\vendor\codeigniter4\framework\system\CodeIgniter.php(312): CodeIgniter\CodeIgniter->handleRequest(NULL, Object(Config\Cache), false)
#8 E:\OpenServerPanel\domains\ht.bds.com\index.php(48): CodeIgniter\CodeIgniter->run()
#9 {main}
CRITICAL - 2022-09-16 02:33:06 --> syntax error, unexpected 'echo' (T_ECHO), expecting function (T_FUNCTION) or const (T_CONST)
#0 E:\OpenServerPanel\domains\ht.bds.com\vendor\codeigniter4\framework\system\Autoloader\Autoloader.php(296): CodeIgniter\Autoloader\Autoloader->requireFile('E:\\OpenServerPa...')
#1 E:\OpenServerPanel\domains\ht.bds.com\vendor\codeigniter4\framework\system\Autoloader\Autoloader.php(258): CodeIgniter\Autoloader\Autoloader->loadInNamespace('Config\\Filters')
#2 [internal function]: CodeIgniter\Autoloader\Autoloader->loadClass('Config\\Filters')
#3 E:\OpenServerPanel\domains\ht.bds.com\vendor\codeigniter4\framework\system\Config\Services.php(322): spl_autoload_call('Config\\Filters')
#4 E:\OpenServerPanel\domains\ht.bds.com\vendor\codeigniter4\framework\system\Config\BaseService.php(123): CodeIgniter\Config\Services::filters(NULL, false)
#5 E:\OpenServerPanel\domains\ht.bds.com\vendor\codeigniter4\framework\system\Config\Services.php(317): CodeIgniter\Config\BaseService::getSharedInstance('filters', NULL)
#6 E:\OpenServerPanel\domains\ht.bds.com\vendor\codeigniter4\framework\system\CodeIgniter.php(367): CodeIgniter\Config\Services::filters()
#7 E:\OpenServerPanel\domains\ht.bds.com\vendor\codeigniter4\framework\system\CodeIgniter.php(312): CodeIgniter\CodeIgniter->handleRequest(NULL, Object(Config\Cache), false)
#8 E:\OpenServerPanel\domains\ht.bds.com\index.php(48): CodeIgniter\CodeIgniter->run()
#9 {main}
CRITICAL - 2022-09-16 02:33:06 --> syntax error, unexpected 'echo' (T_ECHO), expecting function (T_FUNCTION) or const (T_CONST)
#0 E:\OpenServerPanel\domains\ht.bds.com\vendor\codeigniter4\framework\system\Autoloader\Autoloader.php(296): CodeIgniter\Autoloader\Autoloader->requireFile('E:\\OpenServerPa...')
#1 E:\OpenServerPanel\domains\ht.bds.com\vendor\codeigniter4\framework\system\Autoloader\Autoloader.php(258): CodeIgniter\Autoloader\Autoloader->loadInNamespace('Config\\Filters')
#2 [internal function]: CodeIgniter\Autoloader\Autoloader->loadClass('Config\\Filters')
#3 E:\OpenServerPanel\domains\ht.bds.com\vendor\codeigniter4\framework\system\Config\Services.php(322): spl_autoload_call('Config\\Filters')
#4 E:\OpenServerPanel\domains\ht.bds.com\vendor\codeigniter4\framework\system\Config\BaseService.php(123): CodeIgniter\Config\Services::filters(NULL, false)
#5 E:\OpenServerPanel\domains\ht.bds.com\vendor\codeigniter4\framework\system\Config\Services.php(317): CodeIgniter\Config\BaseService::getSharedInstance('filters', NULL)
#6 E:\OpenServerPanel\domains\ht.bds.com\vendor\codeigniter4\framework\system\CodeIgniter.php(367): CodeIgniter\Config\Services::filters()
#7 E:\OpenServerPanel\domains\ht.bds.com\vendor\codeigniter4\framework\system\CodeIgniter.php(312): CodeIgniter\CodeIgniter->handleRequest(NULL, Object(Config\Cache), false)
#8 E:\OpenServerPanel\domains\ht.bds.com\index.php(48): CodeIgniter\CodeIgniter->run()
#9 {main}
CRITICAL - 2022-09-16 02:34:06 --> Undefined variable: aliases
#0 E:\OpenServerPanel\domains\ht.bds.com\app\Config\Filters.php(42): CodeIgniter\Debug\Exceptions->errorHandler(8, 'Undefined varia...', 'E:\\OpenServerPa...', 42, Array)
#1 E:\OpenServerPanel\domains\ht.bds.com\vendor\codeigniter4\framework\system\Config\Services.php(322): Config\Filters->__construct()
#2 E:\OpenServerPanel\domains\ht.bds.com\vendor\codeigniter4\framework\system\Config\BaseService.php(123): CodeIgniter\Config\Services::filters(NULL, false)
#3 E:\OpenServerPanel\domains\ht.bds.com\vendor\codeigniter4\framework\system\Config\Services.php(317): CodeIgniter\Config\BaseService::getSharedInstance('filters', NULL)
#4 E:\OpenServerPanel\domains\ht.bds.com\vendor\codeigniter4\framework\system\CodeIgniter.php(367): CodeIgniter\Config\Services::filters()
#5 E:\OpenServerPanel\domains\ht.bds.com\vendor\codeigniter4\framework\system\CodeIgniter.php(312): CodeIgniter\CodeIgniter->handleRequest(NULL, Object(Config\Cache), false)
#6 E:\OpenServerPanel\domains\ht.bds.com\index.php(48): CodeIgniter\CodeIgniter->run()
#7 {main}
CRITICAL - 2022-09-16 02:34:07 --> Undefined variable: aliases
#0 E:\OpenServerPanel\domains\ht.bds.com\app\Config\Filters.php(42): CodeIgniter\Debug\Exceptions->errorHandler(8, 'Undefined varia...', 'E:\\OpenServerPa...', 42, Array)
#1 E:\OpenServerPanel\domains\ht.bds.com\vendor\codeigniter4\framework\system\Config\Services.php(322): Config\Filters->__construct()
#2 E:\OpenServerPanel\domains\ht.bds.com\vendor\codeigniter4\framework\system\Config\BaseService.php(123): CodeIgniter\Config\Services::filters(NULL, false)
#3 E:\OpenServerPanel\domains\ht.bds.com\vendor\codeigniter4\framework\system\Config\Services.php(317): CodeIgniter\Config\BaseService::getSharedInstance('filters', NULL)
#4 E:\OpenServerPanel\domains\ht.bds.com\vendor\codeigniter4\framework\system\CodeIgniter.php(367): CodeIgniter\Config\Services::filters()
#5 E:\OpenServerPanel\domains\ht.bds.com\vendor\codeigniter4\framework\system\CodeIgniter.php(312): CodeIgniter\CodeIgniter->handleRequest(NULL, Object(Config\Cache), false)
#6 E:\OpenServerPanel\domains\ht.bds.com\index.php(48): CodeIgniter\CodeIgniter->run()
#7 {main}
CRITICAL - 2022-09-16 02:34:07 --> Undefined variable: aliases
#0 E:\OpenServerPanel\domains\ht.bds.com\app\Config\Filters.php(42): CodeIgniter\Debug\Exceptions->errorHandler(8, 'Undefined varia...', 'E:\\OpenServerPa...', 42, Array)
#1 E:\OpenServerPanel\domains\ht.bds.com\vendor\codeigniter4\framework\system\Config\Services.php(322): Config\Filters->__construct()
#2 E:\OpenServerPanel\domains\ht.bds.com\vendor\codeigniter4\framework\system\Config\BaseService.php(123): CodeIgniter\Config\Services::filters(NULL, false)
#3 E:\OpenServerPanel\domains\ht.bds.com\vendor\codeigniter4\framework\system\Config\Services.php(317): CodeIgniter\Config\BaseService::getSharedInstance('filters', NULL)
#4 E:\OpenServerPanel\domains\ht.bds.com\vendor\codeigniter4\framework\system\CodeIgniter.php(367): CodeIgniter\Config\Services::filters()
#5 E:\OpenServerPanel\domains\ht.bds.com\vendor\codeigniter4\framework\system\CodeIgniter.php(312): CodeIgniter\CodeIgniter->handleRequest(NULL, Object(Config\Cache), false)
#6 E:\OpenServerPanel\domains\ht.bds.com\index.php(48): CodeIgniter\CodeIgniter->run()
#7 {main}
CRITICAL - 2022-09-16 02:50:56 --> Undefined variable: general
#0 E:\OpenServerPanel\domains\ht.bds.com\app\Views\frontend\homepage\layout\home.php(12): CodeIgniter\Debug\Exceptions->errorHandler(8, 'Undefined varia...', 'E:\\OpenServerPa...', 12, Array)
#1 E:\OpenServerPanel\domains\ht.bds.com\vendor\codeigniter4\framework\system\View\View.php(246): include('E:\\OpenServerPa...')
#2 E:\OpenServerPanel\domains\ht.bds.com\vendor\codeigniter4\framework\system\Common.php(1119): CodeIgniter\View\View->render('frontend/homepa...', Array, true)
#3 E:\OpenServerPanel\domains\ht.bds.com\app\Controllers\Frontend\Member\Profile.php(43): view('frontend/homepa...', Array)
#4 E:\OpenServerPanel\domains\ht.bds.com\vendor\codeigniter4\framework\system\CodeIgniter.php(918): App\Controllers\Frontend\Member\Profile->index()
#5 E:\OpenServerPanel\domains\ht.bds.com\vendor\codeigniter4\framework\system\CodeIgniter.php(404): CodeIgniter\CodeIgniter->runController(Object(App\Controllers\Frontend\Member\Profile))
#6 E:\OpenServerPanel\domains\ht.bds.com\vendor\codeigniter4\framework\system\CodeIgniter.php(312): CodeIgniter\CodeIgniter->handleRequest(NULL, Object(Config\Cache), false)
#7 E:\OpenServerPanel\domains\ht.bds.com\index.php(48): CodeIgniter\CodeIgniter->run()
#8 {main}
CRITICAL - 2022-09-16 02:54:10 --> Undefined variable: general
#0 E:\OpenServerPanel\domains\ht.bds.com\app\Views\frontend\homepage\layout\home.php(12): CodeIgniter\Debug\Exceptions->errorHandler(8, 'Undefined varia...', 'E:\\OpenServerPa...', 12, Array)
#1 E:\OpenServerPanel\domains\ht.bds.com\vendor\codeigniter4\framework\system\View\View.php(246): include('E:\\OpenServerPa...')
#2 E:\OpenServerPanel\domains\ht.bds.com\vendor\codeigniter4\framework\system\Common.php(1119): CodeIgniter\View\View->render('frontend/homepa...', Array, true)
#3 E:\OpenServerPanel\domains\ht.bds.com\app\Controllers\Frontend\Member\Profile.php(43): view('frontend/homepa...', Array)
#4 E:\OpenServerPanel\domains\ht.bds.com\vendor\codeigniter4\framework\system\CodeIgniter.php(918): App\Controllers\Frontend\Member\Profile->index()
#5 E:\OpenServerPanel\domains\ht.bds.com\vendor\codeigniter4\framework\system\CodeIgniter.php(404): CodeIgniter\CodeIgniter->runController(Object(App\Controllers\Frontend\Member\Profile))
#6 E:\OpenServerPanel\domains\ht.bds.com\vendor\codeigniter4\framework\system\CodeIgniter.php(312): CodeIgniter\CodeIgniter->handleRequest(NULL, Object(Config\Cache), false)
#7 E:\OpenServerPanel\domains\ht.bds.com\index.php(48): CodeIgniter\CodeIgniter->run()
#8 {main}
CRITICAL - 2022-09-16 03:09:33 --> syntax error, unexpected ')'
#0 E:\OpenServerPanel\domains\ht.bds.com\vendor\codeigniter4\framework\system\Autoloader\Autoloader.php(296): CodeIgniter\Autoloader\Autoloader->requireFile('E:\\OpenServerPa...')
#1 E:\OpenServerPanel\domains\ht.bds.com\vendor\codeigniter4\framework\system\Autoloader\Autoloader.php(258): CodeIgniter\Autoloader\Autoloader->loadInNamespace('App\\Controllers...')
#2 [internal function]: CodeIgniter\Autoloader\Autoloader->loadClass('App\\Controllers...')
#3 [internal function]: spl_autoload_call('App\\Controllers...')
#4 E:\OpenServerPanel\domains\ht.bds.com\vendor\codeigniter4\framework\system\CodeIgniter.php(869): class_exists('\\App\\Controller...', true)
#5 E:\OpenServerPanel\domains\ht.bds.com\vendor\codeigniter4\framework\system\CodeIgniter.php(394): CodeIgniter\CodeIgniter->startController()
#6 E:\OpenServerPanel\domains\ht.bds.com\vendor\codeigniter4\framework\system\CodeIgniter.php(312): CodeIgniter\CodeIgniter->handleRequest(NULL, Object(Config\Cache), false)
#7 E:\OpenServerPanel\domains\ht.bds.com\index.php(48): CodeIgniter\CodeIgniter->run()
#8 {main}
CRITICAL - 2022-09-16 03:09:59 --> syntax error, unexpected ')'
#0 E:\OpenServerPanel\domains\ht.bds.com\vendor\codeigniter4\framework\system\Autoloader\Autoloader.php(296): CodeIgniter\Autoloader\Autoloader->requireFile('E:\\OpenServerPa...')
#1 E:\OpenServerPanel\domains\ht.bds.com\vendor\codeigniter4\framework\system\Autoloader\Autoloader.php(258): CodeIgniter\Autoloader\Autoloader->loadInNamespace('App\\Controllers...')
#2 [internal function]: CodeIgniter\Autoloader\Autoloader->loadClass('App\\Controllers...')
#3 [internal function]: spl_autoload_call('App\\Controllers...')
#4 E:\OpenServerPanel\domains\ht.bds.com\vendor\codeigniter4\framework\system\CodeIgniter.php(869): class_exists('\\App\\Controller...', true)
#5 E:\OpenServerPanel\domains\ht.bds.com\vendor\codeigniter4\framework\system\CodeIgniter.php(394): CodeIgniter\CodeIgniter->startController()
#6 E:\OpenServerPanel\domains\ht.bds.com\vendor\codeigniter4\framework\system\CodeIgniter.php(312): CodeIgniter\CodeIgniter->handleRequest(NULL, Object(Config\Cache), false)
#7 E:\OpenServerPanel\domains\ht.bds.com\index.php(48): CodeIgniter\CodeIgniter->run()
#8 {main}
CRITICAL - 2022-09-16 20:01:51 --> Undefined variable: totalTime
#0 E:\OpenServerPanel\domains\ht.bds.com\vendor\codeigniter4\framework\system\Debug\Toolbar\Views\toolbar.tpl.php(56): CodeIgniter\Debug\Exceptions->errorHandler(8, 'Undefined varia...', 'E:\\OpenServerPa...', 56, Array)
#1 E:\OpenServerPanel\domains\ht.bds.com\vendor\codeigniter4\framework\system\Debug\Toolbar.php(498): include('E:\\OpenServerPa...')
#2 E:\OpenServerPanel\domains\ht.bds.com\vendor\codeigniter4\framework\system\Debug\Toolbar.php(455): CodeIgniter\Debug\Toolbar->format(Array, 'html')
#3 E:\OpenServerPanel\domains\ht.bds.com\app\Config\Events.php(44): CodeIgniter\Debug\Toolbar->respond()
#4 [internal function]: CodeIgniter\Events\Events::Config\{closure}()
#5 E:\OpenServerPanel\domains\ht.bds.com\vendor\codeigniter4\framework\system\Events\Events.php(188): call_user_func(Object(Closure))
#6 E:\OpenServerPanel\domains\ht.bds.com\vendor\codeigniter4\framework\system\CodeIgniter.php(293): CodeIgniter\Events\Events::trigger('pre_system')
#7 E:\OpenServerPanel\domains\ht.bds.com\index.php(48): CodeIgniter\CodeIgniter->run()
#8 {main}
CRITICAL - 2022-09-16 20:28:43 --> Undefined index: city_id
#0 E:\OpenServerPanel\domains\ht.bds.com\app\Views\frontend\member\profile\info.php(38): CodeIgniter\Debug\Exceptions->errorHandler(8, 'Undefined index...', 'E:\\OpenServerPa...', 38, Array)
#1 E:\OpenServerPanel\domains\ht.bds.com\vendor\codeigniter4\framework\system\View\View.php(246): include('E:\\OpenServerPa...')
#2 E:\OpenServerPanel\domains\ht.bds.com\vendor\codeigniter4\framework\system\Common.php(1119): CodeIgniter\View\View->render('frontend/member...', Array, true)
#3 E:\OpenServerPanel\domains\ht.bds.com\app\Views\frontend\homepage\layout\home.php(43): view('frontend/member...')
#4 E:\OpenServerPanel\domains\ht.bds.com\vendor\codeigniter4\framework\system\View\View.php(246): include('E:\\OpenServerPa...')
#5 E:\OpenServerPanel\domains\ht.bds.com\vendor\codeigniter4\framework\system\Common.php(1119): CodeIgniter\View\View->render('frontend/homepa...', Array, true)
#6 E:\OpenServerPanel\domains\ht.bds.com\app\Controllers\Frontend\Member\Profile.php(65): view('frontend/homepa...', Array)
#7 E:\OpenServerPanel\domains\ht.bds.com\vendor\codeigniter4\framework\system\CodeIgniter.php(918): App\Controllers\Frontend\Member\Profile->info()
#8 E:\OpenServerPanel\domains\ht.bds.com\vendor\codeigniter4\framework\system\CodeIgniter.php(404): CodeIgniter\CodeIgniter->runController(Object(App\Controllers\Frontend\Member\Profile))
#9 E:\OpenServerPanel\domains\ht.bds.com\vendor\codeigniter4\framework\system\CodeIgniter.php(312): CodeIgniter\CodeIgniter->handleRequest(NULL, Object(Config\Cache), false)
#10 E:\OpenServerPanel\domains\ht.bds.com\index.php(48): CodeIgniter\CodeIgniter->run()
#11 {main}
CRITICAL - 2022-09-16 20:29:13 --> Undefined variable: province
#0 E:\OpenServerPanel\domains\ht.bds.com\app\Views\frontend\member\profile\info.php(47): CodeIgniter\Debug\Exceptions->errorHandler(8, 'Undefined varia...', 'E:\\OpenServerPa...', 47, Array)
#1 E:\OpenServerPanel\domains\ht.bds.com\vendor\codeigniter4\framework\system\View\View.php(246): include('E:\\OpenServerPa...')
#2 E:\OpenServerPanel\domains\ht.bds.com\vendor\codeigniter4\framework\system\Common.php(1119): CodeIgniter\View\View->render('frontend/member...', Array, true)
#3 E:\OpenServerPanel\domains\ht.bds.com\app\Views\frontend\homepage\layout\home.php(43): view('frontend/member...')
#4 E:\OpenServerPanel\domains\ht.bds.com\vendor\codeigniter4\framework\system\View\View.php(246): include('E:\\OpenServerPa...')
#5 E:\OpenServerPanel\domains\ht.bds.com\vendor\codeigniter4\framework\system\Common.php(1119): CodeIgniter\View\View->render('frontend/homepa...', Array, true)
#6 E:\OpenServerPanel\domains\ht.bds.com\app\Controllers\Frontend\Member\Profile.php(65): view('frontend/homepa...', Array)
#7 E:\OpenServerPanel\domains\ht.bds.com\vendor\codeigniter4\framework\system\CodeIgniter.php(918): App\Controllers\Frontend\Member\Profile->info()
#8 E:\OpenServerPanel\domains\ht.bds.com\vendor\codeigniter4\framework\system\CodeIgniter.php(404): CodeIgniter\CodeIgniter->runController(Object(App\Controllers\Frontend\Member\Profile))
#9 E:\OpenServerPanel\domains\ht.bds.com\vendor\codeigniter4\framework\system\CodeIgniter.php(312): CodeIgniter\CodeIgniter->handleRequest(NULL, Object(Config\Cache), false)
#10 E:\OpenServerPanel\domains\ht.bds.com\index.php(48): CodeIgniter\CodeIgniter->run()
#11 {main}
CRITICAL - 2022-09-16 20:29:14 --> Undefined variable: province
#0 E:\OpenServerPanel\domains\ht.bds.com\app\Views\frontend\member\profile\info.php(47): CodeIgniter\Debug\Exceptions->errorHandler(8, 'Undefined varia...', 'E:\\OpenServerPa...', 47, Array)
#1 E:\OpenServerPanel\domains\ht.bds.com\vendor\codeigniter4\framework\system\View\View.php(246): include('E:\\OpenServerPa...')
#2 E:\OpenServerPanel\domains\ht.bds.com\vendor\codeigniter4\framework\system\Common.php(1119): CodeIgniter\View\View->render('frontend/member...', Array, true)
#3 E:\OpenServerPanel\domains\ht.bds.com\app\Views\frontend\homepage\layout\home.php(43): view('frontend/member...')
#4 E:\OpenServerPanel\domains\ht.bds.com\vendor\codeigniter4\framework\system\View\View.php(246): include('E:\\OpenServerPa...')
#5 E:\OpenServerPanel\domains\ht.bds.com\vendor\codeigniter4\framework\system\Common.php(1119): CodeIgniter\View\View->render('frontend/homepa...', Array, true)
#6 E:\OpenServerPanel\domains\ht.bds.com\app\Controllers\Frontend\Member\Profile.php(65): view('frontend/homepa...', Array)
#7 E:\OpenServerPanel\domains\ht.bds.com\vendor\codeigniter4\framework\system\CodeIgniter.php(918): App\Controllers\Frontend\Member\Profile->info()
#8 E:\OpenServerPanel\domains\ht.bds.com\vendor\codeigniter4\framework\system\CodeIgniter.php(404): CodeIgniter\CodeIgniter->runController(Object(App\Controllers\Frontend\Member\Profile))
#9 E:\OpenServerPanel\domains\ht.bds.com\vendor\codeigniter4\framework\system\CodeIgniter.php(312): CodeIgniter\CodeIgniter->handleRequest(NULL, Object(Config\Cache), false)
#10 E:\OpenServerPanel\domains\ht.bds.com\index.php(48): CodeIgniter\CodeIgniter->run()
#11 {main}
CRITICAL - 2022-09-16 20:29:15 --> Undefined variable: province
#0 E:\OpenServerPanel\domains\ht.bds.com\app\Views\frontend\member\profile\info.php(47): CodeIgniter\Debug\Exceptions->errorHandler(8, 'Undefined varia...', 'E:\\OpenServerPa...', 47, Array)
#1 E:\OpenServerPanel\domains\ht.bds.com\vendor\codeigniter4\framework\system\View\View.php(246): include('E:\\OpenServerPa...')
#2 E:\OpenServerPanel\domains\ht.bds.com\vendor\codeigniter4\framework\system\Common.php(1119): CodeIgniter\View\View->render('frontend/member...', Array, true)
#3 E:\OpenServerPanel\domains\ht.bds.com\app\Views\frontend\homepage\layout\home.php(43): view('frontend/member...')
#4 E:\OpenServerPanel\domains\ht.bds.com\vendor\codeigniter4\framework\system\View\View.php(246): include('E:\\OpenServerPa...')
#5 E:\OpenServerPanel\domains\ht.bds.com\vendor\codeigniter4\framework\system\Common.php(1119): CodeIgniter\View\View->render('frontend/homepa...', Array, true)
#6 E:\OpenServerPanel\domains\ht.bds.com\app\Controllers\Frontend\Member\Profile.php(65): view('frontend/homepa...', Array)
#7 E:\OpenServerPanel\domains\ht.bds.com\vendor\codeigniter4\framework\system\CodeIgniter.php(918): App\Controllers\Frontend\Member\Profile->info()
#8 E:\OpenServerPanel\domains\ht.bds.com\vendor\codeigniter4\framework\system\CodeIgniter.php(404): CodeIgniter\CodeIgniter->runController(Object(App\Controllers\Frontend\Member\Profile))
#9 E:\OpenServerPanel\domains\ht.bds.com\vendor\codeigniter4\framework\system\CodeIgniter.php(312): CodeIgniter\CodeIgniter->handleRequest(NULL, Object(Config\Cache), false)
#10 E:\OpenServerPanel\domains\ht.bds.com\index.php(48): CodeIgniter\CodeIgniter->run()
#11 {main}
CRITICAL - 2022-09-16 20:45:13 --> Undefined property: App\Controllers\Frontend\Member\Profile::$session
#0 E:\OpenServerPanel\domains\ht.bds.com\app\Controllers\Frontend\Member\Profile.php(61): CodeIgniter\Debug\Exceptions->errorHandler(8, 'Undefined prope...', 'E:\\OpenServerPa...', 61, Array)
#1 E:\OpenServerPanel\domains\ht.bds.com\vendor\codeigniter4\framework\system\CodeIgniter.php(918): App\Controllers\Frontend\Member\Profile->info()
#2 E:\OpenServerPanel\domains\ht.bds.com\vendor\codeigniter4\framework\system\CodeIgniter.php(404): CodeIgniter\CodeIgniter->runController(Object(App\Controllers\Frontend\Member\Profile))
#3 E:\OpenServerPanel\domains\ht.bds.com\vendor\codeigniter4\framework\system\CodeIgniter.php(312): CodeIgniter\CodeIgniter->handleRequest(NULL, Object(Config\Cache), false)
#4 E:\OpenServerPanel\domains\ht.bds.com\index.php(48): CodeIgniter\CodeIgniter->run()
#5 {main}
CRITICAL - 2022-09-16 21:06:21 --> syntax error, unexpected ';', expecting ']'
#0 E:\OpenServerPanel\domains\ht.bds.com\vendor\codeigniter4\framework\system\Autoloader\Autoloader.php(296): CodeIgniter\Autoloader\Autoloader->requireFile('E:\\OpenServerPa...')
#1 E:\OpenServerPanel\domains\ht.bds.com\vendor\codeigniter4\framework\system\Autoloader\Autoloader.php(258): CodeIgniter\Autoloader\Autoloader->loadInNamespace('App\\Controllers...')
#2 [internal function]: CodeIgniter\Autoloader\Autoloader->loadClass('App\\Controllers...')
#3 [internal function]: spl_autoload_call('App\\Controllers...')
#4 E:\OpenServerPanel\domains\ht.bds.com\vendor\codeigniter4\framework\system\CodeIgniter.php(869): class_exists('\\App\\Controller...', true)
#5 E:\OpenServerPanel\domains\ht.bds.com\vendor\codeigniter4\framework\system\CodeIgniter.php(394): CodeIgniter\CodeIgniter->startController()
#6 E:\OpenServerPanel\domains\ht.bds.com\vendor\codeigniter4\framework\system\CodeIgniter.php(312): CodeIgniter\CodeIgniter->handleRequest(NULL, Object(Config\Cache), false)
#7 E:\OpenServerPanel\domains\ht.bds.com\index.php(48): CodeIgniter\CodeIgniter->run()
#8 {main}
CRITICAL - 2022-09-16 21:06:46 --> syntax error, unexpected ';', expecting ']'
#0 E:\OpenServerPanel\domains\ht.bds.com\vendor\codeigniter4\framework\system\Autoloader\Autoloader.php(296): CodeIgniter\Autoloader\Autoloader->requireFile('E:\\OpenServerPa...')
#1 E:\OpenServerPanel\domains\ht.bds.com\vendor\codeigniter4\framework\system\Autoloader\Autoloader.php(258): CodeIgniter\Autoloader\Autoloader->loadInNamespace('App\\Services\\Me...')
#2 [internal function]: CodeIgniter\Autoloader\Autoloader->loadClass('App\\Services\\Me...')
#3 E:\OpenServerPanel\domains\ht.bds.com\app\Config\Services.php(30): spl_autoload_call('App\\Services\\Me...')
#4 E:\OpenServerPanel\domains\ht.bds.com\vendor\codeigniter4\framework\system\Config\BaseService.php(123): Config\Services::MemberService(Array, false)
#5 E:\OpenServerPanel\domains\ht.bds.com\app\Config\Services.php(27): CodeIgniter\Config\BaseService::getSharedInstance('memberservice', Array)
#6 E:\OpenServerPanel\domains\ht.bds.com\vendor\codeigniter4\framework\system\Common.php(957): Config\Services::MemberService(Array)
#7 E:\OpenServerPanel\domains\ht.bds.com\app\Controllers\Frontend\Member\Profile.php(20): service('MemberService', Array)
#8 E:\OpenServerPanel\domains\ht.bds.com\vendor\codeigniter4\framework\system\CodeIgniter.php(890): App\Controllers\Frontend\Member\Profile->__construct()
#9 E:\OpenServerPanel\domains\ht.bds.com\vendor\codeigniter4\framework\system\CodeIgniter.php(399): CodeIgniter\CodeIgniter->createController()
#10 E:\OpenServerPanel\domains\ht.bds.com\vendor\codeigniter4\framework\system\CodeIgniter.php(312): CodeIgniter\CodeIgniter->handleRequest(NULL, Object(Config\Cache), false)
#11 E:\OpenServerPanel\domains\ht.bds.com\index.php(48): CodeIgniter\CodeIgniter->run()
#12 {main}
CRITICAL - 2022-09-16 21:06:47 --> syntax error, unexpected ';', expecting ']'
#0 E:\OpenServerPanel\domains\ht.bds.com\vendor\codeigniter4\framework\system\Autoloader\Autoloader.php(296): CodeIgniter\Autoloader\Autoloader->requireFile('E:\\OpenServerPa...')
#1 E:\OpenServerPanel\domains\ht.bds.com\vendor\codeigniter4\framework\system\Autoloader\Autoloader.php(258): CodeIgniter\Autoloader\Autoloader->loadInNamespace('App\\Services\\Me...')
#2 [internal function]: CodeIgniter\Autoloader\Autoloader->loadClass('App\\Services\\Me...')
#3 E:\OpenServerPanel\domains\ht.bds.com\app\Config\Services.php(30): spl_autoload_call('App\\Services\\Me...')
#4 E:\OpenServerPanel\domains\ht.bds.com\vendor\codeigniter4\framework\system\Config\BaseService.php(123): Config\Services::MemberService(Array, false)
#5 E:\OpenServerPanel\domains\ht.bds.com\app\Config\Services.php(27): CodeIgniter\Config\BaseService::getSharedInstance('memberservice', Array)
#6 E:\OpenServerPanel\domains\ht.bds.com\vendor\codeigniter4\framework\system\Common.php(957): Config\Services::MemberService(Array)
#7 E:\OpenServerPanel\domains\ht.bds.com\app\Controllers\Frontend\Member\Profile.php(20): service('MemberService', Array)
#8 E:\OpenServerPanel\domains\ht.bds.com\vendor\codeigniter4\framework\system\CodeIgniter.php(890): App\Controllers\Frontend\Member\Profile->__construct()
#9 E:\OpenServerPanel\domains\ht.bds.com\vendor\codeigniter4\framework\system\CodeIgniter.php(399): CodeIgniter\CodeIgniter->createController()
#10 E:\OpenServerPanel\domains\ht.bds.com\vendor\codeigniter4\framework\system\CodeIgniter.php(312): CodeIgniter\CodeIgniter->handleRequest(NULL, Object(Config\Cache), false)
#11 E:\OpenServerPanel\domains\ht.bds.com\index.php(48): CodeIgniter\CodeIgniter->run()
#12 {main}
CRITICAL - 2022-09-16 21:06:47 --> syntax error, unexpected ';', expecting ']'
#0 E:\OpenServerPanel\domains\ht.bds.com\vendor\codeigniter4\framework\system\Autoloader\Autoloader.php(296): CodeIgniter\Autoloader\Autoloader->requireFile('E:\\OpenServerPa...')
#1 E:\OpenServerPanel\domains\ht.bds.com\vendor\codeigniter4\framework\system\Autoloader\Autoloader.php(258): CodeIgniter\Autoloader\Autoloader->loadInNamespace('App\\Services\\Me...')
#2 [internal function]: CodeIgniter\Autoloader\Autoloader->loadClass('App\\Services\\Me...')
#3 E:\OpenServerPanel\domains\ht.bds.com\app\Config\Services.php(30): spl_autoload_call('App\\Services\\Me...')
#4 E:\OpenServerPanel\domains\ht.bds.com\vendor\codeigniter4\framework\system\Config\BaseService.php(123): Config\Services::MemberService(Array, false)
#5 E:\OpenServerPanel\domains\ht.bds.com\app\Config\Services.php(27): CodeIgniter\Config\BaseService::getSharedInstance('memberservice', Array)
#6 E:\OpenServerPanel\domains\ht.bds.com\vendor\codeigniter4\framework\system\Common.php(957): Config\Services::MemberService(Array)
#7 E:\OpenServerPanel\domains\ht.bds.com\app\Controllers\Frontend\Member\Profile.php(20): service('MemberService', Array)
#8 E:\OpenServerPanel\domains\ht.bds.com\vendor\codeigniter4\framework\system\CodeIgniter.php(890): App\Controllers\Frontend\Member\Profile->__construct()
#9 E:\OpenServerPanel\domains\ht.bds.com\vendor\codeigniter4\framework\system\CodeIgniter.php(399): CodeIgniter\CodeIgniter->createController()
#10 E:\OpenServerPanel\domains\ht.bds.com\vendor\codeigniter4\framework\system\CodeIgniter.php(312): CodeIgniter\CodeIgniter->handleRequest(NULL, Object(Config\Cache), false)
#11 E:\OpenServerPanel\domains\ht.bds.com\index.php(48): CodeIgniter\CodeIgniter->run()
#12 {main}
CRITICAL - 2022-09-16 21:08:54 --> Undefined variable: errorValidate
#0 E:\OpenServerPanel\domains\ht.bds.com\app\Controllers\Frontend\Member\Profile.php(142): CodeIgniter\Debug\Exceptions->errorHandler(8, 'Undefined varia...', 'E:\\OpenServerPa...', 142, Array)
#1 E:\OpenServerPanel\domains\ht.bds.com\app\Controllers\Frontend\Member\Profile.php(98): App\Controllers\Frontend\Member\Profile->change_password()
#2 E:\OpenServerPanel\domains\ht.bds.com\vendor\codeigniter4\framework\system\CodeIgniter.php(918): App\Controllers\Frontend\Member\Profile->changePassword()
#3 E:\OpenServerPanel\domains\ht.bds.com\vendor\codeigniter4\framework\system\CodeIgniter.php(404): CodeIgniter\CodeIgniter->runController(Object(App\Controllers\Frontend\Member\Profile))
#4 E:\OpenServerPanel\domains\ht.bds.com\vendor\codeigniter4\framework\system\CodeIgniter.php(312): CodeIgniter\CodeIgniter->handleRequest(NULL, Object(Config\Cache), false)
#5 E:\OpenServerPanel\domains\ht.bds.com\index.php(48): CodeIgniter\CodeIgniter->run()
#6 {main}
CRITICAL - 2022-09-16 21:09:31 --> Undefined variable: errorValidate
#0 E:\OpenServerPanel\domains\ht.bds.com\app\Controllers\Frontend\Member\Profile.php(141): CodeIgniter\Debug\Exceptions->errorHandler(8, 'Undefined varia...', 'E:\\OpenServerPa...', 141, Array)
#1 E:\OpenServerPanel\domains\ht.bds.com\app\Controllers\Frontend\Member\Profile.php(96): App\Controllers\Frontend\Member\Profile->change_password()
#2 E:\OpenServerPanel\domains\ht.bds.com\vendor\codeigniter4\framework\system\CodeIgniter.php(918): App\Controllers\Frontend\Member\Profile->changePassword()
#3 E:\OpenServerPanel\domains\ht.bds.com\vendor\codeigniter4\framework\system\CodeIgniter.php(404): CodeIgniter\CodeIgniter->runController(Object(App\Controllers\Frontend\Member\Profile))
#4 E:\OpenServerPanel\domains\ht.bds.com\vendor\codeigniter4\framework\system\CodeIgniter.php(312): CodeIgniter\CodeIgniter->handleRequest(NULL, Object(Config\Cache), false)
#5 E:\OpenServerPanel\domains\ht.bds.com\index.php(48): CodeIgniter\CodeIgniter->run()
#6 {main}
CRITICAL - 2022-09-16 21:10:10 --> Undefined variable: member
#0 E:\OpenServerPanel\domains\ht.bds.com\app\Controllers\Frontend\Member\Profile.php(100): CodeIgniter\Debug\Exceptions->errorHandler(8, 'Undefined varia...', 'E:\\OpenServerPa...', 100, Array)
#1 E:\OpenServerPanel\domains\ht.bds.com\vendor\codeigniter4\framework\system\CodeIgniter.php(918): App\Controllers\Frontend\Member\Profile->changePassword()
#2 E:\OpenServerPanel\domains\ht.bds.com\vendor\codeigniter4\framework\system\CodeIgniter.php(404): CodeIgniter\CodeIgniter->runController(Object(App\Controllers\Frontend\Member\Profile))
#3 E:\OpenServerPanel\domains\ht.bds.com\vendor\codeigniter4\framework\system\CodeIgniter.php(312): CodeIgniter\CodeIgniter->handleRequest(NULL, Object(Config\Cache), false)
#4 E:\OpenServerPanel\domains\ht.bds.com\index.php(48): CodeIgniter\CodeIgniter->run()
#5 {main}
CRITICAL - 2022-09-16 21:10:29 --> Call to undefined function App\Services\random_string()
#0 E:\OpenServerPanel\domains\ht.bds.com\app\Controllers\Frontend\Member\Profile.php(100): App\Services\MemberService->changePassword(Array)
#1 E:\OpenServerPanel\domains\ht.bds.com\vendor\codeigniter4\framework\system\CodeIgniter.php(918): App\Controllers\Frontend\Member\Profile->changePassword()
#2 E:\OpenServerPanel\domains\ht.bds.com\vendor\codeigniter4\framework\system\CodeIgniter.php(404): CodeIgniter\CodeIgniter->runController(Object(App\Controllers\Frontend\Member\Profile))
#3 E:\OpenServerPanel\domains\ht.bds.com\vendor\codeigniter4\framework\system\CodeIgniter.php(312): CodeIgniter\CodeIgniter->handleRequest(NULL, Object(Config\Cache), false)
#4 E:\OpenServerPanel\domains\ht.bds.com\index.php(48): CodeIgniter\CodeIgniter->run()
#5 {main}
CRITICAL - 2022-09-16 21:14:51 --> Cannot declare class App\Controllers\Frontend\Member\Member because the name is already in use
#0 [internal function]: CodeIgniter\Debug\Exceptions->shutdownHandler()
#1 {main}
CRITICAL - 2022-09-16 21:14:52 --> Cannot declare class App\Controllers\Frontend\Member\Member because the name is already in use
#0 [internal function]: CodeIgniter\Debug\Exceptions->shutdownHandler()
#1 {main}
