CRITICAL - 2022-06-27 03:16:00 --> Unable to connect to the database.
#0 E:\OpenServerPanel\domains\ht.caydothi.com\vendor\codeigniter4\framework\system\Database\BaseConnection.php(646): CodeIgniter\Database\BaseConnection->initialize()
#1 E:\OpenServerPanel\domains\ht.caydothi.com\vendor\codeigniter4\framework\system\Database\BaseBuilder.php(1860): CodeIgniter\Database\BaseConnection->query('SELECT `keyword...', Array, false)
#2 E:\OpenServerPanel\domains\ht.caydothi.com\app\Models\AutoloadModel.php(76): CodeIgniter\Database\BaseBuilder->get()
#3 E:\OpenServerPanel\domains\ht.caydothi.com\app\Helpers\mydatafrontend_helper.php(166): App\Models\AutoloadModel->_get_where(Array, true)
#4 E:\OpenServerPanel\domains\ht.caydothi.com\app\Controllers\FrontendController.php(27): get_general('vi')
#5 E:\OpenServerPanel\domains\ht.caydothi.com\vendor\codeigniter4\framework\system\CodeIgniter.php(891): App\Controllers\FrontendController->initController(Object(CodeIgniter\HTTP\IncomingRequest), Object(CodeIgniter\HTTP\Response), Object(CodeIgniter\Log\Logger))
#6 E:\OpenServerPanel\domains\ht.caydothi.com\vendor\codeigniter4\framework\system\CodeIgniter.php(399): CodeIgniter\CodeIgniter->createController()
#7 E:\OpenServerPanel\domains\ht.caydothi.com\vendor\codeigniter4\framework\system\CodeIgniter.php(312): CodeIgniter\CodeIgniter->handleRequest(NULL, Object(Config\Cache), false)
#8 E:\OpenServerPanel\domains\ht.caydothi.com\index.php(48): CodeIgniter\CodeIgniter->run()
#9 {main}
CRITICAL - 2022-06-27 03:21:33 --> Undefined variable: cookie
#0 E:\OpenServerPanel\domains\ht.caydothi.com\app\Views\frontend\homepage\common\header.php(39): CodeIgniter\Debug\Exceptions->errorHandler(8, 'Undefined varia...', 'E:\\OpenServerPa...', 39, Array)
#1 E:\OpenServerPanel\domains\ht.caydothi.com\vendor\codeigniter4\framework\system\View\View.php(246): include('E:\\OpenServerPa...')
#2 E:\OpenServerPanel\domains\ht.caydothi.com\vendor\codeigniter4\framework\system\Common.php(1119): CodeIgniter\View\View->render('frontend/homepa...', Array, true)
#3 E:\OpenServerPanel\domains\ht.caydothi.com\app\Views\frontend\homepage\layout\home.php(69): view('frontend/homepa...')
#4 E:\OpenServerPanel\domains\ht.caydothi.com\vendor\codeigniter4\framework\system\View\View.php(246): include('E:\\OpenServerPa...')
#5 E:\OpenServerPanel\domains\ht.caydothi.com\vendor\codeigniter4\framework\system\Common.php(1119): CodeIgniter\View\View->render('frontend/homepa...', Array, true)
#6 E:\OpenServerPanel\domains\ht.caydothi.com\app\Controllers\Frontend\Homepage\Home.php(70): view('frontend/homepa...', Array)
#7 E:\OpenServerPanel\domains\ht.caydothi.com\vendor\codeigniter4\framework\system\CodeIgniter.php(918): App\Controllers\Frontend\Homepage\Home->index()
#8 E:\OpenServerPanel\domains\ht.caydothi.com\vendor\codeigniter4\framework\system\CodeIgniter.php(404): CodeIgniter\CodeIgniter->runController(Object(App\Controllers\Frontend\Homepage\Home))
#9 E:\OpenServerPanel\domains\ht.caydothi.com\vendor\codeigniter4\framework\system\CodeIgniter.php(312): CodeIgniter\CodeIgniter->handleRequest(NULL, Object(Config\Cache), false)
#10 E:\OpenServerPanel\domains\ht.caydothi.com\index.php(48): CodeIgniter\CodeIgniter->run()
#11 {main}
CRITICAL - 2022-06-27 03:38:48 --> Call to undefined function App\Controllers\Frontend\Homepage\file_get_content()
#0 E:\OpenServerPanel\domains\ht.caydothi.com\vendor\codeigniter4\framework\system\CodeIgniter.php(918): App\Controllers\Frontend\Homepage\Home->crawler()
#1 E:\OpenServerPanel\domains\ht.caydothi.com\vendor\codeigniter4\framework\system\CodeIgniter.php(404): CodeIgniter\CodeIgniter->runController(Object(App\Controllers\Frontend\Homepage\Home))
#2 E:\OpenServerPanel\domains\ht.caydothi.com\vendor\codeigniter4\framework\system\CodeIgniter.php(312): CodeIgniter\CodeIgniter->handleRequest(NULL, Object(Config\Cache), false)
#3 E:\OpenServerPanel\domains\ht.caydothi.com\index.php(48): CodeIgniter\CodeIgniter->run()
#4 {main}
CRITICAL - 2022-06-27 03:38:48 --> Call to undefined function App\Controllers\Frontend\Homepage\file_get_content()
#0 E:\OpenServerPanel\domains\ht.caydothi.com\vendor\codeigniter4\framework\system\CodeIgniter.php(918): App\Controllers\Frontend\Homepage\Home->crawler()
#1 E:\OpenServerPanel\domains\ht.caydothi.com\vendor\codeigniter4\framework\system\CodeIgniter.php(404): CodeIgniter\CodeIgniter->runController(Object(App\Controllers\Frontend\Homepage\Home))
#2 E:\OpenServerPanel\domains\ht.caydothi.com\vendor\codeigniter4\framework\system\CodeIgniter.php(312): CodeIgniter\CodeIgniter->handleRequest(NULL, Object(Config\Cache), false)
#3 E:\OpenServerPanel\domains\ht.caydothi.com\index.php(48): CodeIgniter\CodeIgniter->run()
#4 {main}
CRITICAL - 2022-06-27 03:38:49 --> Call to undefined function App\Controllers\Frontend\Homepage\file_get_content()
#0 E:\OpenServerPanel\domains\ht.caydothi.com\vendor\codeigniter4\framework\system\CodeIgniter.php(918): App\Controllers\Frontend\Homepage\Home->crawler()
#1 E:\OpenServerPanel\domains\ht.caydothi.com\vendor\codeigniter4\framework\system\CodeIgniter.php(404): CodeIgniter\CodeIgniter->runController(Object(App\Controllers\Frontend\Homepage\Home))
#2 E:\OpenServerPanel\domains\ht.caydothi.com\vendor\codeigniter4\framework\system\CodeIgniter.php(312): CodeIgniter\CodeIgniter->handleRequest(NULL, Object(Config\Cache), false)
#3 E:\OpenServerPanel\domains\ht.caydothi.com\index.php(48): CodeIgniter\CodeIgniter->run()
#4 {main}
CRITICAL - 2022-06-27 03:38:49 --> Call to undefined function App\Controllers\Frontend\Homepage\file_get_content()
#0 E:\OpenServerPanel\domains\ht.caydothi.com\vendor\codeigniter4\framework\system\CodeIgniter.php(918): App\Controllers\Frontend\Homepage\Home->crawler()
#1 E:\OpenServerPanel\domains\ht.caydothi.com\vendor\codeigniter4\framework\system\CodeIgniter.php(404): CodeIgniter\CodeIgniter->runController(Object(App\Controllers\Frontend\Homepage\Home))
#2 E:\OpenServerPanel\domains\ht.caydothi.com\vendor\codeigniter4\framework\system\CodeIgniter.php(312): CodeIgniter\CodeIgniter->handleRequest(NULL, Object(Config\Cache), false)
#3 E:\OpenServerPanel\domains\ht.caydothi.com\index.php(48): CodeIgniter\CodeIgniter->run()
#4 {main}
CRITICAL - 2022-06-27 03:38:57 --> file_get_contents(): SSL operation failed with code 1. OpenSSL Error messages:
error:1416F086:SSL routines:tls_process_server_certificate:certificate verify failed
#0 [internal function]: CodeIgniter\Debug\Exceptions->errorHandler(2, 'file_get_conten...', 'E:\\OpenServerPa...', 30, Array)
#1 E:\OpenServerPanel\domains\ht.caydothi.com\app\Controllers\Frontend\Homepage\Home.php(30): file_get_contents('https://caydoth...')
#2 E:\OpenServerPanel\domains\ht.caydothi.com\vendor\codeigniter4\framework\system\CodeIgniter.php(918): App\Controllers\Frontend\Homepage\Home->crawler()
#3 E:\OpenServerPanel\domains\ht.caydothi.com\vendor\codeigniter4\framework\system\CodeIgniter.php(404): CodeIgniter\CodeIgniter->runController(Object(App\Controllers\Frontend\Homepage\Home))
#4 E:\OpenServerPanel\domains\ht.caydothi.com\vendor\codeigniter4\framework\system\CodeIgniter.php(312): CodeIgniter\CodeIgniter->handleRequest(NULL, Object(Config\Cache), false)
#5 E:\OpenServerPanel\domains\ht.caydothi.com\index.php(48): CodeIgniter\CodeIgniter->run()
#6 {main}
CRITICAL - 2022-06-27 03:38:57 --> file_get_contents(): SSL operation failed with code 1. OpenSSL Error messages:
error:1416F086:SSL routines:tls_process_server_certificate:certificate verify failed
#0 [internal function]: CodeIgniter\Debug\Exceptions->errorHandler(2, 'file_get_conten...', 'E:\\OpenServerPa...', 30, Array)
#1 E:\OpenServerPanel\domains\ht.caydothi.com\app\Controllers\Frontend\Homepage\Home.php(30): file_get_contents('https://caydoth...')
#2 E:\OpenServerPanel\domains\ht.caydothi.com\vendor\codeigniter4\framework\system\CodeIgniter.php(918): App\Controllers\Frontend\Homepage\Home->crawler()
#3 E:\OpenServerPanel\domains\ht.caydothi.com\vendor\codeigniter4\framework\system\CodeIgniter.php(404): CodeIgniter\CodeIgniter->runController(Object(App\Controllers\Frontend\Homepage\Home))
#4 E:\OpenServerPanel\domains\ht.caydothi.com\vendor\codeigniter4\framework\system\CodeIgniter.php(312): CodeIgniter\CodeIgniter->handleRequest(NULL, Object(Config\Cache), false)
#5 E:\OpenServerPanel\domains\ht.caydothi.com\index.php(48): CodeIgniter\CodeIgniter->run()
#6 {main}
CRITICAL - 2022-06-27 03:38:58 --> file_get_contents(): SSL operation failed with code 1. OpenSSL Error messages:
error:1416F086:SSL routines:tls_process_server_certificate:certificate verify failed
#0 [internal function]: CodeIgniter\Debug\Exceptions->errorHandler(2, 'file_get_conten...', 'E:\\OpenServerPa...', 30, Array)
#1 E:\OpenServerPanel\domains\ht.caydothi.com\app\Controllers\Frontend\Homepage\Home.php(30): file_get_contents('https://caydoth...')
#2 E:\OpenServerPanel\domains\ht.caydothi.com\vendor\codeigniter4\framework\system\CodeIgniter.php(918): App\Controllers\Frontend\Homepage\Home->crawler()
#3 E:\OpenServerPanel\domains\ht.caydothi.com\vendor\codeigniter4\framework\system\CodeIgniter.php(404): CodeIgniter\CodeIgniter->runController(Object(App\Controllers\Frontend\Homepage\Home))
#4 E:\OpenServerPanel\domains\ht.caydothi.com\vendor\codeigniter4\framework\system\CodeIgniter.php(312): CodeIgniter\CodeIgniter->handleRequest(NULL, Object(Config\Cache), false)
#5 E:\OpenServerPanel\domains\ht.caydothi.com\index.php(48): CodeIgniter\CodeIgniter->run()
#6 {main}
CRITICAL - 2022-06-27 03:38:58 --> file_get_contents(): SSL operation failed with code 1. OpenSSL Error messages:
error:1416F086:SSL routines:tls_process_server_certificate:certificate verify failed
#0 [internal function]: CodeIgniter\Debug\Exceptions->errorHandler(2, 'file_get_conten...', 'E:\\OpenServerPa...', 30, Array)
#1 E:\OpenServerPanel\domains\ht.caydothi.com\app\Controllers\Frontend\Homepage\Home.php(30): file_get_contents('https://caydoth...')
#2 E:\OpenServerPanel\domains\ht.caydothi.com\vendor\codeigniter4\framework\system\CodeIgniter.php(918): App\Controllers\Frontend\Homepage\Home->crawler()
#3 E:\OpenServerPanel\domains\ht.caydothi.com\vendor\codeigniter4\framework\system\CodeIgniter.php(404): CodeIgniter\CodeIgniter->runController(Object(App\Controllers\Frontend\Homepage\Home))
#4 E:\OpenServerPanel\domains\ht.caydothi.com\vendor\codeigniter4\framework\system\CodeIgniter.php(312): CodeIgniter\CodeIgniter->handleRequest(NULL, Object(Config\Cache), false)
#5 E:\OpenServerPanel\domains\ht.caydothi.com\index.php(48): CodeIgniter\CodeIgniter->run()
#6 {main}
CRITICAL - 2022-06-27 03:39:15 --> file_get_contents(): SSL operation failed with code 1. OpenSSL Error messages:
error:1416F086:SSL routines:tls_process_server_certificate:certificate verify failed
#0 [internal function]: CodeIgniter\Debug\Exceptions->errorHandler(2, 'file_get_conten...', 'E:\\OpenServerPa...', 30, Array)
#1 E:\OpenServerPanel\domains\ht.caydothi.com\app\Controllers\Frontend\Homepage\Home.php(30): file_get_contents('https://caydoth...')
#2 E:\OpenServerPanel\domains\ht.caydothi.com\vendor\codeigniter4\framework\system\CodeIgniter.php(918): App\Controllers\Frontend\Homepage\Home->crawler()
#3 E:\OpenServerPanel\domains\ht.caydothi.com\vendor\codeigniter4\framework\system\CodeIgniter.php(404): CodeIgniter\CodeIgniter->runController(Object(App\Controllers\Frontend\Homepage\Home))
#4 E:\OpenServerPanel\domains\ht.caydothi.com\vendor\codeigniter4\framework\system\CodeIgniter.php(312): CodeIgniter\CodeIgniter->handleRequest(NULL, Object(Config\Cache), false)
#5 E:\OpenServerPanel\domains\ht.caydothi.com\index.php(48): CodeIgniter\CodeIgniter->run()
#6 {main}
CRITICAL - 2022-06-27 03:39:16 --> file_get_contents(): SSL operation failed with code 1. OpenSSL Error messages:
error:1416F086:SSL routines:tls_process_server_certificate:certificate verify failed
#0 [internal function]: CodeIgniter\Debug\Exceptions->errorHandler(2, 'file_get_conten...', 'E:\\OpenServerPa...', 30, Array)
#1 E:\OpenServerPanel\domains\ht.caydothi.com\app\Controllers\Frontend\Homepage\Home.php(30): file_get_contents('https://caydoth...')
#2 E:\OpenServerPanel\domains\ht.caydothi.com\vendor\codeigniter4\framework\system\CodeIgniter.php(918): App\Controllers\Frontend\Homepage\Home->crawler()
#3 E:\OpenServerPanel\domains\ht.caydothi.com\vendor\codeigniter4\framework\system\CodeIgniter.php(404): CodeIgniter\CodeIgniter->runController(Object(App\Controllers\Frontend\Homepage\Home))
#4 E:\OpenServerPanel\domains\ht.caydothi.com\vendor\codeigniter4\framework\system\CodeIgniter.php(312): CodeIgniter\CodeIgniter->handleRequest(NULL, Object(Config\Cache), false)
#5 E:\OpenServerPanel\domains\ht.caydothi.com\index.php(48): CodeIgniter\CodeIgniter->run()
#6 {main}
CRITICAL - 2022-06-27 04:14:13 --> Undefined variable: temp
#0 E:\OpenServerPanel\domains\ht.caydothi.com\app\Controllers\Frontend\Homepage\Home.php(65): CodeIgniter\Debug\Exceptions->errorHandler(8, 'Undefined varia...', 'E:\\OpenServerPa...', 65, Array)
#1 E:\OpenServerPanel\domains\ht.caydothi.com\vendor\codeigniter4\framework\system\CodeIgniter.php(918): App\Controllers\Frontend\Homepage\Home->crawler()
#2 E:\OpenServerPanel\domains\ht.caydothi.com\vendor\codeigniter4\framework\system\CodeIgniter.php(404): CodeIgniter\CodeIgniter->runController(Object(App\Controllers\Frontend\Homepage\Home))
#3 E:\OpenServerPanel\domains\ht.caydothi.com\vendor\codeigniter4\framework\system\CodeIgniter.php(312): CodeIgniter\CodeIgniter->handleRequest(NULL, Object(Config\Cache), false)
#4 E:\OpenServerPanel\domains\ht.caydothi.com\index.php(48): CodeIgniter\CodeIgniter->run()
#5 {main}
CRITICAL - 2022-06-27 04:14:35 --> insertBatch() called with no data
#0 E:\OpenServerPanel\domains\ht.caydothi.com\app\Models\AutoloadModel.php(137): CodeIgniter\Database\BaseBuilder->insertBatch(Array)
#1 E:\OpenServerPanel\domains\ht.caydothi.com\app\Controllers\Frontend\Homepage\Home.php(66): App\Models\AutoloadModel->_create_batch(Array)
#2 E:\OpenServerPanel\domains\ht.caydothi.com\vendor\codeigniter4\framework\system\CodeIgniter.php(918): App\Controllers\Frontend\Homepage\Home->crawler()
#3 E:\OpenServerPanel\domains\ht.caydothi.com\vendor\codeigniter4\framework\system\CodeIgniter.php(404): CodeIgniter\CodeIgniter->runController(Object(App\Controllers\Frontend\Homepage\Home))
#4 E:\OpenServerPanel\domains\ht.caydothi.com\vendor\codeigniter4\framework\system\CodeIgniter.php(312): CodeIgniter\CodeIgniter->handleRequest(NULL, Object(Config\Cache), false)
#5 E:\OpenServerPanel\domains\ht.caydothi.com\index.php(48): CodeIgniter\CodeIgniter->run()
#6 {main}
CRITICAL - 2022-06-27 04:15:33 --> Undefined property: stdClass::$module
#0 E:\OpenServerPanel\domains\ht.caydothi.com\app\Controllers\Frontend\Homepage\Home.php(54): CodeIgniter\Debug\Exceptions->errorHandler(8, 'Undefined prope...', 'E:\\OpenServerPa...', 54, Array)
#1 E:\OpenServerPanel\domains\ht.caydothi.com\vendor\codeigniter4\framework\system\CodeIgniter.php(918): App\Controllers\Frontend\Homepage\Home->crawler()
#2 E:\OpenServerPanel\domains\ht.caydothi.com\vendor\codeigniter4\framework\system\CodeIgniter.php(404): CodeIgniter\CodeIgniter->runController(Object(App\Controllers\Frontend\Homepage\Home))
#3 E:\OpenServerPanel\domains\ht.caydothi.com\vendor\codeigniter4\framework\system\CodeIgniter.php(312): CodeIgniter\CodeIgniter->handleRequest(NULL, Object(Config\Cache), false)
#4 E:\OpenServerPanel\domains\ht.caydothi.com\index.php(48): CodeIgniter\CodeIgniter->run()
#5 {main}
CRITICAL - 2022-06-27 04:15:35 --> Undefined property: stdClass::$module
#0 E:\OpenServerPanel\domains\ht.caydothi.com\app\Controllers\Frontend\Homepage\Home.php(54): CodeIgniter\Debug\Exceptions->errorHandler(8, 'Undefined prope...', 'E:\\OpenServerPa...', 54, Array)
#1 E:\OpenServerPanel\domains\ht.caydothi.com\vendor\codeigniter4\framework\system\CodeIgniter.php(918): App\Controllers\Frontend\Homepage\Home->crawler()
#2 E:\OpenServerPanel\domains\ht.caydothi.com\vendor\codeigniter4\framework\system\CodeIgniter.php(404): CodeIgniter\CodeIgniter->runController(Object(App\Controllers\Frontend\Homepage\Home))
#3 E:\OpenServerPanel\domains\ht.caydothi.com\vendor\codeigniter4\framework\system\CodeIgniter.php(312): CodeIgniter\CodeIgniter->handleRequest(NULL, Object(Config\Cache), false)
#4 E:\OpenServerPanel\domains\ht.caydothi.com\index.php(48): CodeIgniter\CodeIgniter->run()
#5 {main}
CRITICAL - 2022-06-27 04:16:01 --> Cannot use object of type stdClass as array
#0 E:\OpenServerPanel\domains\ht.caydothi.com\vendor\codeigniter4\framework\system\CodeIgniter.php(918): App\Controllers\Frontend\Homepage\Home->crawler()
#1 E:\OpenServerPanel\domains\ht.caydothi.com\vendor\codeigniter4\framework\system\CodeIgniter.php(404): CodeIgniter\CodeIgniter->runController(Object(App\Controllers\Frontend\Homepage\Home))
#2 E:\OpenServerPanel\domains\ht.caydothi.com\vendor\codeigniter4\framework\system\CodeIgniter.php(312): CodeIgniter\CodeIgniter->handleRequest(NULL, Object(Config\Cache), false)
#3 E:\OpenServerPanel\domains\ht.caydothi.com\index.php(48): CodeIgniter\CodeIgniter->run()
#4 {main}
CRITICAL - 2022-06-27 04:17:17 --> Cannot use object of type stdClass as array
#0 E:\OpenServerPanel\domains\ht.caydothi.com\vendor\codeigniter4\framework\system\CodeIgniter.php(918): App\Controllers\Frontend\Homepage\Home->crawler()
#1 E:\OpenServerPanel\domains\ht.caydothi.com\vendor\codeigniter4\framework\system\CodeIgniter.php(404): CodeIgniter\CodeIgniter->runController(Object(App\Controllers\Frontend\Homepage\Home))
#2 E:\OpenServerPanel\domains\ht.caydothi.com\vendor\codeigniter4\framework\system\CodeIgniter.php(312): CodeIgniter\CodeIgniter->handleRequest(NULL, Object(Config\Cache), false)
#3 E:\OpenServerPanel\domains\ht.caydothi.com\index.php(48): CodeIgniter\CodeIgniter->run()
#4 {main}
CRITICAL - 2022-06-27 04:17:41 --> Unknown column 'catalogueid' in 'field list'
#0 E:\OpenServerPanel\domains\ht.caydothi.com\vendor\codeigniter4\framework\system\Database\MySQLi\Connection.php(331): mysqli->query('INSERT INTO `pr...')
#1 E:\OpenServerPanel\domains\ht.caydothi.com\vendor\codeigniter4\framework\system\Database\BaseConnection.php(741): CodeIgniter\Database\MySQLi\Connection->execute('INSERT INTO `pr...')
#2 E:\OpenServerPanel\domains\ht.caydothi.com\vendor\codeigniter4\framework\system\Database\BaseConnection.php(669): CodeIgniter\Database\BaseConnection->simpleQuery('INSERT INTO `pr...')
#3 E:\OpenServerPanel\domains\ht.caydothi.com\vendor\codeigniter4\framework\system\Database\BaseBuilder.php(2091): CodeIgniter\Database\BaseConnection->query('INSERT INTO `pr...', Array, false)
#4 E:\OpenServerPanel\domains\ht.caydothi.com\app\Models\AutoloadModel.php(137): CodeIgniter\Database\BaseBuilder->insertBatch(Array)
#5 E:\OpenServerPanel\domains\ht.caydothi.com\app\Controllers\Frontend\Homepage\Home.php(71): App\Models\AutoloadModel->_create_batch(Array)
#6 E:\OpenServerPanel\domains\ht.caydothi.com\vendor\codeigniter4\framework\system\CodeIgniter.php(918): App\Controllers\Frontend\Homepage\Home->crawler()
#7 E:\OpenServerPanel\domains\ht.caydothi.com\vendor\codeigniter4\framework\system\CodeIgniter.php(404): CodeIgniter\CodeIgniter->runController(Object(App\Controllers\Frontend\Homepage\Home))
#8 E:\OpenServerPanel\domains\ht.caydothi.com\vendor\codeigniter4\framework\system\CodeIgniter.php(312): CodeIgniter\CodeIgniter->handleRequest(NULL, Object(Config\Cache), false)
#9 E:\OpenServerPanel\domains\ht.caydothi.com\index.php(48): CodeIgniter\CodeIgniter->run()
#10 {main}
CRITICAL - 2022-06-27 04:18:21 --> Duplicate entry '113' for key 'PRIMARY'
#0 E:\OpenServerPanel\domains\ht.caydothi.com\vendor\codeigniter4\framework\system\Database\MySQLi\Connection.php(331): mysqli->query('INSERT INTO `pr...')
#1 E:\OpenServerPanel\domains\ht.caydothi.com\vendor\codeigniter4\framework\system\Database\BaseConnection.php(741): CodeIgniter\Database\MySQLi\Connection->execute('INSERT INTO `pr...')
#2 E:\OpenServerPanel\domains\ht.caydothi.com\vendor\codeigniter4\framework\system\Database\BaseConnection.php(669): CodeIgniter\Database\BaseConnection->simpleQuery('INSERT INTO `pr...')
#3 E:\OpenServerPanel\domains\ht.caydothi.com\vendor\codeigniter4\framework\system\Database\BaseBuilder.php(2091): CodeIgniter\Database\BaseConnection->query('INSERT INTO `pr...', Array, false)
#4 E:\OpenServerPanel\domains\ht.caydothi.com\app\Models\AutoloadModel.php(137): CodeIgniter\Database\BaseBuilder->insertBatch(Array)
#5 E:\OpenServerPanel\domains\ht.caydothi.com\app\Controllers\Frontend\Homepage\Home.php(67): App\Models\AutoloadModel->_create_batch(Array)
#6 E:\OpenServerPanel\domains\ht.caydothi.com\vendor\codeigniter4\framework\system\CodeIgniter.php(918): App\Controllers\Frontend\Homepage\Home->crawler()
#7 E:\OpenServerPanel\domains\ht.caydothi.com\vendor\codeigniter4\framework\system\CodeIgniter.php(404): CodeIgniter\CodeIgniter->runController(Object(App\Controllers\Frontend\Homepage\Home))
#8 E:\OpenServerPanel\domains\ht.caydothi.com\vendor\codeigniter4\framework\system\CodeIgniter.php(312): CodeIgniter\CodeIgniter->handleRequest(NULL, Object(Config\Cache), false)
#9 E:\OpenServerPanel\domains\ht.caydothi.com\index.php(48): CodeIgniter\CodeIgniter->run()
#10 {main}
CRITICAL - 2022-06-27 04:22:19 --> Unknown column 'catalogueid' in 'field list'
#0 E:\OpenServerPanel\domains\ht.caydothi.com\vendor\codeigniter4\framework\system\Database\MySQLi\Connection.php(331): mysqli->query('INSERT INTO `pr...')
#1 E:\OpenServerPanel\domains\ht.caydothi.com\vendor\codeigniter4\framework\system\Database\BaseConnection.php(741): CodeIgniter\Database\MySQLi\Connection->execute('INSERT INTO `pr...')
#2 E:\OpenServerPanel\domains\ht.caydothi.com\vendor\codeigniter4\framework\system\Database\BaseConnection.php(669): CodeIgniter\Database\BaseConnection->simpleQuery('INSERT INTO `pr...')
#3 E:\OpenServerPanel\domains\ht.caydothi.com\vendor\codeigniter4\framework\system\Database\BaseBuilder.php(2091): CodeIgniter\Database\BaseConnection->query('INSERT INTO `pr...', Array, false)
#4 E:\OpenServerPanel\domains\ht.caydothi.com\app\Models\AutoloadModel.php(137): CodeIgniter\Database\BaseBuilder->insertBatch(Array)
#5 E:\OpenServerPanel\domains\ht.caydothi.com\app\Controllers\Frontend\Homepage\Home.php(71): App\Models\AutoloadModel->_create_batch(Array)
#6 E:\OpenServerPanel\domains\ht.caydothi.com\vendor\codeigniter4\framework\system\CodeIgniter.php(918): App\Controllers\Frontend\Homepage\Home->crawler()
#7 E:\OpenServerPanel\domains\ht.caydothi.com\vendor\codeigniter4\framework\system\CodeIgniter.php(404): CodeIgniter\CodeIgniter->runController(Object(App\Controllers\Frontend\Homepage\Home))
#8 E:\OpenServerPanel\domains\ht.caydothi.com\vendor\codeigniter4\framework\system\CodeIgniter.php(312): CodeIgniter\CodeIgniter->handleRequest(NULL, Object(Config\Cache), false)
#9 E:\OpenServerPanel\domains\ht.caydothi.com\index.php(48): CodeIgniter\CodeIgniter->run()
#10 {main}
CRITICAL - 2022-06-27 04:40:23 --> Undefined index: productList
#0 E:\OpenServerPanel\domains\ht.caydothi.com\app\Controllers\Backend\Product\Product.php(89): CodeIgniter\Debug\Exceptions->errorHandler(8, 'Undefined index...', 'E:\\OpenServerPa...', 89, Array)
#1 E:\OpenServerPanel\domains\ht.caydothi.com\vendor\codeigniter4\framework\system\CodeIgniter.php(918): App\Controllers\Backend\Product\Product->index()
#2 E:\OpenServerPanel\domains\ht.caydothi.com\vendor\codeigniter4\framework\system\CodeIgniter.php(404): CodeIgniter\CodeIgniter->runController(Object(App\Controllers\Backend\Product\Product))
#3 E:\OpenServerPanel\domains\ht.caydothi.com\vendor\codeigniter4\framework\system\CodeIgniter.php(312): CodeIgniter\CodeIgniter->handleRequest(NULL, Object(Config\Cache), false)
#4 E:\OpenServerPanel\domains\ht.caydothi.com\index.php(48): CodeIgniter\CodeIgniter->run()
#5 {main}
CRITICAL - 2022-06-27 04:40:41 --> Undefined index: productList
#0 E:\OpenServerPanel\domains\ht.caydothi.com\app\Controllers\Backend\Product\Product.php(89): CodeIgniter\Debug\Exceptions->errorHandler(8, 'Undefined index...', 'E:\\OpenServerPa...', 89, Array)
#1 E:\OpenServerPanel\domains\ht.caydothi.com\vendor\codeigniter4\framework\system\CodeIgniter.php(918): App\Controllers\Backend\Product\Product->index()
#2 E:\OpenServerPanel\domains\ht.caydothi.com\vendor\codeigniter4\framework\system\CodeIgniter.php(404): CodeIgniter\CodeIgniter->runController(Object(App\Controllers\Backend\Product\Product))
#3 E:\OpenServerPanel\domains\ht.caydothi.com\vendor\codeigniter4\framework\system\CodeIgniter.php(312): CodeIgniter\CodeIgniter->handleRequest(NULL, Object(Config\Cache), false)
#4 E:\OpenServerPanel\domains\ht.caydothi.com\index.php(48): CodeIgniter\CodeIgniter->run()
#5 {main}
CRITICAL - 2022-06-27 04:40:42 --> Undefined index: productList
#0 E:\OpenServerPanel\domains\ht.caydothi.com\app\Controllers\Backend\Product\Product.php(89): CodeIgniter\Debug\Exceptions->errorHandler(8, 'Undefined index...', 'E:\\OpenServerPa...', 89, Array)
#1 E:\OpenServerPanel\domains\ht.caydothi.com\vendor\codeigniter4\framework\system\CodeIgniter.php(918): App\Controllers\Backend\Product\Product->index()
#2 E:\OpenServerPanel\domains\ht.caydothi.com\vendor\codeigniter4\framework\system\CodeIgniter.php(404): CodeIgniter\CodeIgniter->runController(Object(App\Controllers\Backend\Product\Product))
#3 E:\OpenServerPanel\domains\ht.caydothi.com\vendor\codeigniter4\framework\system\CodeIgniter.php(312): CodeIgniter\CodeIgniter->handleRequest(NULL, Object(Config\Cache), false)
#4 E:\OpenServerPanel\domains\ht.caydothi.com\index.php(48): CodeIgniter\CodeIgniter->run()
#5 {main}
CRITICAL - 2022-06-27 04:42:31 --> Undefined index: productList
#0 E:\OpenServerPanel\domains\ht.caydothi.com\app\Controllers\Backend\Product\Product.php(89): CodeIgniter\Debug\Exceptions->errorHandler(8, 'Undefined index...', 'E:\\OpenServerPa...', 89, Array)
#1 E:\OpenServerPanel\domains\ht.caydothi.com\vendor\codeigniter4\framework\system\CodeIgniter.php(918): App\Controllers\Backend\Product\Product->index()
#2 E:\OpenServerPanel\domains\ht.caydothi.com\vendor\codeigniter4\framework\system\CodeIgniter.php(404): CodeIgniter\CodeIgniter->runController(Object(App\Controllers\Backend\Product\Product))
#3 E:\OpenServerPanel\domains\ht.caydothi.com\vendor\codeigniter4\framework\system\CodeIgniter.php(312): CodeIgniter\CodeIgniter->handleRequest(NULL, Object(Config\Cache), false)
#4 E:\OpenServerPanel\domains\ht.caydothi.com\index.php(48): CodeIgniter\CodeIgniter->run()
#5 {main}
CRITICAL - 2022-06-27 04:42:32 --> Undefined index: productList
#0 E:\OpenServerPanel\domains\ht.caydothi.com\app\Controllers\Backend\Product\Product.php(89): CodeIgniter\Debug\Exceptions->errorHandler(8, 'Undefined index...', 'E:\\OpenServerPa...', 89, Array)
#1 E:\OpenServerPanel\domains\ht.caydothi.com\vendor\codeigniter4\framework\system\CodeIgniter.php(918): App\Controllers\Backend\Product\Product->index()
#2 E:\OpenServerPanel\domains\ht.caydothi.com\vendor\codeigniter4\framework\system\CodeIgniter.php(404): CodeIgniter\CodeIgniter->runController(Object(App\Controllers\Backend\Product\Product))
#3 E:\OpenServerPanel\domains\ht.caydothi.com\vendor\codeigniter4\framework\system\CodeIgniter.php(312): CodeIgniter\CodeIgniter->handleRequest(NULL, Object(Config\Cache), false)
#4 E:\OpenServerPanel\domains\ht.caydothi.com\index.php(48): CodeIgniter\CodeIgniter->run()
#5 {main}
CRITICAL - 2022-06-27 04:42:32 --> Undefined index: productList
#0 E:\OpenServerPanel\domains\ht.caydothi.com\app\Controllers\Backend\Product\Product.php(89): CodeIgniter\Debug\Exceptions->errorHandler(8, 'Undefined index...', 'E:\\OpenServerPa...', 89, Array)
#1 E:\OpenServerPanel\domains\ht.caydothi.com\vendor\codeigniter4\framework\system\CodeIgniter.php(918): App\Controllers\Backend\Product\Product->index()
#2 E:\OpenServerPanel\domains\ht.caydothi.com\vendor\codeigniter4\framework\system\CodeIgniter.php(404): CodeIgniter\CodeIgniter->runController(Object(App\Controllers\Backend\Product\Product))
#3 E:\OpenServerPanel\domains\ht.caydothi.com\vendor\codeigniter4\framework\system\CodeIgniter.php(312): CodeIgniter\CodeIgniter->handleRequest(NULL, Object(Config\Cache), false)
#4 E:\OpenServerPanel\domains\ht.caydothi.com\index.php(48): CodeIgniter\CodeIgniter->run()
#5 {main}
CRITICAL - 2022-06-27 04:42:32 --> Undefined index: productList
#0 E:\OpenServerPanel\domains\ht.caydothi.com\app\Controllers\Backend\Product\Product.php(89): CodeIgniter\Debug\Exceptions->errorHandler(8, 'Undefined index...', 'E:\\OpenServerPa...', 89, Array)
#1 E:\OpenServerPanel\domains\ht.caydothi.com\vendor\codeigniter4\framework\system\CodeIgniter.php(918): App\Controllers\Backend\Product\Product->index()
#2 E:\OpenServerPanel\domains\ht.caydothi.com\vendor\codeigniter4\framework\system\CodeIgniter.php(404): CodeIgniter\CodeIgniter->runController(Object(App\Controllers\Backend\Product\Product))
#3 E:\OpenServerPanel\domains\ht.caydothi.com\vendor\codeigniter4\framework\system\CodeIgniter.php(312): CodeIgniter\CodeIgniter->handleRequest(NULL, Object(Config\Cache), false)
#4 E:\OpenServerPanel\domains\ht.caydothi.com\index.php(48): CodeIgniter\CodeIgniter->run()
#5 {main}
CRITICAL - 2022-06-27 04:42:33 --> Undefined index: productList
#0 E:\OpenServerPanel\domains\ht.caydothi.com\app\Controllers\Backend\Product\Product.php(89): CodeIgniter\Debug\Exceptions->errorHandler(8, 'Undefined index...', 'E:\\OpenServerPa...', 89, Array)
#1 E:\OpenServerPanel\domains\ht.caydothi.com\vendor\codeigniter4\framework\system\CodeIgniter.php(918): App\Controllers\Backend\Product\Product->index()
#2 E:\OpenServerPanel\domains\ht.caydothi.com\vendor\codeigniter4\framework\system\CodeIgniter.php(404): CodeIgniter\CodeIgniter->runController(Object(App\Controllers\Backend\Product\Product))
#3 E:\OpenServerPanel\domains\ht.caydothi.com\vendor\codeigniter4\framework\system\CodeIgniter.php(312): CodeIgniter\CodeIgniter->handleRequest(NULL, Object(Config\Cache), false)
#4 E:\OpenServerPanel\domains\ht.caydothi.com\index.php(48): CodeIgniter\CodeIgniter->run()
#5 {main}
CRITICAL - 2022-06-27 04:42:33 --> Undefined index: productList
#0 E:\OpenServerPanel\domains\ht.caydothi.com\app\Controllers\Backend\Product\Product.php(89): CodeIgniter\Debug\Exceptions->errorHandler(8, 'Undefined index...', 'E:\\OpenServerPa...', 89, Array)
#1 E:\OpenServerPanel\domains\ht.caydothi.com\vendor\codeigniter4\framework\system\CodeIgniter.php(918): App\Controllers\Backend\Product\Product->index()
#2 E:\OpenServerPanel\domains\ht.caydothi.com\vendor\codeigniter4\framework\system\CodeIgniter.php(404): CodeIgniter\CodeIgniter->runController(Object(App\Controllers\Backend\Product\Product))
#3 E:\OpenServerPanel\domains\ht.caydothi.com\vendor\codeigniter4\framework\system\CodeIgniter.php(312): CodeIgniter\CodeIgniter->handleRequest(NULL, Object(Config\Cache), false)
#4 E:\OpenServerPanel\domains\ht.caydothi.com\index.php(48): CodeIgniter\CodeIgniter->run()
#5 {main}
CRITICAL - 2022-06-27 04:46:31 --> syntax error, unexpected ';'
#0 E:\OpenServerPanel\domains\ht.caydothi.com\vendor\codeigniter4\framework\system\Common.php(1119): CodeIgniter\View\View->render('backend/product...', Array, true)
#1 E:\OpenServerPanel\domains\ht.caydothi.com\app\Views\backend\dashboard\layout\home.php(44): view('backend/product...')
#2 E:\OpenServerPanel\domains\ht.caydothi.com\vendor\codeigniter4\framework\system\View\View.php(246): include('E:\\OpenServerPa...')
#3 E:\OpenServerPanel\domains\ht.caydothi.com\vendor\codeigniter4\framework\system\Common.php(1119): CodeIgniter\View\View->render('backend/dashboa...', Array, true)
#4 E:\OpenServerPanel\domains\ht.caydothi.com\app\Controllers\Backend\Product\Product.php(93): view('backend/dashboa...', Array)
#5 E:\OpenServerPanel\domains\ht.caydothi.com\vendor\codeigniter4\framework\system\CodeIgniter.php(918): App\Controllers\Backend\Product\Product->index()
#6 E:\OpenServerPanel\domains\ht.caydothi.com\vendor\codeigniter4\framework\system\CodeIgniter.php(404): CodeIgniter\CodeIgniter->runController(Object(App\Controllers\Backend\Product\Product))
#7 E:\OpenServerPanel\domains\ht.caydothi.com\vendor\codeigniter4\framework\system\CodeIgniter.php(312): CodeIgniter\CodeIgniter->handleRequest(NULL, Object(Config\Cache), false)
#8 E:\OpenServerPanel\domains\ht.caydothi.com\index.php(48): CodeIgniter\CodeIgniter->run()
#9 {main}
CRITICAL - 2022-06-27 04:46:32 --> syntax error, unexpected ';'
#0 E:\OpenServerPanel\domains\ht.caydothi.com\vendor\codeigniter4\framework\system\Common.php(1119): CodeIgniter\View\View->render('backend/product...', Array, true)
#1 E:\OpenServerPanel\domains\ht.caydothi.com\app\Views\backend\dashboard\layout\home.php(44): view('backend/product...')
#2 E:\OpenServerPanel\domains\ht.caydothi.com\vendor\codeigniter4\framework\system\View\View.php(246): include('E:\\OpenServerPa...')
#3 E:\OpenServerPanel\domains\ht.caydothi.com\vendor\codeigniter4\framework\system\Common.php(1119): CodeIgniter\View\View->render('backend/dashboa...', Array, true)
#4 E:\OpenServerPanel\domains\ht.caydothi.com\app\Controllers\Backend\Product\Product.php(93): view('backend/dashboa...', Array)
#5 E:\OpenServerPanel\domains\ht.caydothi.com\vendor\codeigniter4\framework\system\CodeIgniter.php(918): App\Controllers\Backend\Product\Product->index()
#6 E:\OpenServerPanel\domains\ht.caydothi.com\vendor\codeigniter4\framework\system\CodeIgniter.php(404): CodeIgniter\CodeIgniter->runController(Object(App\Controllers\Backend\Product\Product))
#7 E:\OpenServerPanel\domains\ht.caydothi.com\vendor\codeigniter4\framework\system\CodeIgniter.php(312): CodeIgniter\CodeIgniter->handleRequest(NULL, Object(Config\Cache), false)
#8 E:\OpenServerPanel\domains\ht.caydothi.com\index.php(48): CodeIgniter\CodeIgniter->run()
#9 {main}
CRITICAL - 2022-06-27 04:46:43 --> syntax error, unexpected ';'
#0 E:\OpenServerPanel\domains\ht.caydothi.com\vendor\codeigniter4\framework\system\Common.php(1119): CodeIgniter\View\View->render('backend/product...', Array, true)
#1 E:\OpenServerPanel\domains\ht.caydothi.com\app\Views\backend\dashboard\layout\home.php(44): view('backend/product...')
#2 E:\OpenServerPanel\domains\ht.caydothi.com\vendor\codeigniter4\framework\system\View\View.php(246): include('E:\\OpenServerPa...')
#3 E:\OpenServerPanel\domains\ht.caydothi.com\vendor\codeigniter4\framework\system\Common.php(1119): CodeIgniter\View\View->render('backend/dashboa...', Array, true)
#4 E:\OpenServerPanel\domains\ht.caydothi.com\app\Controllers\Backend\Product\Product.php(93): view('backend/dashboa...', Array)
#5 E:\OpenServerPanel\domains\ht.caydothi.com\vendor\codeigniter4\framework\system\CodeIgniter.php(918): App\Controllers\Backend\Product\Product->index()
#6 E:\OpenServerPanel\domains\ht.caydothi.com\vendor\codeigniter4\framework\system\CodeIgniter.php(404): CodeIgniter\CodeIgniter->runController(Object(App\Controllers\Backend\Product\Product))
#7 E:\OpenServerPanel\domains\ht.caydothi.com\vendor\codeigniter4\framework\system\CodeIgniter.php(312): CodeIgniter\CodeIgniter->handleRequest(NULL, Object(Config\Cache), false)
#8 E:\OpenServerPanel\domains\ht.caydothi.com\index.php(48): CodeIgniter\CodeIgniter->run()
#9 {main}
CRITICAL - 2022-06-27 04:46:51 --> Undefined index: image
#0 E:\OpenServerPanel\domains\ht.caydothi.com\app\Views\backend\product\product\index.php(162): CodeIgniter\Debug\Exceptions->errorHandler(8, 'Undefined index...', 'E:\\OpenServerPa...', 162, Array)
#1 E:\OpenServerPanel\domains\ht.caydothi.com\vendor\codeigniter4\framework\system\View\View.php(246): include('E:\\OpenServerPa...')
#2 E:\OpenServerPanel\domains\ht.caydothi.com\vendor\codeigniter4\framework\system\Common.php(1119): CodeIgniter\View\View->render('backend/product...', Array, true)
#3 E:\OpenServerPanel\domains\ht.caydothi.com\app\Views\backend\dashboard\layout\home.php(44): view('backend/product...')
#4 E:\OpenServerPanel\domains\ht.caydothi.com\vendor\codeigniter4\framework\system\View\View.php(246): include('E:\\OpenServerPa...')
#5 E:\OpenServerPanel\domains\ht.caydothi.com\vendor\codeigniter4\framework\system\Common.php(1119): CodeIgniter\View\View->render('backend/dashboa...', Array, true)
#6 E:\OpenServerPanel\domains\ht.caydothi.com\app\Controllers\Backend\Product\Product.php(93): view('backend/dashboa...', Array)
#7 E:\OpenServerPanel\domains\ht.caydothi.com\vendor\codeigniter4\framework\system\CodeIgniter.php(918): App\Controllers\Backend\Product\Product->index()
#8 E:\OpenServerPanel\domains\ht.caydothi.com\vendor\codeigniter4\framework\system\CodeIgniter.php(404): CodeIgniter\CodeIgniter->runController(Object(App\Controllers\Backend\Product\Product))
#9 E:\OpenServerPanel\domains\ht.caydothi.com\vendor\codeigniter4\framework\system\CodeIgniter.php(312): CodeIgniter\CodeIgniter->handleRequest(NULL, Object(Config\Cache), false)
#10 E:\OpenServerPanel\domains\ht.caydothi.com\index.php(48): CodeIgniter\CodeIgniter->run()
#11 {main}
CRITICAL - 2022-06-27 04:46:52 --> Undefined index: image
#0 E:\OpenServerPanel\domains\ht.caydothi.com\app\Views\backend\product\product\index.php(162): CodeIgniter\Debug\Exceptions->errorHandler(8, 'Undefined index...', 'E:\\OpenServerPa...', 162, Array)
#1 E:\OpenServerPanel\domains\ht.caydothi.com\vendor\codeigniter4\framework\system\View\View.php(246): include('E:\\OpenServerPa...')
#2 E:\OpenServerPanel\domains\ht.caydothi.com\vendor\codeigniter4\framework\system\Common.php(1119): CodeIgniter\View\View->render('backend/product...', Array, true)
#3 E:\OpenServerPanel\domains\ht.caydothi.com\app\Views\backend\dashboard\layout\home.php(44): view('backend/product...')
#4 E:\OpenServerPanel\domains\ht.caydothi.com\vendor\codeigniter4\framework\system\View\View.php(246): include('E:\\OpenServerPa...')
#5 E:\OpenServerPanel\domains\ht.caydothi.com\vendor\codeigniter4\framework\system\Common.php(1119): CodeIgniter\View\View->render('backend/dashboa...', Array, true)
#6 E:\OpenServerPanel\domains\ht.caydothi.com\app\Controllers\Backend\Product\Product.php(93): view('backend/dashboa...', Array)
#7 E:\OpenServerPanel\domains\ht.caydothi.com\vendor\codeigniter4\framework\system\CodeIgniter.php(918): App\Controllers\Backend\Product\Product->index()
#8 E:\OpenServerPanel\domains\ht.caydothi.com\vendor\codeigniter4\framework\system\CodeIgniter.php(404): CodeIgniter\CodeIgniter->runController(Object(App\Controllers\Backend\Product\Product))
#9 E:\OpenServerPanel\domains\ht.caydothi.com\vendor\codeigniter4\framework\system\CodeIgniter.php(312): CodeIgniter\CodeIgniter->handleRequest(NULL, Object(Config\Cache), false)
#10 E:\OpenServerPanel\domains\ht.caydothi.com\index.php(48): CodeIgniter\CodeIgniter->run()
#11 {main}
CRITICAL - 2022-06-27 20:21:06 --> Illegal string offset 'canonical'
#0 E:\OpenServerPanel\domains\ht.caydothi.com\app\Views\frontend\homepage\common\header.php(38): CodeIgniter\Debug\Exceptions->errorHandler(2, 'Illegal string ...', 'E:\\OpenServerPa...', 38, Array)
#1 E:\OpenServerPanel\domains\ht.caydothi.com\vendor\codeigniter4\framework\system\View\View.php(246): include('E:\\OpenServerPa...')
#2 E:\OpenServerPanel\domains\ht.caydothi.com\vendor\codeigniter4\framework\system\Common.php(1119): CodeIgniter\View\View->render('frontend/homepa...', Array, true)
#3 E:\OpenServerPanel\domains\ht.caydothi.com\app\Views\frontend\homepage\layout\home.php(69): view('frontend/homepa...')
#4 E:\OpenServerPanel\domains\ht.caydothi.com\vendor\codeigniter4\framework\system\View\View.php(246): include('E:\\OpenServerPa...')
#5 E:\OpenServerPanel\domains\ht.caydothi.com\vendor\codeigniter4\framework\system\Common.php(1119): CodeIgniter\View\View->render('frontend/homepa...', Array, true)
#6 E:\OpenServerPanel\domains\ht.caydothi.com\app\Controllers\Frontend\Homepage\Home.php(101): view('frontend/homepa...', Array)
#7 E:\OpenServerPanel\domains\ht.caydothi.com\vendor\codeigniter4\framework\system\CodeIgniter.php(918): App\Controllers\Frontend\Homepage\Home->index()
#8 E:\OpenServerPanel\domains\ht.caydothi.com\vendor\codeigniter4\framework\system\CodeIgniter.php(404): CodeIgniter\CodeIgniter->runController(Object(App\Controllers\Frontend\Homepage\Home))
#9 E:\OpenServerPanel\domains\ht.caydothi.com\vendor\codeigniter4\framework\system\CodeIgniter.php(312): CodeIgniter\CodeIgniter->handleRequest(NULL, Object(Config\Cache), false)
#10 E:\OpenServerPanel\domains\ht.caydothi.com\index.php(48): CodeIgniter\CodeIgniter->run()
#11 {main}
CRITICAL - 2022-06-27 20:21:28 --> unlink(E:\OpenServerPanel\domains\ht.caydothi.com\writable\debugbar/debugbar_1656325149.json): Resource temporarily unavailable
#0 [internal function]: CodeIgniter\Debug\Exceptions->errorHandler(2, 'unlink(E:\\OpenS...', 'E:\\OpenServerPa...', 106, Array)
#1 E:\OpenServerPanel\domains\ht.caydothi.com\vendor\codeigniter4\framework\system\Debug\Toolbar\Collectors\History.php(106): unlink('E:\\OpenServerPa...')
#2 E:\OpenServerPanel\domains\ht.caydothi.com\vendor\codeigniter4\framework\system\Debug\Toolbar.php(483): CodeIgniter\Debug\Toolbar\Collectors\History->setFiles(1656379288, 20)
#3 E:\OpenServerPanel\domains\ht.caydothi.com\vendor\codeigniter4\framework\system\Debug\Toolbar.php(455): CodeIgniter\Debug\Toolbar->format(Array, 'html')
#4 E:\OpenServerPanel\domains\ht.caydothi.com\app\Config\Events.php(44): CodeIgniter\Debug\Toolbar->respond()
#5 [internal function]: CodeIgniter\Events\Events::Config\{closure}()
#6 E:\OpenServerPanel\domains\ht.caydothi.com\vendor\codeigniter4\framework\system\Events\Events.php(188): call_user_func(Object(Closure))
#7 E:\OpenServerPanel\domains\ht.caydothi.com\vendor\codeigniter4\framework\system\CodeIgniter.php(293): CodeIgniter\Events\Events::trigger('pre_system')
#8 E:\OpenServerPanel\domains\ht.caydothi.com\index.php(48): CodeIgniter\CodeIgniter->run()
#9 {main}
CRITICAL - 2022-06-27 20:27:05 --> Invalid file: {0}
#0 E:\OpenServerPanel\domains\ht.caydothi.com\vendor\codeigniter4\framework\system\View\View.php(228): CodeIgniter\Exceptions\FrameworkException::forInvalidFile('frontend/homepa...')
#1 E:\OpenServerPanel\domains\ht.caydothi.com\vendor\codeigniter4\framework\system\Common.php(1119): CodeIgniter\View\View->render('frontend/homepa...', Array, true)
#2 E:\OpenServerPanel\domains\ht.caydothi.com\app\Views\frontend\homepage\home\index.php(4): view('frontend/homepa...')
#3 E:\OpenServerPanel\domains\ht.caydothi.com\vendor\codeigniter4\framework\system\View\View.php(246): include('E:\\OpenServerPa...')
#4 E:\OpenServerPanel\domains\ht.caydothi.com\vendor\codeigniter4\framework\system\Common.php(1119): CodeIgniter\View\View->render('frontend/homepa...', Array, true)
#5 E:\OpenServerPanel\domains\ht.caydothi.com\app\Views\frontend\homepage\layout\home.php(72): view('frontend/homepa...')
#6 E:\OpenServerPanel\domains\ht.caydothi.com\vendor\codeigniter4\framework\system\View\View.php(246): include('E:\\OpenServerPa...')
#7 E:\OpenServerPanel\domains\ht.caydothi.com\vendor\codeigniter4\framework\system\Common.php(1119): CodeIgniter\View\View->render('frontend/homepa...', Array, true)
#8 E:\OpenServerPanel\domains\ht.caydothi.com\app\Controllers\Frontend\Homepage\Home.php(101): view('frontend/homepa...', Array)
#9 E:\OpenServerPanel\domains\ht.caydothi.com\vendor\codeigniter4\framework\system\CodeIgniter.php(918): App\Controllers\Frontend\Homepage\Home->index()
#10 E:\OpenServerPanel\domains\ht.caydothi.com\vendor\codeigniter4\framework\system\CodeIgniter.php(404): CodeIgniter\CodeIgniter->runController(Object(App\Controllers\Frontend\Homepage\Home))
#11 E:\OpenServerPanel\domains\ht.caydothi.com\vendor\codeigniter4\framework\system\CodeIgniter.php(312): CodeIgniter\CodeIgniter->handleRequest(NULL, Object(Config\Cache), false)
#12 E:\OpenServerPanel\domains\ht.caydothi.com\index.php(48): CodeIgniter\CodeIgniter->run()
#13 {main}
CRITICAL - 2022-06-27 20:28:33 --> Invalid file: {0}
#0 E:\OpenServerPanel\domains\ht.caydothi.com\vendor\codeigniter4\framework\system\View\View.php(228): CodeIgniter\Exceptions\FrameworkException::forInvalidFile('frontend/homepa...')
#1 E:\OpenServerPanel\domains\ht.caydothi.com\vendor\codeigniter4\framework\system\Common.php(1119): CodeIgniter\View\View->render('frontend/homepa...', Array, true)
#2 E:\OpenServerPanel\domains\ht.caydothi.com\app\Views\frontend\homepage\home\index.php(4): view('frontend/homepa...')
#3 E:\OpenServerPanel\domains\ht.caydothi.com\vendor\codeigniter4\framework\system\View\View.php(246): include('E:\\OpenServerPa...')
#4 E:\OpenServerPanel\domains\ht.caydothi.com\vendor\codeigniter4\framework\system\Common.php(1119): CodeIgniter\View\View->render('frontend/homepa...', Array, true)
#5 E:\OpenServerPanel\domains\ht.caydothi.com\app\Views\frontend\homepage\layout\home.php(72): view('frontend/homepa...')
#6 E:\OpenServerPanel\domains\ht.caydothi.com\vendor\codeigniter4\framework\system\View\View.php(246): include('E:\\OpenServerPa...')
#7 E:\OpenServerPanel\domains\ht.caydothi.com\vendor\codeigniter4\framework\system\Common.php(1119): CodeIgniter\View\View->render('frontend/homepa...', Array, true)
#8 E:\OpenServerPanel\domains\ht.caydothi.com\app\Controllers\Frontend\Homepage\Home.php(101): view('frontend/homepa...', Array)
#9 E:\OpenServerPanel\domains\ht.caydothi.com\vendor\codeigniter4\framework\system\CodeIgniter.php(918): App\Controllers\Frontend\Homepage\Home->index()
#10 E:\OpenServerPanel\domains\ht.caydothi.com\vendor\codeigniter4\framework\system\CodeIgniter.php(404): CodeIgniter\CodeIgniter->runController(Object(App\Controllers\Frontend\Homepage\Home))
#11 E:\OpenServerPanel\domains\ht.caydothi.com\vendor\codeigniter4\framework\system\CodeIgniter.php(312): CodeIgniter\CodeIgniter->handleRequest(NULL, Object(Config\Cache), false)
#12 E:\OpenServerPanel\domains\ht.caydothi.com\index.php(48): CodeIgniter\CodeIgniter->run()
#13 {main}
CRITICAL - 2022-06-27 20:28:34 --> Invalid file: {0}
#0 E:\OpenServerPanel\domains\ht.caydothi.com\vendor\codeigniter4\framework\system\View\View.php(228): CodeIgniter\Exceptions\FrameworkException::forInvalidFile('frontend/homepa...')
#1 E:\OpenServerPanel\domains\ht.caydothi.com\vendor\codeigniter4\framework\system\Common.php(1119): CodeIgniter\View\View->render('frontend/homepa...', Array, true)
#2 E:\OpenServerPanel\domains\ht.caydothi.com\app\Views\frontend\homepage\home\index.php(4): view('frontend/homepa...')
#3 E:\OpenServerPanel\domains\ht.caydothi.com\vendor\codeigniter4\framework\system\View\View.php(246): include('E:\\OpenServerPa...')
#4 E:\OpenServerPanel\domains\ht.caydothi.com\vendor\codeigniter4\framework\system\Common.php(1119): CodeIgniter\View\View->render('frontend/homepa...', Array, true)
#5 E:\OpenServerPanel\domains\ht.caydothi.com\app\Views\frontend\homepage\layout\home.php(72): view('frontend/homepa...')
#6 E:\OpenServerPanel\domains\ht.caydothi.com\vendor\codeigniter4\framework\system\View\View.php(246): include('E:\\OpenServerPa...')
#7 E:\OpenServerPanel\domains\ht.caydothi.com\vendor\codeigniter4\framework\system\Common.php(1119): CodeIgniter\View\View->render('frontend/homepa...', Array, true)
#8 E:\OpenServerPanel\domains\ht.caydothi.com\app\Controllers\Frontend\Homepage\Home.php(101): view('frontend/homepa...', Array)
#9 E:\OpenServerPanel\domains\ht.caydothi.com\vendor\codeigniter4\framework\system\CodeIgniter.php(918): App\Controllers\Frontend\Homepage\Home->index()
#10 E:\OpenServerPanel\domains\ht.caydothi.com\vendor\codeigniter4\framework\system\CodeIgniter.php(404): CodeIgniter\CodeIgniter->runController(Object(App\Controllers\Frontend\Homepage\Home))
#11 E:\OpenServerPanel\domains\ht.caydothi.com\vendor\codeigniter4\framework\system\CodeIgniter.php(312): CodeIgniter\CodeIgniter->handleRequest(NULL, Object(Config\Cache), false)
#12 E:\OpenServerPanel\domains\ht.caydothi.com\index.php(48): CodeIgniter\CodeIgniter->run()
#13 {main}
CRITICAL - 2022-06-27 20:28:35 --> Invalid file: {0}
#0 E:\OpenServerPanel\domains\ht.caydothi.com\vendor\codeigniter4\framework\system\View\View.php(228): CodeIgniter\Exceptions\FrameworkException::forInvalidFile('frontend/homepa...')
#1 E:\OpenServerPanel\domains\ht.caydothi.com\vendor\codeigniter4\framework\system\Common.php(1119): CodeIgniter\View\View->render('frontend/homepa...', Array, true)
#2 E:\OpenServerPanel\domains\ht.caydothi.com\app\Views\frontend\homepage\home\index.php(4): view('frontend/homepa...')
#3 E:\OpenServerPanel\domains\ht.caydothi.com\vendor\codeigniter4\framework\system\View\View.php(246): include('E:\\OpenServerPa...')
#4 E:\OpenServerPanel\domains\ht.caydothi.com\vendor\codeigniter4\framework\system\Common.php(1119): CodeIgniter\View\View->render('frontend/homepa...', Array, true)
#5 E:\OpenServerPanel\domains\ht.caydothi.com\app\Views\frontend\homepage\layout\home.php(72): view('frontend/homepa...')
#6 E:\OpenServerPanel\domains\ht.caydothi.com\vendor\codeigniter4\framework\system\View\View.php(246): include('E:\\OpenServerPa...')
#7 E:\OpenServerPanel\domains\ht.caydothi.com\vendor\codeigniter4\framework\system\Common.php(1119): CodeIgniter\View\View->render('frontend/homepa...', Array, true)
#8 E:\OpenServerPanel\domains\ht.caydothi.com\app\Controllers\Frontend\Homepage\Home.php(101): view('frontend/homepa...', Array)
#9 E:\OpenServerPanel\domains\ht.caydothi.com\vendor\codeigniter4\framework\system\CodeIgniter.php(918): App\Controllers\Frontend\Homepage\Home->index()
#10 E:\OpenServerPanel\domains\ht.caydothi.com\vendor\codeigniter4\framework\system\CodeIgniter.php(404): CodeIgniter\CodeIgniter->runController(Object(App\Controllers\Frontend\Homepage\Home))
#11 E:\OpenServerPanel\domains\ht.caydothi.com\vendor\codeigniter4\framework\system\CodeIgniter.php(312): CodeIgniter\CodeIgniter->handleRequest(NULL, Object(Config\Cache), false)
#12 E:\OpenServerPanel\domains\ht.caydothi.com\index.php(48): CodeIgniter\CodeIgniter->run()
#13 {main}
CRITICAL - 2022-06-27 20:28:35 --> Invalid file: {0}
#0 E:\OpenServerPanel\domains\ht.caydothi.com\vendor\codeigniter4\framework\system\View\View.php(228): CodeIgniter\Exceptions\FrameworkException::forInvalidFile('frontend/homepa...')
#1 E:\OpenServerPanel\domains\ht.caydothi.com\vendor\codeigniter4\framework\system\Common.php(1119): CodeIgniter\View\View->render('frontend/homepa...', Array, true)
#2 E:\OpenServerPanel\domains\ht.caydothi.com\app\Views\frontend\homepage\home\index.php(4): view('frontend/homepa...')
#3 E:\OpenServerPanel\domains\ht.caydothi.com\vendor\codeigniter4\framework\system\View\View.php(246): include('E:\\OpenServerPa...')
#4 E:\OpenServerPanel\domains\ht.caydothi.com\vendor\codeigniter4\framework\system\Common.php(1119): CodeIgniter\View\View->render('frontend/homepa...', Array, true)
#5 E:\OpenServerPanel\domains\ht.caydothi.com\app\Views\frontend\homepage\layout\home.php(72): view('frontend/homepa...')
#6 E:\OpenServerPanel\domains\ht.caydothi.com\vendor\codeigniter4\framework\system\View\View.php(246): include('E:\\OpenServerPa...')
#7 E:\OpenServerPanel\domains\ht.caydothi.com\vendor\codeigniter4\framework\system\Common.php(1119): CodeIgniter\View\View->render('frontend/homepa...', Array, true)
#8 E:\OpenServerPanel\domains\ht.caydothi.com\app\Controllers\Frontend\Homepage\Home.php(101): view('frontend/homepa...', Array)
#9 E:\OpenServerPanel\domains\ht.caydothi.com\vendor\codeigniter4\framework\system\CodeIgniter.php(918): App\Controllers\Frontend\Homepage\Home->index()
#10 E:\OpenServerPanel\domains\ht.caydothi.com\vendor\codeigniter4\framework\system\CodeIgniter.php(404): CodeIgniter\CodeIgniter->runController(Object(App\Controllers\Frontend\Homepage\Home))
#11 E:\OpenServerPanel\domains\ht.caydothi.com\vendor\codeigniter4\framework\system\CodeIgniter.php(312): CodeIgniter\CodeIgniter->handleRequest(NULL, Object(Config\Cache), false)
#12 E:\OpenServerPanel\domains\ht.caydothi.com\index.php(48): CodeIgniter\CodeIgniter->run()
#13 {main}
CRITICAL - 2022-06-27 20:28:38 --> Invalid file: {0}
#0 E:\OpenServerPanel\domains\ht.caydothi.com\vendor\codeigniter4\framework\system\View\View.php(228): CodeIgniter\Exceptions\FrameworkException::forInvalidFile('frontend/homepa...')
#1 E:\OpenServerPanel\domains\ht.caydothi.com\vendor\codeigniter4\framework\system\Common.php(1119): CodeIgniter\View\View->render('frontend/homepa...', Array, true)
#2 E:\OpenServerPanel\domains\ht.caydothi.com\app\Views\frontend\homepage\home\index.php(4): view('frontend/homepa...')
#3 E:\OpenServerPanel\domains\ht.caydothi.com\vendor\codeigniter4\framework\system\View\View.php(246): include('E:\\OpenServerPa...')
#4 E:\OpenServerPanel\domains\ht.caydothi.com\vendor\codeigniter4\framework\system\Common.php(1119): CodeIgniter\View\View->render('frontend/homepa...', Array, true)
#5 E:\OpenServerPanel\domains\ht.caydothi.com\app\Views\frontend\homepage\layout\home.php(72): view('frontend/homepa...')
#6 E:\OpenServerPanel\domains\ht.caydothi.com\vendor\codeigniter4\framework\system\View\View.php(246): include('E:\\OpenServerPa...')
#7 E:\OpenServerPanel\domains\ht.caydothi.com\vendor\codeigniter4\framework\system\Common.php(1119): CodeIgniter\View\View->render('frontend/homepa...', Array, true)
#8 E:\OpenServerPanel\domains\ht.caydothi.com\app\Controllers\Frontend\Homepage\Home.php(101): view('frontend/homepa...', Array)
#9 E:\OpenServerPanel\domains\ht.caydothi.com\vendor\codeigniter4\framework\system\CodeIgniter.php(918): App\Controllers\Frontend\Homepage\Home->index()
#10 E:\OpenServerPanel\domains\ht.caydothi.com\vendor\codeigniter4\framework\system\CodeIgniter.php(404): CodeIgniter\CodeIgniter->runController(Object(App\Controllers\Frontend\Homepage\Home))
#11 E:\OpenServerPanel\domains\ht.caydothi.com\vendor\codeigniter4\framework\system\CodeIgniter.php(312): CodeIgniter\CodeIgniter->handleRequest(NULL, Object(Config\Cache), false)
#12 E:\OpenServerPanel\domains\ht.caydothi.com\index.php(48): CodeIgniter\CodeIgniter->run()
#13 {main}
CRITICAL - 2022-06-27 21:14:04 --> Undefined index: product
#0 E:\OpenServerPanel\domains\ht.caydothi.com\app\Views\frontend\homepage\home\index.php(47): CodeIgniter\Debug\Exceptions->errorHandler(8, 'Undefined index...', 'E:\\OpenServerPa...', 47, Array)
#1 E:\OpenServerPanel\domains\ht.caydothi.com\vendor\codeigniter4\framework\system\View\View.php(246): include('E:\\OpenServerPa...')
#2 E:\OpenServerPanel\domains\ht.caydothi.com\vendor\codeigniter4\framework\system\Common.php(1119): CodeIgniter\View\View->render('frontend/homepa...', Array, true)
#3 E:\OpenServerPanel\domains\ht.caydothi.com\app\Views\frontend\homepage\layout\home.php(72): view('frontend/homepa...')
#4 E:\OpenServerPanel\domains\ht.caydothi.com\vendor\codeigniter4\framework\system\View\View.php(246): include('E:\\OpenServerPa...')
#5 E:\OpenServerPanel\domains\ht.caydothi.com\vendor\codeigniter4\framework\system\Common.php(1119): CodeIgniter\View\View->render('frontend/homepa...', Array, true)
#6 E:\OpenServerPanel\domains\ht.caydothi.com\app\Controllers\Frontend\Homepage\Home.php(101): view('frontend/homepa...', Array)
#7 E:\OpenServerPanel\domains\ht.caydothi.com\vendor\codeigniter4\framework\system\CodeIgniter.php(918): App\Controllers\Frontend\Homepage\Home->index()
#8 E:\OpenServerPanel\domains\ht.caydothi.com\vendor\codeigniter4\framework\system\CodeIgniter.php(404): CodeIgniter\CodeIgniter->runController(Object(App\Controllers\Frontend\Homepage\Home))
#9 E:\OpenServerPanel\domains\ht.caydothi.com\vendor\codeigniter4\framework\system\CodeIgniter.php(312): CodeIgniter\CodeIgniter->handleRequest(NULL, Object(Config\Cache), false)
#10 E:\OpenServerPanel\domains\ht.caydothi.com\index.php(48): CodeIgniter\CodeIgniter->run()
#11 {main}
CRITICAL - 2022-06-27 21:14:06 --> Undefined index: product
#0 E:\OpenServerPanel\domains\ht.caydothi.com\app\Views\frontend\homepage\home\index.php(47): CodeIgniter\Debug\Exceptions->errorHandler(8, 'Undefined index...', 'E:\\OpenServerPa...', 47, Array)
#1 E:\OpenServerPanel\domains\ht.caydothi.com\vendor\codeigniter4\framework\system\View\View.php(246): include('E:\\OpenServerPa...')
#2 E:\OpenServerPanel\domains\ht.caydothi.com\vendor\codeigniter4\framework\system\Common.php(1119): CodeIgniter\View\View->render('frontend/homepa...', Array, true)
#3 E:\OpenServerPanel\domains\ht.caydothi.com\app\Views\frontend\homepage\layout\home.php(72): view('frontend/homepa...')
#4 E:\OpenServerPanel\domains\ht.caydothi.com\vendor\codeigniter4\framework\system\View\View.php(246): include('E:\\OpenServerPa...')
#5 E:\OpenServerPanel\domains\ht.caydothi.com\vendor\codeigniter4\framework\system\Common.php(1119): CodeIgniter\View\View->render('frontend/homepa...', Array, true)
#6 E:\OpenServerPanel\domains\ht.caydothi.com\app\Controllers\Frontend\Homepage\Home.php(101): view('frontend/homepa...', Array)
#7 E:\OpenServerPanel\domains\ht.caydothi.com\vendor\codeigniter4\framework\system\CodeIgniter.php(918): App\Controllers\Frontend\Homepage\Home->index()
#8 E:\OpenServerPanel\domains\ht.caydothi.com\vendor\codeigniter4\framework\system\CodeIgniter.php(404): CodeIgniter\CodeIgniter->runController(Object(App\Controllers\Frontend\Homepage\Home))
#9 E:\OpenServerPanel\domains\ht.caydothi.com\vendor\codeigniter4\framework\system\CodeIgniter.php(312): CodeIgniter\CodeIgniter->handleRequest(NULL, Object(Config\Cache), false)
#10 E:\OpenServerPanel\domains\ht.caydothi.com\index.php(48): CodeIgniter\CodeIgniter->run()
#11 {main}
CRITICAL - 2022-06-27 21:56:35 --> Table 'project.article_traslate' doesn't exist
#0 E:\OpenServerPanel\domains\ht.caydothi.com\vendor\codeigniter4\framework\system\Database\MySQLi\Connection.php(331): mysqli->query('INSERT INTO `ar...')
#1 E:\OpenServerPanel\domains\ht.caydothi.com\vendor\codeigniter4\framework\system\Database\BaseConnection.php(741): CodeIgniter\Database\MySQLi\Connection->execute('INSERT INTO `ar...')
#2 E:\OpenServerPanel\domains\ht.caydothi.com\vendor\codeigniter4\framework\system\Database\BaseConnection.php(669): CodeIgniter\Database\BaseConnection->simpleQuery('INSERT INTO `ar...')
#3 E:\OpenServerPanel\domains\ht.caydothi.com\vendor\codeigniter4\framework\system\Database\BaseBuilder.php(2091): CodeIgniter\Database\BaseConnection->query('INSERT INTO `ar...', Array, false)
#4 E:\OpenServerPanel\domains\ht.caydothi.com\app\Models\AutoloadModel.php(137): CodeIgniter\Database\BaseBuilder->insertBatch(Array)
#5 E:\OpenServerPanel\domains\ht.caydothi.com\app\Controllers\Frontend\Homepage\Home.php(81): App\Models\AutoloadModel->_create_batch(Array)
#6 E:\OpenServerPanel\domains\ht.caydothi.com\vendor\codeigniter4\framework\system\CodeIgniter.php(918): App\Controllers\Frontend\Homepage\Home->crawler()
#7 E:\OpenServerPanel\domains\ht.caydothi.com\vendor\codeigniter4\framework\system\CodeIgniter.php(404): CodeIgniter\CodeIgniter->runController(Object(App\Controllers\Frontend\Homepage\Home))
#8 E:\OpenServerPanel\domains\ht.caydothi.com\vendor\codeigniter4\framework\system\CodeIgniter.php(312): CodeIgniter\CodeIgniter->handleRequest(NULL, Object(Config\Cache), false)
#9 E:\OpenServerPanel\domains\ht.caydothi.com\index.php(48): CodeIgniter\CodeIgniter->run()
#10 {main}
CRITICAL - 2022-06-27 21:57:12 --> Unknown column 'method' in 'field list'
#0 E:\OpenServerPanel\domains\ht.caydothi.com\vendor\codeigniter4\framework\system\Database\MySQLi\Connection.php(331): mysqli->query('INSERT INTO `ro...')
#1 E:\OpenServerPanel\domains\ht.caydothi.com\vendor\codeigniter4\framework\system\Database\BaseConnection.php(741): CodeIgniter\Database\MySQLi\Connection->execute('INSERT INTO `ro...')
#2 E:\OpenServerPanel\domains\ht.caydothi.com\vendor\codeigniter4\framework\system\Database\BaseConnection.php(669): CodeIgniter\Database\BaseConnection->simpleQuery('INSERT INTO `ro...')
#3 E:\OpenServerPanel\domains\ht.caydothi.com\vendor\codeigniter4\framework\system\Database\BaseBuilder.php(2091): CodeIgniter\Database\BaseConnection->query('INSERT INTO `ro...', Array, false)
#4 E:\OpenServerPanel\domains\ht.caydothi.com\app\Models\AutoloadModel.php(137): CodeIgniter\Database\BaseBuilder->insertBatch(Array)
#5 E:\OpenServerPanel\domains\ht.caydothi.com\app\Controllers\Frontend\Homepage\Home.php(86): App\Models\AutoloadModel->_create_batch(Array)
#6 E:\OpenServerPanel\domains\ht.caydothi.com\vendor\codeigniter4\framework\system\CodeIgniter.php(918): App\Controllers\Frontend\Homepage\Home->crawler()
#7 E:\OpenServerPanel\domains\ht.caydothi.com\vendor\codeigniter4\framework\system\CodeIgniter.php(404): CodeIgniter\CodeIgniter->runController(Object(App\Controllers\Frontend\Homepage\Home))
#8 E:\OpenServerPanel\domains\ht.caydothi.com\vendor\codeigniter4\framework\system\CodeIgniter.php(312): CodeIgniter\CodeIgniter->handleRequest(NULL, Object(Config\Cache), false)
#9 E:\OpenServerPanel\domains\ht.caydothi.com\index.php(48): CodeIgniter\CodeIgniter->run()
#10 {main}
CRITICAL - 2022-06-27 21:57:40 --> Unknown column 'router' in 'field list'
#0 E:\OpenServerPanel\domains\ht.caydothi.com\vendor\codeigniter4\framework\system\Database\MySQLi\Connection.php(331): mysqli->query('INSERT INTO `ro...')
#1 E:\OpenServerPanel\domains\ht.caydothi.com\vendor\codeigniter4\framework\system\Database\BaseConnection.php(741): CodeIgniter\Database\MySQLi\Connection->execute('INSERT INTO `ro...')
#2 E:\OpenServerPanel\domains\ht.caydothi.com\vendor\codeigniter4\framework\system\Database\BaseConnection.php(669): CodeIgniter\Database\BaseConnection->simpleQuery('INSERT INTO `ro...')
#3 E:\OpenServerPanel\domains\ht.caydothi.com\vendor\codeigniter4\framework\system\Database\BaseBuilder.php(2091): CodeIgniter\Database\BaseConnection->query('INSERT INTO `ro...', Array, false)
#4 E:\OpenServerPanel\domains\ht.caydothi.com\app\Models\AutoloadModel.php(137): CodeIgniter\Database\BaseBuilder->insertBatch(Array)
#5 E:\OpenServerPanel\domains\ht.caydothi.com\app\Controllers\Frontend\Homepage\Home.php(86): App\Models\AutoloadModel->_create_batch(Array)
#6 E:\OpenServerPanel\domains\ht.caydothi.com\vendor\codeigniter4\framework\system\CodeIgniter.php(918): App\Controllers\Frontend\Homepage\Home->crawler()
#7 E:\OpenServerPanel\domains\ht.caydothi.com\vendor\codeigniter4\framework\system\CodeIgniter.php(404): CodeIgniter\CodeIgniter->runController(Object(App\Controllers\Frontend\Homepage\Home))
#8 E:\OpenServerPanel\domains\ht.caydothi.com\vendor\codeigniter4\framework\system\CodeIgniter.php(312): CodeIgniter\CodeIgniter->handleRequest(NULL, Object(Config\Cache), false)
#9 E:\OpenServerPanel\domains\ht.caydothi.com\index.php(48): CodeIgniter\CodeIgniter->run()
#10 {main}
