CRITICAL - 2022-08-28 03:50:45 --> Undefined index: blog
#0 E:\OpenServerPanel\domains\ht.review.com\app\Views\frontend\homepage\home\index.php(252): CodeIgniter\Debug\Exceptions->errorHandler(8, 'Undefined index...', 'E:\\OpenServerPa...', 252, Array)
#1 E:\OpenServerPanel\domains\ht.review.com\vendor\codeigniter4\framework\system\View\View.php(246): include('E:\\OpenServerPa...')
#2 E:\OpenServerPanel\domains\ht.review.com\vendor\codeigniter4\framework\system\Common.php(1119): CodeIgniter\View\View->render('frontend/homepa...', Array, true)
#3 E:\OpenServerPanel\domains\ht.review.com\app\Views\frontend\homepage\layout\home.php(72): view('frontend/homepa...')
#4 E:\OpenServerPanel\domains\ht.review.com\vendor\codeigniter4\framework\system\View\View.php(246): include('E:\\OpenServerPa...')
#5 E:\OpenServerPanel\domains\ht.review.com\vendor\codeigniter4\framework\system\Common.php(1119): CodeIgniter\View\View->render('frontend/homepa...', Array, true)
#6 E:\OpenServerPanel\domains\ht.review.com\app\Controllers\Frontend\Homepage\Home.php(115): view('frontend/homepa...', Array)
#7 E:\OpenServerPanel\domains\ht.review.com\vendor\codeigniter4\framework\system\CodeIgniter.php(918): App\Controllers\Frontend\Homepage\Home->index()
#8 E:\OpenServerPanel\domains\ht.review.com\vendor\codeigniter4\framework\system\CodeIgniter.php(404): CodeIgniter\CodeIgniter->runController(Object(App\Controllers\Frontend\Homepage\Home))
#9 E:\OpenServerPanel\domains\ht.review.com\vendor\codeigniter4\framework\system\CodeIgniter.php(312): CodeIgniter\CodeIgniter->handleRequest(NULL, Object(Config\Cache), false)
#10 E:\OpenServerPanel\domains\ht.review.com\index.php(48): CodeIgniter\CodeIgniter->run()
#11 {main}
CRITICAL - 2022-08-28 03:51:21 --> Undefined index: blog
#0 E:\OpenServerPanel\domains\ht.review.com\app\Views\frontend\homepage\home\index.php(252): CodeIgniter\Debug\Exceptions->errorHandler(8, 'Undefined index...', 'E:\\OpenServerPa...', 252, Array)
#1 E:\OpenServerPanel\domains\ht.review.com\vendor\codeigniter4\framework\system\View\View.php(246): include('E:\\OpenServerPa...')
#2 E:\OpenServerPanel\domains\ht.review.com\vendor\codeigniter4\framework\system\Common.php(1119): CodeIgniter\View\View->render('frontend/homepa...', Array, true)
#3 E:\OpenServerPanel\domains\ht.review.com\app\Views\frontend\homepage\layout\home.php(72): view('frontend/homepa...')
#4 E:\OpenServerPanel\domains\ht.review.com\vendor\codeigniter4\framework\system\View\View.php(246): include('E:\\OpenServerPa...')
#5 E:\OpenServerPanel\domains\ht.review.com\vendor\codeigniter4\framework\system\Common.php(1119): CodeIgniter\View\View->render('frontend/homepa...', Array, true)
#6 E:\OpenServerPanel\domains\ht.review.com\app\Controllers\Frontend\Homepage\Home.php(115): view('frontend/homepa...', Array)
#7 E:\OpenServerPanel\domains\ht.review.com\vendor\codeigniter4\framework\system\CodeIgniter.php(918): App\Controllers\Frontend\Homepage\Home->index()
#8 E:\OpenServerPanel\domains\ht.review.com\vendor\codeigniter4\framework\system\CodeIgniter.php(404): CodeIgniter\CodeIgniter->runController(Object(App\Controllers\Frontend\Homepage\Home))
#9 E:\OpenServerPanel\domains\ht.review.com\vendor\codeigniter4\framework\system\CodeIgniter.php(312): CodeIgniter\CodeIgniter->handleRequest(NULL, Object(Config\Cache), false)
#10 E:\OpenServerPanel\domains\ht.review.com\index.php(48): CodeIgniter\CodeIgniter->run()
#11 {main}
CRITICAL - 2022-08-28 03:51:38 --> Undefined index: blog
#0 E:\OpenServerPanel\domains\ht.review.com\app\Views\frontend\homepage\home\index.php(252): CodeIgniter\Debug\Exceptions->errorHandler(8, 'Undefined index...', 'E:\\OpenServerPa...', 252, Array)
#1 E:\OpenServerPanel\domains\ht.review.com\vendor\codeigniter4\framework\system\View\View.php(246): include('E:\\OpenServerPa...')
#2 E:\OpenServerPanel\domains\ht.review.com\vendor\codeigniter4\framework\system\Common.php(1119): CodeIgniter\View\View->render('frontend/homepa...', Array, true)
#3 E:\OpenServerPanel\domains\ht.review.com\app\Views\frontend\homepage\layout\home.php(72): view('frontend/homepa...')
#4 E:\OpenServerPanel\domains\ht.review.com\vendor\codeigniter4\framework\system\View\View.php(246): include('E:\\OpenServerPa...')
#5 E:\OpenServerPanel\domains\ht.review.com\vendor\codeigniter4\framework\system\Common.php(1119): CodeIgniter\View\View->render('frontend/homepa...', Array, true)
#6 E:\OpenServerPanel\domains\ht.review.com\app\Controllers\Frontend\Homepage\Home.php(115): view('frontend/homepa...', Array)
#7 E:\OpenServerPanel\domains\ht.review.com\vendor\codeigniter4\framework\system\CodeIgniter.php(918): App\Controllers\Frontend\Homepage\Home->index()
#8 E:\OpenServerPanel\domains\ht.review.com\vendor\codeigniter4\framework\system\CodeIgniter.php(404): CodeIgniter\CodeIgniter->runController(Object(App\Controllers\Frontend\Homepage\Home))
#9 E:\OpenServerPanel\domains\ht.review.com\vendor\codeigniter4\framework\system\CodeIgniter.php(312): CodeIgniter\CodeIgniter->handleRequest(NULL, Object(Config\Cache), false)
#10 E:\OpenServerPanel\domains\ht.review.com\index.php(48): CodeIgniter\CodeIgniter->run()
#11 {main}
CRITICAL - 2022-08-28 03:52:32 --> Undefined index: blog
#0 E:\OpenServerPanel\domains\ht.review.com\app\Views\frontend\homepage\home\index.php(252): CodeIgniter\Debug\Exceptions->errorHandler(8, 'Undefined index...', 'E:\\OpenServerPa...', 252, Array)
#1 E:\OpenServerPanel\domains\ht.review.com\vendor\codeigniter4\framework\system\View\View.php(246): include('E:\\OpenServerPa...')
#2 E:\OpenServerPanel\domains\ht.review.com\vendor\codeigniter4\framework\system\Common.php(1119): CodeIgniter\View\View->render('frontend/homepa...', Array, true)
#3 E:\OpenServerPanel\domains\ht.review.com\app\Views\frontend\homepage\layout\home.php(71): view('frontend/homepa...')
#4 E:\OpenServerPanel\domains\ht.review.com\vendor\codeigniter4\framework\system\View\View.php(246): include('E:\\OpenServerPa...')
#5 E:\OpenServerPanel\domains\ht.review.com\vendor\codeigniter4\framework\system\Common.php(1119): CodeIgniter\View\View->render('frontend/homepa...', Array, true)
#6 E:\OpenServerPanel\domains\ht.review.com\app\Controllers\Frontend\Homepage\Home.php(115): view('frontend/homepa...', Array)
#7 E:\OpenServerPanel\domains\ht.review.com\vendor\codeigniter4\framework\system\CodeIgniter.php(918): App\Controllers\Frontend\Homepage\Home->index()
#8 E:\OpenServerPanel\domains\ht.review.com\vendor\codeigniter4\framework\system\CodeIgniter.php(404): CodeIgniter\CodeIgniter->runController(Object(App\Controllers\Frontend\Homepage\Home))
#9 E:\OpenServerPanel\domains\ht.review.com\vendor\codeigniter4\framework\system\CodeIgniter.php(312): CodeIgniter\CodeIgniter->handleRequest(NULL, Object(Config\Cache), false)
#10 E:\OpenServerPanel\domains\ht.review.com\index.php(48): CodeIgniter\CodeIgniter->run()
#11 {main}
CRITICAL - 2022-08-28 03:52:33 --> Undefined index: blog
#0 E:\OpenServerPanel\domains\ht.review.com\app\Views\frontend\homepage\home\index.php(252): CodeIgniter\Debug\Exceptions->errorHandler(8, 'Undefined index...', 'E:\\OpenServerPa...', 252, Array)
#1 E:\OpenServerPanel\domains\ht.review.com\vendor\codeigniter4\framework\system\View\View.php(246): include('E:\\OpenServerPa...')
#2 E:\OpenServerPanel\domains\ht.review.com\vendor\codeigniter4\framework\system\Common.php(1119): CodeIgniter\View\View->render('frontend/homepa...', Array, true)
#3 E:\OpenServerPanel\domains\ht.review.com\app\Views\frontend\homepage\layout\home.php(71): view('frontend/homepa...')
#4 E:\OpenServerPanel\domains\ht.review.com\vendor\codeigniter4\framework\system\View\View.php(246): include('E:\\OpenServerPa...')
#5 E:\OpenServerPanel\domains\ht.review.com\vendor\codeigniter4\framework\system\Common.php(1119): CodeIgniter\View\View->render('frontend/homepa...', Array, true)
#6 E:\OpenServerPanel\domains\ht.review.com\app\Controllers\Frontend\Homepage\Home.php(115): view('frontend/homepa...', Array)
#7 E:\OpenServerPanel\domains\ht.review.com\vendor\codeigniter4\framework\system\CodeIgniter.php(918): App\Controllers\Frontend\Homepage\Home->index()
#8 E:\OpenServerPanel\domains\ht.review.com\vendor\codeigniter4\framework\system\CodeIgniter.php(404): CodeIgniter\CodeIgniter->runController(Object(App\Controllers\Frontend\Homepage\Home))
#9 E:\OpenServerPanel\domains\ht.review.com\vendor\codeigniter4\framework\system\CodeIgniter.php(312): CodeIgniter\CodeIgniter->handleRequest(NULL, Object(Config\Cache), false)
#10 E:\OpenServerPanel\domains\ht.review.com\index.php(48): CodeIgniter\CodeIgniter->run()
#11 {main}
CRITICAL - 2022-08-28 04:32:18 --> Illegal string offset 'canonical'
#0 E:\OpenServerPanel\domains\ht.review.com\app\Views\frontend\homepage\common\header.php(24): CodeIgniter\Debug\Exceptions->errorHandler(2, 'Illegal string ...', 'E:\\OpenServerPa...', 24, Array)
#1 E:\OpenServerPanel\domains\ht.review.com\vendor\codeigniter4\framework\system\View\View.php(246): include('E:\\OpenServerPa...')
#2 E:\OpenServerPanel\domains\ht.review.com\vendor\codeigniter4\framework\system\Common.php(1119): CodeIgniter\View\View->render('frontend/homepa...', Array, true)
#3 E:\OpenServerPanel\domains\ht.review.com\app\Views\frontend\homepage\layout\home.php(41): view('frontend/homepa...')
#4 E:\OpenServerPanel\domains\ht.review.com\vendor\codeigniter4\framework\system\View\View.php(246): include('E:\\OpenServerPa...')
#5 E:\OpenServerPanel\domains\ht.review.com\vendor\codeigniter4\framework\system\Common.php(1119): CodeIgniter\View\View->render('frontend/homepa...', Array, true)
#6 E:\OpenServerPanel\domains\ht.review.com\app\Controllers\Frontend\Homepage\Home.php(115): view('frontend/homepa...', Array)
#7 E:\OpenServerPanel\domains\ht.review.com\vendor\codeigniter4\framework\system\CodeIgniter.php(918): App\Controllers\Frontend\Homepage\Home->index()
#8 E:\OpenServerPanel\domains\ht.review.com\vendor\codeigniter4\framework\system\CodeIgniter.php(404): CodeIgniter\CodeIgniter->runController(Object(App\Controllers\Frontend\Homepage\Home))
#9 E:\OpenServerPanel\domains\ht.review.com\vendor\codeigniter4\framework\system\CodeIgniter.php(312): CodeIgniter\CodeIgniter->handleRequest(NULL, Object(Config\Cache), false)
#10 E:\OpenServerPanel\domains\ht.review.com\index.php(48): CodeIgniter\CodeIgniter->run()
#11 {main}
CRITICAL - 2022-08-28 04:32:19 --> Illegal string offset 'canonical'
#0 E:\OpenServerPanel\domains\ht.review.com\app\Views\frontend\homepage\common\header.php(24): CodeIgniter\Debug\Exceptions->errorHandler(2, 'Illegal string ...', 'E:\\OpenServerPa...', 24, Array)
#1 E:\OpenServerPanel\domains\ht.review.com\vendor\codeigniter4\framework\system\View\View.php(246): include('E:\\OpenServerPa...')
#2 E:\OpenServerPanel\domains\ht.review.com\vendor\codeigniter4\framework\system\Common.php(1119): CodeIgniter\View\View->render('frontend/homepa...', Array, true)
#3 E:\OpenServerPanel\domains\ht.review.com\app\Views\frontend\homepage\layout\home.php(41): view('frontend/homepa...')
#4 E:\OpenServerPanel\domains\ht.review.com\vendor\codeigniter4\framework\system\View\View.php(246): include('E:\\OpenServerPa...')
#5 E:\OpenServerPanel\domains\ht.review.com\vendor\codeigniter4\framework\system\Common.php(1119): CodeIgniter\View\View->render('frontend/homepa...', Array, true)
#6 E:\OpenServerPanel\domains\ht.review.com\app\Controllers\Frontend\Homepage\Home.php(115): view('frontend/homepa...', Array)
#7 E:\OpenServerPanel\domains\ht.review.com\vendor\codeigniter4\framework\system\CodeIgniter.php(918): App\Controllers\Frontend\Homepage\Home->index()
#8 E:\OpenServerPanel\domains\ht.review.com\vendor\codeigniter4\framework\system\CodeIgniter.php(404): CodeIgniter\CodeIgniter->runController(Object(App\Controllers\Frontend\Homepage\Home))
#9 E:\OpenServerPanel\domains\ht.review.com\vendor\codeigniter4\framework\system\CodeIgniter.php(312): CodeIgniter\CodeIgniter->handleRequest(NULL, Object(Config\Cache), false)
#10 E:\OpenServerPanel\domains\ht.review.com\index.php(48): CodeIgniter\CodeIgniter->run()
#11 {main}
CRITICAL - 2022-08-28 04:33:22 --> Undefined variable: intro
#0 E:\OpenServerPanel\domains\ht.review.com\app\Views\frontend\homepage\home\index.php(8): CodeIgniter\Debug\Exceptions->errorHandler(8, 'Undefined varia...', 'E:\\OpenServerPa...', 8, Array)
#1 E:\OpenServerPanel\domains\ht.review.com\vendor\codeigniter4\framework\system\View\View.php(246): include('E:\\OpenServerPa...')
#2 E:\OpenServerPanel\domains\ht.review.com\vendor\codeigniter4\framework\system\Common.php(1119): CodeIgniter\View\View->render('frontend/homepa...', Array, true)
#3 E:\OpenServerPanel\domains\ht.review.com\app\Views\frontend\homepage\layout\home.php(43): view('frontend/homepa...')
#4 E:\OpenServerPanel\domains\ht.review.com\vendor\codeigniter4\framework\system\View\View.php(246): include('E:\\OpenServerPa...')
#5 E:\OpenServerPanel\domains\ht.review.com\vendor\codeigniter4\framework\system\Common.php(1119): CodeIgniter\View\View->render('frontend/homepa...', Array, true)
#6 E:\OpenServerPanel\domains\ht.review.com\app\Controllers\Frontend\Homepage\Home.php(115): view('frontend/homepa...', Array)
#7 E:\OpenServerPanel\domains\ht.review.com\vendor\codeigniter4\framework\system\CodeIgniter.php(918): App\Controllers\Frontend\Homepage\Home->index()
#8 E:\OpenServerPanel\domains\ht.review.com\vendor\codeigniter4\framework\system\CodeIgniter.php(404): CodeIgniter\CodeIgniter->runController(Object(App\Controllers\Frontend\Homepage\Home))
#9 E:\OpenServerPanel\domains\ht.review.com\vendor\codeigniter4\framework\system\CodeIgniter.php(312): CodeIgniter\CodeIgniter->handleRequest(NULL, Object(Config\Cache), false)
#10 E:\OpenServerPanel\domains\ht.review.com\index.php(48): CodeIgniter\CodeIgniter->run()
#11 {main}
CRITICAL - 2022-08-28 04:47:11 --> Array to string conversion
#0 E:\OpenServerPanel\domains\ht.review.com\app\Views\frontend\homepage\home\index.php(25): CodeIgniter\Debug\Exceptions->errorHandler(8, 'Array to string...', 'E:\\OpenServerPa...', 25, Array)
#1 E:\OpenServerPanel\domains\ht.review.com\vendor\codeigniter4\framework\system\View\View.php(246): include('E:\\OpenServerPa...')
#2 E:\OpenServerPanel\domains\ht.review.com\vendor\codeigniter4\framework\system\Common.php(1119): CodeIgniter\View\View->render('frontend/homepa...', Array, true)
#3 E:\OpenServerPanel\domains\ht.review.com\app\Views\frontend\homepage\layout\home.php(43): view('frontend/homepa...')
#4 E:\OpenServerPanel\domains\ht.review.com\vendor\codeigniter4\framework\system\View\View.php(246): include('E:\\OpenServerPa...')
#5 E:\OpenServerPanel\domains\ht.review.com\vendor\codeigniter4\framework\system\Common.php(1119): CodeIgniter\View\View->render('frontend/homepa...', Array, true)
#6 E:\OpenServerPanel\domains\ht.review.com\app\Controllers\Frontend\Homepage\Home.php(26): view('frontend/homepa...', Array)
#7 E:\OpenServerPanel\domains\ht.review.com\vendor\codeigniter4\framework\system\CodeIgniter.php(918): App\Controllers\Frontend\Homepage\Home->index()
#8 E:\OpenServerPanel\domains\ht.review.com\vendor\codeigniter4\framework\system\CodeIgniter.php(404): CodeIgniter\CodeIgniter->runController(Object(App\Controllers\Frontend\Homepage\Home))
#9 E:\OpenServerPanel\domains\ht.review.com\vendor\codeigniter4\framework\system\CodeIgniter.php(312): CodeIgniter\CodeIgniter->handleRequest(NULL, Object(Config\Cache), false)
#10 E:\OpenServerPanel\domains\ht.review.com\index.php(48): CodeIgniter\CodeIgniter->run()
#11 {main}
CRITICAL - 2022-08-28 04:56:08 --> syntax error, unexpected '=', expecting ']'
#0 E:\OpenServerPanel\domains\ht.review.com\vendor\codeigniter4\framework\system\Autoloader\Autoloader.php(296): CodeIgniter\Autoloader\Autoloader->requireFile('E:\\OpenServerPa...')
#1 E:\OpenServerPanel\domains\ht.review.com\vendor\codeigniter4\framework\system\Autoloader\Autoloader.php(258): CodeIgniter\Autoloader\Autoloader->loadInNamespace('App\\Controllers...')
#2 [internal function]: CodeIgniter\Autoloader\Autoloader->loadClass('App\\Controllers...')
#3 [internal function]: spl_autoload_call('App\\Controllers...')
#4 E:\OpenServerPanel\domains\ht.review.com\vendor\codeigniter4\framework\system\CodeIgniter.php(869): class_exists('\\App\\Controller...', true)
#5 E:\OpenServerPanel\domains\ht.review.com\vendor\codeigniter4\framework\system\CodeIgniter.php(394): CodeIgniter\CodeIgniter->startController()
#6 E:\OpenServerPanel\domains\ht.review.com\vendor\codeigniter4\framework\system\CodeIgniter.php(312): CodeIgniter\CodeIgniter->handleRequest(NULL, Object(Config\Cache), false)
#7 E:\OpenServerPanel\domains\ht.review.com\index.php(48): CodeIgniter\CodeIgniter->run()
#8 {main}
CRITICAL - 2022-08-28 04:56:10 --> syntax error, unexpected '=', expecting ']'
#0 E:\OpenServerPanel\domains\ht.review.com\vendor\codeigniter4\framework\system\Autoloader\Autoloader.php(296): CodeIgniter\Autoloader\Autoloader->requireFile('E:\\OpenServerPa...')
#1 E:\OpenServerPanel\domains\ht.review.com\vendor\codeigniter4\framework\system\Autoloader\Autoloader.php(258): CodeIgniter\Autoloader\Autoloader->loadInNamespace('App\\Controllers...')
#2 [internal function]: CodeIgniter\Autoloader\Autoloader->loadClass('App\\Controllers...')
#3 [internal function]: spl_autoload_call('App\\Controllers...')
#4 E:\OpenServerPanel\domains\ht.review.com\vendor\codeigniter4\framework\system\CodeIgniter.php(869): class_exists('\\App\\Controller...', true)
#5 E:\OpenServerPanel\domains\ht.review.com\vendor\codeigniter4\framework\system\CodeIgniter.php(394): CodeIgniter\CodeIgniter->startController()
#6 E:\OpenServerPanel\domains\ht.review.com\vendor\codeigniter4\framework\system\CodeIgniter.php(312): CodeIgniter\CodeIgniter->handleRequest(NULL, Object(Config\Cache), false)
#7 E:\OpenServerPanel\domains\ht.review.com\index.php(48): CodeIgniter\CodeIgniter->run()
#8 {main}
CRITICAL - 2022-08-28 04:56:16 --> syntax error, unexpected '=', expecting ']'
#0 E:\OpenServerPanel\domains\ht.review.com\vendor\codeigniter4\framework\system\Autoloader\Autoloader.php(296): CodeIgniter\Autoloader\Autoloader->requireFile('E:\\OpenServerPa...')
#1 E:\OpenServerPanel\domains\ht.review.com\vendor\codeigniter4\framework\system\Autoloader\Autoloader.php(258): CodeIgniter\Autoloader\Autoloader->loadInNamespace('App\\Controllers...')
#2 [internal function]: CodeIgniter\Autoloader\Autoloader->loadClass('App\\Controllers...')
#3 [internal function]: spl_autoload_call('App\\Controllers...')
#4 E:\OpenServerPanel\domains\ht.review.com\vendor\codeigniter4\framework\system\CodeIgniter.php(869): class_exists('\\App\\Controller...', true)
#5 E:\OpenServerPanel\domains\ht.review.com\vendor\codeigniter4\framework\system\CodeIgniter.php(394): CodeIgniter\CodeIgniter->startController()
#6 E:\OpenServerPanel\domains\ht.review.com\vendor\codeigniter4\framework\system\CodeIgniter.php(312): CodeIgniter\CodeIgniter->handleRequest(NULL, Object(Config\Cache), false)
#7 E:\OpenServerPanel\domains\ht.review.com\index.php(48): CodeIgniter\CodeIgniter->run()
#8 {main}
CRITICAL - 2022-08-28 04:56:16 --> syntax error, unexpected '=', expecting ']'
#0 E:\OpenServerPanel\domains\ht.review.com\vendor\codeigniter4\framework\system\Autoloader\Autoloader.php(296): CodeIgniter\Autoloader\Autoloader->requireFile('E:\\OpenServerPa...')
#1 E:\OpenServerPanel\domains\ht.review.com\vendor\codeigniter4\framework\system\Autoloader\Autoloader.php(258): CodeIgniter\Autoloader\Autoloader->loadInNamespace('App\\Controllers...')
#2 [internal function]: CodeIgniter\Autoloader\Autoloader->loadClass('App\\Controllers...')
#3 [internal function]: spl_autoload_call('App\\Controllers...')
#4 E:\OpenServerPanel\domains\ht.review.com\vendor\codeigniter4\framework\system\CodeIgniter.php(869): class_exists('\\App\\Controller...', true)
#5 E:\OpenServerPanel\domains\ht.review.com\vendor\codeigniter4\framework\system\CodeIgniter.php(394): CodeIgniter\CodeIgniter->startController()
#6 E:\OpenServerPanel\domains\ht.review.com\vendor\codeigniter4\framework\system\CodeIgniter.php(312): CodeIgniter\CodeIgniter->handleRequest(NULL, Object(Config\Cache), false)
#7 E:\OpenServerPanel\domains\ht.review.com\index.php(48): CodeIgniter\CodeIgniter->run()
#8 {main}
CRITICAL - 2022-08-28 04:56:17 --> syntax error, unexpected '=', expecting ']'
#0 E:\OpenServerPanel\domains\ht.review.com\vendor\codeigniter4\framework\system\Autoloader\Autoloader.php(296): CodeIgniter\Autoloader\Autoloader->requireFile('E:\\OpenServerPa...')
#1 E:\OpenServerPanel\domains\ht.review.com\vendor\codeigniter4\framework\system\Autoloader\Autoloader.php(258): CodeIgniter\Autoloader\Autoloader->loadInNamespace('App\\Controllers...')
#2 [internal function]: CodeIgniter\Autoloader\Autoloader->loadClass('App\\Controllers...')
#3 [internal function]: spl_autoload_call('App\\Controllers...')
#4 E:\OpenServerPanel\domains\ht.review.com\vendor\codeigniter4\framework\system\CodeIgniter.php(869): class_exists('\\App\\Controller...', true)
#5 E:\OpenServerPanel\domains\ht.review.com\vendor\codeigniter4\framework\system\CodeIgniter.php(394): CodeIgniter\CodeIgniter->startController()
#6 E:\OpenServerPanel\domains\ht.review.com\vendor\codeigniter4\framework\system\CodeIgniter.php(312): CodeIgniter\CodeIgniter->handleRequest(NULL, Object(Config\Cache), false)
#7 E:\OpenServerPanel\domains\ht.review.com\index.php(48): CodeIgniter\CodeIgniter->run()
#8 {main}
CRITICAL - 2022-08-28 04:56:17 --> syntax error, unexpected '=', expecting ']'
#0 E:\OpenServerPanel\domains\ht.review.com\vendor\codeigniter4\framework\system\Autoloader\Autoloader.php(296): CodeIgniter\Autoloader\Autoloader->requireFile('E:\\OpenServerPa...')
#1 E:\OpenServerPanel\domains\ht.review.com\vendor\codeigniter4\framework\system\Autoloader\Autoloader.php(258): CodeIgniter\Autoloader\Autoloader->loadInNamespace('App\\Controllers...')
#2 [internal function]: CodeIgniter\Autoloader\Autoloader->loadClass('App\\Controllers...')
#3 [internal function]: spl_autoload_call('App\\Controllers...')
#4 E:\OpenServerPanel\domains\ht.review.com\vendor\codeigniter4\framework\system\CodeIgniter.php(869): class_exists('\\App\\Controller...', true)
#5 E:\OpenServerPanel\domains\ht.review.com\vendor\codeigniter4\framework\system\CodeIgniter.php(394): CodeIgniter\CodeIgniter->startController()
#6 E:\OpenServerPanel\domains\ht.review.com\vendor\codeigniter4\framework\system\CodeIgniter.php(312): CodeIgniter\CodeIgniter->handleRequest(NULL, Object(Config\Cache), false)
#7 E:\OpenServerPanel\domains\ht.review.com\index.php(48): CodeIgniter\CodeIgniter->run()
#8 {main}
CRITICAL - 2022-08-28 04:56:18 --> syntax error, unexpected '=', expecting ']'
#0 E:\OpenServerPanel\domains\ht.review.com\vendor\codeigniter4\framework\system\Autoloader\Autoloader.php(296): CodeIgniter\Autoloader\Autoloader->requireFile('E:\\OpenServerPa...')
#1 E:\OpenServerPanel\domains\ht.review.com\vendor\codeigniter4\framework\system\Autoloader\Autoloader.php(258): CodeIgniter\Autoloader\Autoloader->loadInNamespace('App\\Controllers...')
#2 [internal function]: CodeIgniter\Autoloader\Autoloader->loadClass('App\\Controllers...')
#3 [internal function]: spl_autoload_call('App\\Controllers...')
#4 E:\OpenServerPanel\domains\ht.review.com\vendor\codeigniter4\framework\system\CodeIgniter.php(869): class_exists('\\App\\Controller...', true)
#5 E:\OpenServerPanel\domains\ht.review.com\vendor\codeigniter4\framework\system\CodeIgniter.php(394): CodeIgniter\CodeIgniter->startController()
#6 E:\OpenServerPanel\domains\ht.review.com\vendor\codeigniter4\framework\system\CodeIgniter.php(312): CodeIgniter\CodeIgniter->handleRequest(NULL, Object(Config\Cache), false)
#7 E:\OpenServerPanel\domains\ht.review.com\index.php(48): CodeIgniter\CodeIgniter->run()
#8 {main}
CRITICAL - 2022-08-28 05:00:46 --> syntax error, unexpected ']', expecting ',' or ')'
#0 E:\OpenServerPanel\domains\ht.review.com\vendor\codeigniter4\framework\system\Router\Router.php(195): CodeIgniter\Router\Router->autoRoute('backend/product...')
#1 E:\OpenServerPanel\domains\ht.review.com\vendor\codeigniter4\framework\system\CodeIgniter.php(793): CodeIgniter\Router\Router->handle('backend/product...')
#2 E:\OpenServerPanel\domains\ht.review.com\vendor\codeigniter4\framework\system\CodeIgniter.php(364): CodeIgniter\CodeIgniter->tryToRouteIt(Object(CodeIgniter\Router\RouteCollection))
#3 E:\OpenServerPanel\domains\ht.review.com\vendor\codeigniter4\framework\system\CodeIgniter.php(312): CodeIgniter\CodeIgniter->handleRequest(NULL, Object(Config\Cache), false)
#4 E:\OpenServerPanel\domains\ht.review.com\index.php(48): CodeIgniter\CodeIgniter->run()
#5 {main}
CRITICAL - 2022-08-28 05:00:46 --> syntax error, unexpected ']', expecting ',' or ')'
#0 E:\OpenServerPanel\domains\ht.review.com\vendor\codeigniter4\framework\system\Router\Router.php(195): CodeIgniter\Router\Router->autoRoute('backend/product...')
#1 E:\OpenServerPanel\domains\ht.review.com\vendor\codeigniter4\framework\system\CodeIgniter.php(793): CodeIgniter\Router\Router->handle('backend/product...')
#2 E:\OpenServerPanel\domains\ht.review.com\vendor\codeigniter4\framework\system\CodeIgniter.php(364): CodeIgniter\CodeIgniter->tryToRouteIt(Object(CodeIgniter\Router\RouteCollection))
#3 E:\OpenServerPanel\domains\ht.review.com\vendor\codeigniter4\framework\system\CodeIgniter.php(312): CodeIgniter\CodeIgniter->handleRequest(NULL, Object(Config\Cache), false)
#4 E:\OpenServerPanel\domains\ht.review.com\index.php(48): CodeIgniter\CodeIgniter->run()
#5 {main}
CRITICAL - 2022-08-28 05:00:58 --> Illegal string offset 'attribute_catalogue'
#0 E:\OpenServerPanel\domains\ht.review.com\app\Controllers\Backend\Product\Catalogue.php(130): CodeIgniter\Debug\Exceptions->errorHandler(2, 'Illegal string ...', 'E:\\OpenServerPa...', 130, Array)
#1 E:\OpenServerPanel\domains\ht.review.com\vendor\codeigniter4\framework\system\CodeIgniter.php(918): App\Controllers\Backend\Product\Catalogue->update(1)
#2 E:\OpenServerPanel\domains\ht.review.com\vendor\codeigniter4\framework\system\CodeIgniter.php(404): CodeIgniter\CodeIgniter->runController(Object(App\Controllers\Backend\Product\Catalogue))
#3 E:\OpenServerPanel\domains\ht.review.com\vendor\codeigniter4\framework\system\CodeIgniter.php(312): CodeIgniter\CodeIgniter->handleRequest(NULL, Object(Config\Cache), false)
#4 E:\OpenServerPanel\domains\ht.review.com\index.php(48): CodeIgniter\CodeIgniter->run()
#5 {main}
CRITICAL - 2022-08-28 05:00:59 --> Illegal string offset 'attribute_catalogue'
#0 E:\OpenServerPanel\domains\ht.review.com\app\Controllers\Backend\Product\Catalogue.php(130): CodeIgniter\Debug\Exceptions->errorHandler(2, 'Illegal string ...', 'E:\\OpenServerPa...', 130, Array)
#1 E:\OpenServerPanel\domains\ht.review.com\vendor\codeigniter4\framework\system\CodeIgniter.php(918): App\Controllers\Backend\Product\Catalogue->update(1)
#2 E:\OpenServerPanel\domains\ht.review.com\vendor\codeigniter4\framework\system\CodeIgniter.php(404): CodeIgniter\CodeIgniter->runController(Object(App\Controllers\Backend\Product\Catalogue))
#3 E:\OpenServerPanel\domains\ht.review.com\vendor\codeigniter4\framework\system\CodeIgniter.php(312): CodeIgniter\CodeIgniter->handleRequest(NULL, Object(Config\Cache), false)
#4 E:\OpenServerPanel\domains\ht.review.com\index.php(48): CodeIgniter\CodeIgniter->run()
#5 {main}
CRITICAL - 2022-08-28 05:00:59 --> Illegal string offset 'attribute_catalogue'
#0 E:\OpenServerPanel\domains\ht.review.com\app\Controllers\Backend\Product\Catalogue.php(130): CodeIgniter\Debug\Exceptions->errorHandler(2, 'Illegal string ...', 'E:\\OpenServerPa...', 130, Array)
#1 E:\OpenServerPanel\domains\ht.review.com\vendor\codeigniter4\framework\system\CodeIgniter.php(918): App\Controllers\Backend\Product\Catalogue->update(1)
#2 E:\OpenServerPanel\domains\ht.review.com\vendor\codeigniter4\framework\system\CodeIgniter.php(404): CodeIgniter\CodeIgniter->runController(Object(App\Controllers\Backend\Product\Catalogue))
#3 E:\OpenServerPanel\domains\ht.review.com\vendor\codeigniter4\framework\system\CodeIgniter.php(312): CodeIgniter\CodeIgniter->handleRequest(NULL, Object(Config\Cache), false)
#4 E:\OpenServerPanel\domains\ht.review.com\index.php(48): CodeIgniter\CodeIgniter->run()
#5 {main}
CRITICAL - 2022-08-28 05:14:00 --> Use of undefined constant data - assumed 'data' (this will throw an Error in a future version of PHP)
#0 E:\OpenServerPanel\domains\ht.review.com\app\Controllers\Ajax\Product.php(27): CodeIgniter\Debug\Exceptions->errorHandler(2, 'Use of undefine...', 'E:\\OpenServerPa...', 27, Array)
#1 E:\OpenServerPanel\domains\ht.review.com\vendor\codeigniter4\framework\system\CodeIgniter.php(918): App\Controllers\Ajax\Product->getAttribute()
#2 E:\OpenServerPanel\domains\ht.review.com\vendor\codeigniter4\framework\system\CodeIgniter.php(404): CodeIgniter\CodeIgniter->runController(Object(App\Controllers\Ajax\Product))
#3 E:\OpenServerPanel\domains\ht.review.com\vendor\codeigniter4\framework\system\CodeIgniter.php(312): CodeIgniter\CodeIgniter->handleRequest(NULL, Object(Config\Cache), false)
#4 E:\OpenServerPanel\domains\ht.review.com\index.php(48): CodeIgniter\CodeIgniter->run()
#5 {main}
CRITICAL - 2022-08-28 05:28:47 --> Invalid argument supplied for foreach()
#0 E:\OpenServerPanel\domains\ht.review.com\app\Controllers\Backend\Product\Product.php(740): CodeIgniter\Debug\Exceptions->errorHandler(2, 'Invalid argumen...', 'E:\\OpenServerPa...', 740, Array)
#1 E:\OpenServerPanel\domains\ht.review.com\app\Controllers\Backend\Product\Product.php(164): App\Controllers\Backend\Product\Product->attribute_relationship(1)
#2 E:\OpenServerPanel\domains\ht.review.com\vendor\codeigniter4\framework\system\CodeIgniter.php(918): App\Controllers\Backend\Product\Product->create()
#3 E:\OpenServerPanel\domains\ht.review.com\vendor\codeigniter4\framework\system\CodeIgniter.php(404): CodeIgniter\CodeIgniter->runController(Object(App\Controllers\Backend\Product\Product))
#4 E:\OpenServerPanel\domains\ht.review.com\vendor\codeigniter4\framework\system\CodeIgniter.php(312): CodeIgniter\CodeIgniter->handleRequest(NULL, Object(Config\Cache), false)
#5 E:\OpenServerPanel\domains\ht.review.com\index.php(48): CodeIgniter\CodeIgniter->run()
#6 {main}
CRITICAL - 2022-08-28 05:29:30 --> Return value of set_value() must be of the type string, array returned
#0 E:\OpenServerPanel\domains\ht.review.com\app\Views\backend\product\product\store.php(413): set_value('attribute', '')
#1 E:\OpenServerPanel\domains\ht.review.com\vendor\codeigniter4\framework\system\View\View.php(246): include('E:\\OpenServerPa...')
#2 E:\OpenServerPanel\domains\ht.review.com\vendor\codeigniter4\framework\system\Common.php(1119): CodeIgniter\View\View->render('backend/product...', Array, true)
#3 E:\OpenServerPanel\domains\ht.review.com\app\Views\backend\product\product\create.php(12): view('backend/product...')
#4 E:\OpenServerPanel\domains\ht.review.com\vendor\codeigniter4\framework\system\View\View.php(246): include('E:\\OpenServerPa...')
#5 E:\OpenServerPanel\domains\ht.review.com\vendor\codeigniter4\framework\system\Common.php(1119): CodeIgniter\View\View->render('backend/product...', Array, true)
#6 E:\OpenServerPanel\domains\ht.review.com\app\Views\backend\dashboard\layout\home.php(44): view('backend/product...')
#7 E:\OpenServerPanel\domains\ht.review.com\vendor\codeigniter4\framework\system\View\View.php(246): include('E:\\OpenServerPa...')
#8 E:\OpenServerPanel\domains\ht.review.com\vendor\codeigniter4\framework\system\Common.php(1119): CodeIgniter\View\View->render('backend/dashboa...', Array, true)
#9 E:\OpenServerPanel\domains\ht.review.com\app\Controllers\Backend\Product\Product.php(178): view('backend/dashboa...', Array)
#10 E:\OpenServerPanel\domains\ht.review.com\vendor\codeigniter4\framework\system\CodeIgniter.php(918): App\Controllers\Backend\Product\Product->create()
#11 E:\OpenServerPanel\domains\ht.review.com\vendor\codeigniter4\framework\system\CodeIgniter.php(404): CodeIgniter\CodeIgniter->runController(Object(App\Controllers\Backend\Product\Product))
#12 E:\OpenServerPanel\domains\ht.review.com\vendor\codeigniter4\framework\system\CodeIgniter.php(312): CodeIgniter\CodeIgniter->handleRequest(NULL, Object(Config\Cache), false)
#13 E:\OpenServerPanel\domains\ht.review.com\index.php(48): CodeIgniter\CodeIgniter->run()
#14 {main}
CRITICAL - 2022-08-28 05:31:25 --> Return value of set_value() must be of the type string, array returned
#0 E:\OpenServerPanel\domains\ht.review.com\app\Views\backend\product\product\store.php(413): set_value('attribute', '')
#1 E:\OpenServerPanel\domains\ht.review.com\vendor\codeigniter4\framework\system\View\View.php(246): include('E:\\OpenServerPa...')
#2 E:\OpenServerPanel\domains\ht.review.com\vendor\codeigniter4\framework\system\Common.php(1119): CodeIgniter\View\View->render('backend/product...', Array, true)
#3 E:\OpenServerPanel\domains\ht.review.com\app\Views\backend\product\product\create.php(12): view('backend/product...')
#4 E:\OpenServerPanel\domains\ht.review.com\vendor\codeigniter4\framework\system\View\View.php(246): include('E:\\OpenServerPa...')
#5 E:\OpenServerPanel\domains\ht.review.com\vendor\codeigniter4\framework\system\Common.php(1119): CodeIgniter\View\View->render('backend/product...', Array, true)
#6 E:\OpenServerPanel\domains\ht.review.com\app\Views\backend\dashboard\layout\home.php(44): view('backend/product...')
#7 E:\OpenServerPanel\domains\ht.review.com\vendor\codeigniter4\framework\system\View\View.php(246): include('E:\\OpenServerPa...')
#8 E:\OpenServerPanel\domains\ht.review.com\vendor\codeigniter4\framework\system\Common.php(1119): CodeIgniter\View\View->render('backend/dashboa...', Array, true)
#9 E:\OpenServerPanel\domains\ht.review.com\app\Controllers\Backend\Product\Product.php(178): view('backend/dashboa...', Array)
#10 E:\OpenServerPanel\domains\ht.review.com\vendor\codeigniter4\framework\system\CodeIgniter.php(918): App\Controllers\Backend\Product\Product->create()
#11 E:\OpenServerPanel\domains\ht.review.com\vendor\codeigniter4\framework\system\CodeIgniter.php(404): CodeIgniter\CodeIgniter->runController(Object(App\Controllers\Backend\Product\Product))
#12 E:\OpenServerPanel\domains\ht.review.com\vendor\codeigniter4\framework\system\CodeIgniter.php(312): CodeIgniter\CodeIgniter->handleRequest(NULL, Object(Config\Cache), false)
#13 E:\OpenServerPanel\domains\ht.review.com\index.php(48): CodeIgniter\CodeIgniter->run()
#14 {main}
CRITICAL - 2022-08-28 05:32:45 --> Return value of set_value() must be of the type string, array returned
#0 E:\OpenServerPanel\domains\ht.review.com\app\Views\backend\product\product\store.php(413): set_value('attribute', '')
#1 E:\OpenServerPanel\domains\ht.review.com\vendor\codeigniter4\framework\system\View\View.php(246): include('E:\\OpenServerPa...')
#2 E:\OpenServerPanel\domains\ht.review.com\vendor\codeigniter4\framework\system\Common.php(1119): CodeIgniter\View\View->render('backend/product...', Array, true)
#3 E:\OpenServerPanel\domains\ht.review.com\app\Views\backend\product\product\create.php(12): view('backend/product...')
#4 E:\OpenServerPanel\domains\ht.review.com\vendor\codeigniter4\framework\system\View\View.php(246): include('E:\\OpenServerPa...')
#5 E:\OpenServerPanel\domains\ht.review.com\vendor\codeigniter4\framework\system\Common.php(1119): CodeIgniter\View\View->render('backend/product...', Array, true)
#6 E:\OpenServerPanel\domains\ht.review.com\app\Views\backend\dashboard\layout\home.php(44): view('backend/product...')
#7 E:\OpenServerPanel\domains\ht.review.com\vendor\codeigniter4\framework\system\View\View.php(246): include('E:\\OpenServerPa...')
#8 E:\OpenServerPanel\domains\ht.review.com\vendor\codeigniter4\framework\system\Common.php(1119): CodeIgniter\View\View->render('backend/dashboa...', Array, true)
#9 E:\OpenServerPanel\domains\ht.review.com\app\Controllers\Backend\Product\Product.php(178): view('backend/dashboa...', Array)
#10 E:\OpenServerPanel\domains\ht.review.com\vendor\codeigniter4\framework\system\CodeIgniter.php(918): App\Controllers\Backend\Product\Product->create()
#11 E:\OpenServerPanel\domains\ht.review.com\vendor\codeigniter4\framework\system\CodeIgniter.php(404): CodeIgniter\CodeIgniter->runController(Object(App\Controllers\Backend\Product\Product))
#12 E:\OpenServerPanel\domains\ht.review.com\vendor\codeigniter4\framework\system\CodeIgniter.php(312): CodeIgniter\CodeIgniter->handleRequest(NULL, Object(Config\Cache), false)
#13 E:\OpenServerPanel\domains\ht.review.com\index.php(48): CodeIgniter\CodeIgniter->run()
#14 {main}
CRITICAL - 2022-08-28 05:42:09 --> Column 'shock' cannot be null
#0 E:\OpenServerPanel\domains\ht.review.com\vendor\codeigniter4\framework\system\Database\MySQLi\Connection.php(331): mysqli->query('INSERT INTO `pr...')
#1 E:\OpenServerPanel\domains\ht.review.com\vendor\codeigniter4\framework\system\Database\BaseConnection.php(741): CodeIgniter\Database\MySQLi\Connection->execute('INSERT INTO `pr...')
#2 E:\OpenServerPanel\domains\ht.review.com\vendor\codeigniter4\framework\system\Database\BaseConnection.php(669): CodeIgniter\Database\BaseConnection->simpleQuery('INSERT INTO `pr...')
#3 E:\OpenServerPanel\domains\ht.review.com\vendor\codeigniter4\framework\system\Database\BaseBuilder.php(2249): CodeIgniter\Database\BaseConnection->query('INSERT INTO `pr...', Array, false)
#4 E:\OpenServerPanel\domains\ht.review.com\app\Models\AutoloadModel.php(90): CodeIgniter\Database\BaseBuilder->insert(Array)
#5 E:\OpenServerPanel\domains\ht.review.com\app\Controllers\Backend\Product\Product.php(139): App\Models\AutoloadModel->_insert(Array)
#6 E:\OpenServerPanel\domains\ht.review.com\vendor\codeigniter4\framework\system\CodeIgniter.php(918): App\Controllers\Backend\Product\Product->create()
#7 E:\OpenServerPanel\domains\ht.review.com\vendor\codeigniter4\framework\system\CodeIgniter.php(404): CodeIgniter\CodeIgniter->runController(Object(App\Controllers\Backend\Product\Product))
#8 E:\OpenServerPanel\domains\ht.review.com\vendor\codeigniter4\framework\system\CodeIgniter.php(312): CodeIgniter\CodeIgniter->handleRequest(NULL, Object(Config\Cache), false)
#9 E:\OpenServerPanel\domains\ht.review.com\index.php(48): CodeIgniter\CodeIgniter->run()
#10 {main}
CRITICAL - 2022-08-28 05:44:13 --> Undefined index: catalogue
#0 E:\OpenServerPanel\domains\ht.review.com\app\Views\backend\product\product\common\attribute_product.php(96): CodeIgniter\Debug\Exceptions->errorHandler(8, 'Undefined index...', 'E:\\OpenServerPa...', 96, Array)
#1 E:\OpenServerPanel\domains\ht.review.com\vendor\codeigniter4\framework\system\View\View.php(246): include('E:\\OpenServerPa...')
#2 E:\OpenServerPanel\domains\ht.review.com\vendor\codeigniter4\framework\system\Common.php(1119): CodeIgniter\View\View->render('backend/product...', Array, true)
#3 E:\OpenServerPanel\domains\ht.review.com\app\Views\backend\product\product\store.php(265): view('backend/product...')
#4 E:\OpenServerPanel\domains\ht.review.com\vendor\codeigniter4\framework\system\View\View.php(246): include('E:\\OpenServerPa...')
#5 E:\OpenServerPanel\domains\ht.review.com\vendor\codeigniter4\framework\system\Common.php(1119): CodeIgniter\View\View->render('backend/product...', Array, true)
#6 E:\OpenServerPanel\domains\ht.review.com\app\Views\backend\product\product\update.php(12): view('backend/product...', Array)
#7 E:\OpenServerPanel\domains\ht.review.com\vendor\codeigniter4\framework\system\View\View.php(246): include('E:\\OpenServerPa...')
#8 E:\OpenServerPanel\domains\ht.review.com\vendor\codeigniter4\framework\system\Common.php(1119): CodeIgniter\View\View->render('backend/product...', Array, true)
#9 E:\OpenServerPanel\domains\ht.review.com\app\Views\backend\dashboard\layout\home.php(44): view('backend/product...')
#10 E:\OpenServerPanel\domains\ht.review.com\vendor\codeigniter4\framework\system\View\View.php(246): include('E:\\OpenServerPa...')
#11 E:\OpenServerPanel\domains\ht.review.com\vendor\codeigniter4\framework\system\Common.php(1119): CodeIgniter\View\View->render('backend/dashboa...', Array, true)
#12 E:\OpenServerPanel\domains\ht.review.com\app\Controllers\Backend\Product\Product.php(269): view('backend/dashboa...', Array)
#13 E:\OpenServerPanel\domains\ht.review.com\vendor\codeigniter4\framework\system\CodeIgniter.php(918): App\Controllers\Backend\Product\Product->update(1)
#14 E:\OpenServerPanel\domains\ht.review.com\vendor\codeigniter4\framework\system\CodeIgniter.php(404): CodeIgniter\CodeIgniter->runController(Object(App\Controllers\Backend\Product\Product))
#15 E:\OpenServerPanel\domains\ht.review.com\vendor\codeigniter4\framework\system\CodeIgniter.php(312): CodeIgniter\CodeIgniter->handleRequest(NULL, Object(Config\Cache), false)
#16 E:\OpenServerPanel\domains\ht.review.com\index.php(48): CodeIgniter\CodeIgniter->run()
#17 {main}
CRITICAL - 2022-08-28 05:44:17 --> Undefined index: catalogue
#0 E:\OpenServerPanel\domains\ht.review.com\app\Views\backend\product\product\common\attribute_product.php(96): CodeIgniter\Debug\Exceptions->errorHandler(8, 'Undefined index...', 'E:\\OpenServerPa...', 96, Array)
#1 E:\OpenServerPanel\domains\ht.review.com\vendor\codeigniter4\framework\system\View\View.php(246): include('E:\\OpenServerPa...')
#2 E:\OpenServerPanel\domains\ht.review.com\vendor\codeigniter4\framework\system\Common.php(1119): CodeIgniter\View\View->render('backend/product...', Array, true)
#3 E:\OpenServerPanel\domains\ht.review.com\app\Views\backend\product\product\store.php(265): view('backend/product...')
#4 E:\OpenServerPanel\domains\ht.review.com\vendor\codeigniter4\framework\system\View\View.php(246): include('E:\\OpenServerPa...')
#5 E:\OpenServerPanel\domains\ht.review.com\vendor\codeigniter4\framework\system\Common.php(1119): CodeIgniter\View\View->render('backend/product...', Array, true)
#6 E:\OpenServerPanel\domains\ht.review.com\app\Views\backend\product\product\update.php(12): view('backend/product...', Array)
#7 E:\OpenServerPanel\domains\ht.review.com\vendor\codeigniter4\framework\system\View\View.php(246): include('E:\\OpenServerPa...')
#8 E:\OpenServerPanel\domains\ht.review.com\vendor\codeigniter4\framework\system\Common.php(1119): CodeIgniter\View\View->render('backend/product...', Array, true)
#9 E:\OpenServerPanel\domains\ht.review.com\app\Views\backend\dashboard\layout\home.php(44): view('backend/product...')
#10 E:\OpenServerPanel\domains\ht.review.com\vendor\codeigniter4\framework\system\View\View.php(246): include('E:\\OpenServerPa...')
#11 E:\OpenServerPanel\domains\ht.review.com\vendor\codeigniter4\framework\system\Common.php(1119): CodeIgniter\View\View->render('backend/dashboa...', Array, true)
#12 E:\OpenServerPanel\domains\ht.review.com\app\Controllers\Backend\Product\Product.php(269): view('backend/dashboa...', Array)
#13 E:\OpenServerPanel\domains\ht.review.com\vendor\codeigniter4\framework\system\CodeIgniter.php(918): App\Controllers\Backend\Product\Product->update(1)
#14 E:\OpenServerPanel\domains\ht.review.com\vendor\codeigniter4\framework\system\CodeIgniter.php(404): CodeIgniter\CodeIgniter->runController(Object(App\Controllers\Backend\Product\Product))
#15 E:\OpenServerPanel\domains\ht.review.com\vendor\codeigniter4\framework\system\CodeIgniter.php(312): CodeIgniter\CodeIgniter->handleRequest(NULL, Object(Config\Cache), false)
#16 E:\OpenServerPanel\domains\ht.review.com\index.php(48): CodeIgniter\CodeIgniter->run()
#17 {main}
CRITICAL - 2022-08-28 06:02:58 --> Undefined variable: get
#0 E:\OpenServerPanel\domains\ht.review.com\app\Controllers\Backend\Product\Product.php(699): CodeIgniter\Debug\Exceptions->errorHandler(8, 'Undefined varia...', 'E:\\OpenServerPa...', 699, Array)
#1 E:\OpenServerPanel\domains\ht.review.com\app\Controllers\Backend\Product\Product.php(136): App\Controllers\Backend\Product\Product->version(1, 'create')
#2 E:\OpenServerPanel\domains\ht.review.com\vendor\codeigniter4\framework\system\CodeIgniter.php(918): App\Controllers\Backend\Product\Product->create()
#3 E:\OpenServerPanel\domains\ht.review.com\vendor\codeigniter4\framework\system\CodeIgniter.php(404): CodeIgniter\CodeIgniter->runController(Object(App\Controllers\Backend\Product\Product))
#4 E:\OpenServerPanel\domains\ht.review.com\vendor\codeigniter4\framework\system\CodeIgniter.php(312): CodeIgniter\CodeIgniter->handleRequest(NULL, Object(Config\Cache), false)
#5 E:\OpenServerPanel\domains\ht.review.com\index.php(48): CodeIgniter\CodeIgniter->run()
#6 {main}
CRITICAL - 2022-08-28 06:10:34 --> syntax error, unexpected 'if' (T_IF)
#0 E:\OpenServerPanel\domains\ht.review.com\vendor\codeigniter4\framework\system\Router\Router.php(195): CodeIgniter\Router\Router->autoRoute('backend/product...')
#1 E:\OpenServerPanel\domains\ht.review.com\vendor\codeigniter4\framework\system\CodeIgniter.php(793): CodeIgniter\Router\Router->handle('backend/product...')
#2 E:\OpenServerPanel\domains\ht.review.com\vendor\codeigniter4\framework\system\CodeIgniter.php(364): CodeIgniter\CodeIgniter->tryToRouteIt(Object(CodeIgniter\Router\RouteCollection))
#3 E:\OpenServerPanel\domains\ht.review.com\vendor\codeigniter4\framework\system\CodeIgniter.php(312): CodeIgniter\CodeIgniter->handleRequest(NULL, Object(Config\Cache), false)
#4 E:\OpenServerPanel\domains\ht.review.com\index.php(48): CodeIgniter\CodeIgniter->run()
#5 {main}
CRITICAL - 2022-08-28 06:10:34 --> syntax error, unexpected 'if' (T_IF)
#0 E:\OpenServerPanel\domains\ht.review.com\vendor\codeigniter4\framework\system\Router\Router.php(195): CodeIgniter\Router\Router->autoRoute('backend/product...')
#1 E:\OpenServerPanel\domains\ht.review.com\vendor\codeigniter4\framework\system\CodeIgniter.php(793): CodeIgniter\Router\Router->handle('backend/product...')
#2 E:\OpenServerPanel\domains\ht.review.com\vendor\codeigniter4\framework\system\CodeIgniter.php(364): CodeIgniter\CodeIgniter->tryToRouteIt(Object(CodeIgniter\Router\RouteCollection))
#3 E:\OpenServerPanel\domains\ht.review.com\vendor\codeigniter4\framework\system\CodeIgniter.php(312): CodeIgniter\CodeIgniter->handleRequest(NULL, Object(Config\Cache), false)
#4 E:\OpenServerPanel\domains\ht.review.com\index.php(48): CodeIgniter\CodeIgniter->run()
#5 {main}
