CRITICAL - 2022-09-22 11:19:43 --> Undefined index: module
#0 G:\DoAnTotNghiep\OpenServer\domains\doantotnghiep.com\app\Controllers\Backend\User\User.php(35): CodeIgniter\Debug\Exceptions->errorHandler(8, 'Undefined index...', 'G:\\DoAnTotNghie...', 35, Array)
#1 G:\DoAnTotNghiep\OpenServer\domains\doantotnghiep.com\vendor\codeigniter4\framework\system\CodeIgniter.php(918): App\Controllers\Backend\User\User->index()
#2 G:\DoAnTotNghiep\OpenServer\domains\doantotnghiep.com\vendor\codeigniter4\framework\system\CodeIgniter.php(404): CodeIgniter\CodeIgniter->runController(Object(App\Controllers\Backend\User\User))
#3 G:\DoAnTotNghiep\OpenServer\domains\doantotnghiep.com\vendor\codeigniter4\framework\system\CodeIgniter.php(312): CodeIgniter\CodeIgniter->handleRequest(NULL, Object(Config\Cache), false)
#4 G:\DoAnTotNghiep\OpenServer\domains\doantotnghiep.com\index.php(48): CodeIgniter\CodeIgniter->run()
#5 {main}
CRITICAL - 2022-09-22 11:32:02 --> Undefined variable: module
#0 G:\DoAnTotNghiep\OpenServer\domains\doantotnghiep.com\app\Views\backend\user\user\index.php(132): CodeIgniter\Debug\Exceptions->errorHandler(8, 'Undefined varia...', 'G:\\DoAnTotNghie...', 132, Array)
#1 G:\DoAnTotNghiep\OpenServer\domains\doantotnghiep.com\vendor\codeigniter4\framework\system\View\View.php(246): include('G:\\DoAnTotNghie...')
#2 G:\DoAnTotNghiep\OpenServer\domains\doantotnghiep.com\vendor\codeigniter4\framework\system\Common.php(1119): CodeIgniter\View\View->render('backend/user/us...', Array, true)
#3 G:\DoAnTotNghiep\OpenServer\domains\doantotnghiep.com\app\Views\backend\dashboard\layout\home.php(44): view('backend/user/us...')
#4 G:\DoAnTotNghiep\OpenServer\domains\doantotnghiep.com\vendor\codeigniter4\framework\system\View\View.php(246): include('G:\\DoAnTotNghie...')
#5 G:\DoAnTotNghiep\OpenServer\domains\doantotnghiep.com\vendor\codeigniter4\framework\system\Common.php(1119): CodeIgniter\View\View->render('backend/dashboa...', Array, true)
#6 G:\DoAnTotNghiep\OpenServer\domains\doantotnghiep.com\app\Controllers\Backend\User\User.php(64): view('backend/dashboa...', Array)
#7 G:\DoAnTotNghiep\OpenServer\domains\doantotnghiep.com\vendor\codeigniter4\framework\system\CodeIgniter.php(918): App\Controllers\Backend\User\User->index()
#8 G:\DoAnTotNghiep\OpenServer\domains\doantotnghiep.com\vendor\codeigniter4\framework\system\CodeIgniter.php(404): CodeIgniter\CodeIgniter->runController(Object(App\Controllers\Backend\User\User))
#9 G:\DoAnTotNghiep\OpenServer\domains\doantotnghiep.com\vendor\codeigniter4\framework\system\CodeIgniter.php(312): CodeIgniter\CodeIgniter->handleRequest(NULL, Object(Config\Cache), false)
#10 G:\DoAnTotNghiep\OpenServer\domains\doantotnghiep.com\index.php(48): CodeIgniter\CodeIgniter->run()
#11 {main}
